2024-08-13 20:38:38,747 DEBUG    root            Loaded Command Group: ['gcloud', 'compute']
2024-08-13 20:38:38,752 DEBUG    root            Loaded Command Group: ['gcloud', 'compute', 'instances']
2024-08-13 20:38:38,763 DEBUG    root            Loaded Command Group: ['gcloud', 'compute', 'instances', 'list']
2024-08-13 20:38:38,765 DEBUG    root            Running [gcloud.compute.instances.list] with arguments: [--filter: "name=radiant-vm"]
2024-08-13 20:38:38,850 DEBUG    google.auth.transport.requests Making request: GET http://metadata.google.internal/computeMetadata/v1/instance/service-accounts/120753539852-compute@developer.gserviceaccount.com/?recursive=true
2024-08-13 20:38:38,852 DEBUG    urllib3.connectionpool Starting new HTTP connection (1): metadata.google.internal:80
2024-08-13 20:38:38,854 DEBUG    urllib3.connectionpool http://metadata.google.internal:80 "GET /computeMetadata/v1/instance/service-accounts/120753539852-compute@developer.gserviceaccount.com/?recursive=true HTTP/1.1" 200 142
2024-08-13 20:38:38,867 DEBUG    google.auth.transport.requests Making request: GET http://metadata.google.internal/computeMetadata/v1/instance/service-accounts/120753539852-compute@developer.gserviceaccount.com/token
2024-08-13 20:38:38,870 DEBUG    urllib3.connectionpool http://metadata.google.internal:80 "GET /computeMetadata/v1/instance/service-accounts/120753539852-compute@developer.gserviceaccount.com/token HTTP/1.1" 200 870
2024-08-13 20:38:39,080 INFO     root            client_filter=None server_filter='name eq ".*\\bradiant\\-vm\\b.*"'
2024-08-13 20:38:39,087 DEBUG    root            Chosen display Format:    table(
      name,
      zone.basename(),
      machineType.machine_type().basename(),
      scheduling.preemptible.yesno(yes=true, no=''),
      networkInterfaces[].networkIP.notnull().list():label=INTERNAL_IP,
      networkInterfaces[].accessConfigs[0].natIP.notnull().list()      :label=EXTERNAL_IP,
      status
    )
2024-08-13 20:38:39,088 INFO     root            Display format: "    table(
      name,
      zone.basename(),
      machineType.machine_type().basename(),
      scheduling.preemptible.yesno(yes=true, no=''),
      networkInterfaces[].networkIP.notnull().list():label=INTERNAL_IP,
      networkInterfaces[].accessConfigs[0].natIP.notnull().list()      :label=EXTERNAL_IP,
      status
    )"
2024-08-13 20:38:39,091 DEBUG    urllib3.connectionpool Starting new HTTPS connection (1): compute.googleapis.com:443
2024-08-13 20:38:39,504 DEBUG    urllib3.connectionpool https://compute.googleapis.com:443 "GET /compute/v1/projects/still-totality-432312-r8/aggregated/instances?alt=json&includeAllScopes=True&maxResults=500&returnPartialSuccess=True HTTP/1.1" 200 None
2024-08-13 20:38:39,526 INFO     ___FILE_ONLY___ NAME
2024-08-13 20:38:39,526 INFO     ___FILE_ONLY___         
2024-08-13 20:38:39,527 INFO     ___FILE_ONLY___ ZONE
2024-08-13 20:38:39,527 INFO     ___FILE_ONLY___                        
2024-08-13 20:38:39,527 INFO     ___FILE_ONLY___ MACHINE_TYPE
2024-08-13 20:38:39,527 INFO     ___FILE_ONLY___   
2024-08-13 20:38:39,527 INFO     ___FILE_ONLY___ PREEMPTIBLE
2024-08-13 20:38:39,527 INFO     ___FILE_ONLY___   
2024-08-13 20:38:39,527 INFO     ___FILE_ONLY___ INTERNAL_IP
2024-08-13 20:38:39,527 INFO     ___FILE_ONLY___   
2024-08-13 20:38:39,527 INFO     ___FILE_ONLY___ EXTERNAL_IP
2024-08-13 20:38:39,527 INFO     ___FILE_ONLY___     
2024-08-13 20:38:39,527 INFO     ___FILE_ONLY___ STATUS
2024-08-13 20:38:39,527 INFO     ___FILE_ONLY___ 

2024-08-13 20:38:39,527 INFO     ___FILE_ONLY___ radiant-vm
2024-08-13 20:38:39,527 INFO     ___FILE_ONLY___   
2024-08-13 20:38:39,527 INFO     ___FILE_ONLY___ northamerica-northeast2-c
2024-08-13 20:38:39,527 INFO     ___FILE_ONLY___   
2024-08-13 20:38:39,527 INFO     ___FILE_ONLY___ e2-small
2024-08-13 20:38:39,528 INFO     ___FILE_ONLY___                    
2024-08-13 20:38:39,528 INFO     ___FILE_ONLY___ 10.188.0.2
2024-08-13 20:38:39,528 INFO     ___FILE_ONLY___    
2024-08-13 20:38:39,528 INFO     ___FILE_ONLY___ 34.130.146.27
2024-08-13 20:38:39,528 INFO     ___FILE_ONLY___   
2024-08-13 20:38:39,528 INFO     ___FILE_ONLY___ RUNNING
2024-08-13 20:38:39,528 INFO     ___FILE_ONLY___ 

2024-08-13 20:38:39,528 DEBUG    root            SDK update checks are disabled.
