2024-08-12 19:06:18,460 DEBUG    root            Loaded Command Group: ['gcloud', 'init']
2024-08-12 19:06:18,462 DEBUG    root            Running [gcloud.init] with arguments: []
2024-08-12 19:06:18,462 INFO     ___FILE_ONLY___ Welcome! This command will take you through the configuration of gcloud.


2024-08-12 19:06:18,463 INFO     ___FILE_ONLY___ Your current configuration has been set to: [default]


2024-08-12 19:06:18,463 INFO     ___FILE_ONLY___ You can skip diagnostics next time by using the following flag:

2024-08-12 19:06:18,463 INFO     ___FILE_ONLY___   gcloud init --skip-diagnostics


2024-08-12 19:06:18,480 INFO     ___FILE_ONLY___ Network diagnostic detects and fixes local network connection issues.

2024-08-12 19:06:18,480 INFO     ___FILE_ONLY___ Checking network connection...
2024-08-12 19:06:19,859 DEBUG    urllib3.connectionpool Starting new HTTPS connection (1): accounts.google.com:443
2024-08-12 19:06:20,050 DEBUG    urllib3.connectionpool https://accounts.google.com:443 "GET / HTTP/1.1" 302 365
2024-08-12 19:06:20,196 DEBUG    urllib3.connectionpool https://accounts.google.com:443 "GET /ServiceLogin?passive=1209600&continue=https%3A%2F%2Faccounts.google.com%2F&followup=https%3A%2F%2Faccounts.google.com%2F HTTP/1.1" 302 0
2024-08-12 19:06:20,240 DEBUG    urllib3.connectionpool https://accounts.google.com:443 "GET /InteractiveLogin?continue=https://accounts.google.com/&followup=https://accounts.google.com/&passive=1209600&ifkv=Ab5oB3q-dVMaNSNdP9CAEeOvQnJLR3YS1vlpngatt8WHCQf86odpoBtXb7zYkSV0348j2Vdg5dS0 HTTP/1.1" 302 553
2024-08-12 19:06:20,409 DEBUG    urllib3.connectionpool https://accounts.google.com:443 "GET /v3/signin/identifier?continue=https%3A%2F%2Faccounts.google.com%2F&followup=https%3A%2F%2Faccounts.google.com%2F&ifkv=Ab5oB3r-FS_r2VC8kMm5nCPEq6SbhK_cn-5XIgU61D3hhpXxBJgtoKUzcqQqW5XTq5vT2vdEY1FJ&passive=1209600&flowName=WebLiteSignIn&flowEntry=ServiceLogin&dsh=S-1088901136%3A1723489580222772 HTTP/1.1" 200 None
2024-08-12 19:06:20,448 DEBUG    urllib3.connectionpool Starting new HTTPS connection (1): cloudresourcemanager.googleapis.com:443
2024-08-12 19:06:20,630 DEBUG    urllib3.connectionpool https://cloudresourcemanager.googleapis.com:443 "GET /v1beta1/projects HTTP/1.1" 401 None
2024-08-12 19:06:20,633 DEBUG    urllib3.connectionpool Starting new HTTPS connection (1): www.googleapis.com:443
2024-08-12 19:06:20,727 DEBUG    urllib3.connectionpool https://www.googleapis.com:443 "GET /auth/cloud-platform HTTP/1.1" 200 14
2024-08-12 19:06:20,730 DEBUG    urllib3.connectionpool Starting new HTTPS connection (1): dl.google.com:443
2024-08-12 19:06:20,949 DEBUG    urllib3.connectionpool https://dl.google.com:443 "GET /dl/cloudsdk/channels/rapid/components-2.json HTTP/1.1" 200 223380
2024-08-12 19:06:21,086 INFO     ___FILE_ONLY___ Reachability Check passed.

2024-08-12 19:06:21,086 INFO     ___FILE_ONLY___ Network diagnostic passed (1/1 checks passed).


2024-08-12 19:10:11,616 INFO     ___FILE_ONLY___ You are signed in as: [120753539852-compute@developer.gserviceaccount.com].


2024-08-12 19:10:11,708 DEBUG    google.auth.transport.requests Making request: GET http://metadata.google.internal/computeMetadata/v1/instance/service-accounts/120753539852-compute@developer.gserviceaccount.com/?recursive=true
2024-08-12 19:10:11,710 DEBUG    urllib3.connectionpool Starting new HTTP connection (1): metadata.google.internal:80
2024-08-12 19:10:11,712 DEBUG    urllib3.connectionpool http://metadata.google.internal:80 "GET /computeMetadata/v1/instance/service-accounts/120753539852-compute@developer.gserviceaccount.com/?recursive=true HTTP/1.1" 200 197
2024-08-12 19:10:11,713 DEBUG    google.auth.transport.requests Making request: GET http://metadata.google.internal/computeMetadata/v1/instance/service-accounts/120753539852-compute@developer.gserviceaccount.com/token
2024-08-12 19:10:11,738 DEBUG    urllib3.connectionpool http://metadata.google.internal:80 "GET /computeMetadata/v1/instance/service-accounts/120753539852-compute@developer.gserviceaccount.com/token HTTP/1.1" 200 869
2024-08-12 19:10:11,769 DEBUG    urllib3.connectionpool Starting new HTTPS connection (1): cloudresourcemanager.googleapis.com:443
2024-08-12 19:10:11,965 DEBUG    urllib3.connectionpool https://cloudresourcemanager.googleapis.com:443 "GET /v1/projects?alt=json&filter=lifecycleState%3AACTIVE&pageSize=201 HTTP/1.1" 403 None
2024-08-12 19:10:11,968 WARNING  root            Listing available projects failed: HttpError accessing <https://cloudresourcemanager.googleapis.com/v1/projects?alt=json&filter=lifecycleState%3AACTIVE&pageSize=201>: response: <{'www-authenticate': 'Bearer realm="https://accounts.google.com/", error="insufficient_scope", scope="https://www.googleapis.com/auth/cloud-platform https://www.googleapis.com/auth/cloud-platform.read-only https://www.googleapis.com/auth/cloudplatformprojects https://www.googleapis.com/auth/cloudplatformprojects.readonly"', 'vary': 'Origin, X-Origin, Referer', 'content-type': 'application/json; charset=UTF-8', 'content-encoding': 'gzip', 'date': 'Mon, 12 Aug 2024 19:10:11 GMT', 'server': 'ESF', 'cache-control': 'private', 'x-xss-protection': '0', 'x-frame-options': 'SAMEORIGIN', 'x-content-type-options': 'nosniff', 'server-timing': 'gfet4t7; dur=145', 'transfer-encoding': 'chunked', 'status': 403}>, content <{
  "error": {
    "code": 403,
    "message": "Request had insufficient authentication scopes.",
    "status": "PERMISSION_DENIED",
    "details": [
      {
        "@type": "type.googleapis.com/google.rpc.ErrorInfo",
        "reason": "ACCESS_TOKEN_SCOPE_INSUFFICIENT",
        "domain": "googleapis.com",
        "metadata": {
          "method": "google.cloudresourcemanager.v1.Projects.ListProjects",
          "service": "cloudresourcemanager.googleapis.com"
        }
      }
    ]
  }
}
>
2024-08-12 19:10:31,847 INFO     ___FILE_ONLY___ Your current project has been set to: [radiant-builder-vm].


2024-08-12 19:10:31,971 DEBUG    root            Loaded Command Group: ['gcloud', 'compute']
2024-08-12 19:10:31,983 DEBUG    root            Loaded Command Group: ['gcloud', 'compute', 'project_info']
2024-08-12 19:10:32,003 DEBUG    root            Loaded Command Group: ['gcloud', 'compute', 'project-info', 'describe']
2024-08-12 19:10:32,005 INFO     root            Executing: [gcloud compute project-info describe --quiet]
2024-08-12 19:10:32,006 DEBUG    root            Running [gcloud.compute.project-info.describe] with arguments: [--no-user-output-enabled: "false", --quiet: "True", --verbosity: "none"]
2024-08-12 19:10:32,231 DEBUG    urllib3.connectionpool Starting new HTTPS connection (1): compute.googleapis.com:443
2024-08-12 19:10:32,329 DEBUG    urllib3.connectionpool https://compute.googleapis.com:443 "GET /compute/v1/projects/radiant-builder-vm?alt=json HTTP/1.1" 403 None
2024-08-12 19:10:32,332 DEBUG    root            Chosen display Format:list[title="Could not fetch resource:",always-display-title]
2024-08-12 19:10:32,332 DEBUG    root            (gcloud.compute.project-info.describe) Could not fetch resource:
 - Request had insufficient authentication scopes.
Traceback (most recent call last):
  File "/snap/google-cloud-cli/260/lib/googlecloudsdk/calliope/cli.py", line 998, in Execute
    resources = calliope_command.Run(cli=self, args=args)
                ^^^^^^^^^^^^^^^^^^^^^^^^^^^^^^^^^^^^^^^^^
  File "/snap/google-cloud-cli/260/lib/googlecloudsdk/calliope/backend.py", line 822, in Run
    resources = command_instance.Run(args)
                ^^^^^^^^^^^^^^^^^^^^^^^^^^
  File "/snap/google-cloud-cli/260/lib/surface/compute/project_info/describe.py", line 37, in Run
    return client.MakeRequests([(client.apitools_client.projects, 'Get',
           ^^^^^^^^^^^^^^^^^^^^^^^^^^^^^^^^^^^^^^^^^^^^^^^^^^^^^^^^^^^^^
  File "/snap/google-cloud-cli/260/lib/googlecloudsdk/api_lib/compute/client_adapter.py", line 145, in MakeRequests
    utils.RaiseToolException(
  File "/snap/google-cloud-cli/260/lib/googlecloudsdk/api_lib/compute/utils.py", line 139, in RaiseToolException
    RaiseException(problems, calliope_exceptions.ToolException, error_message)
  File "/snap/google-cloud-cli/260/lib/googlecloudsdk/api_lib/compute/utils.py", line 148, in RaiseException
    raise exception(
googlecloudsdk.calliope.exceptions.ToolException: Could not fetch resource:
 - Request had insufficient authentication scopes.

2024-08-12 19:10:32,343 ERROR    root            (gcloud.compute.project-info.describe) Could not fetch resource:
 - Request had insufficient authentication scopes.

2024-08-12 19:10:32,343 INFO     root            [compute project-info describe --quiet] has failed

2024-08-12 19:10:32,343 INFO     ___FILE_ONLY___ Not setting default zone/region (this feature makes it easier to use
[gcloud compute] by setting an appropriate default value for the
--zone and --region flag).
See https://cloud.google.com/compute/docs/gcloud-compute section on how to set
default compute region and zone manually. If you would like [gcloud init] to be
able to do this for you the next time you run it, make sure the
Compute Engine API is enabled for your project on the
https://console.developers.google.com/apis page.


2024-08-12 19:10:32,344 DEBUG    root            Executing command: ['/snap/google-cloud-cli/260/bin/gsutil', 'config', '-n', '-o', '/home/affiliatework2016/.boto']
2024-08-12 19:10:34,838 DEBUG    ___FILE_ONLY___ 
2024-08-12 19:10:34,839 DEBUG    ___FILE_ONLY___ This command will create a boto config file at
/home/affiliatework2016/.boto containing your credentials, based on
your responses to the following questions.

Boto config file "/home/affiliatework2016/.boto" created. If you need
to use a proxy to access the Internet please see the instructions in
that file.

2024-08-12 19:10:34,839 INFO     ___FILE_ONLY___ Created a default .boto configuration file at [/home/affiliatework2016/.boto]. See this file and
[https://cloud.google.com/storage/docs/gsutil/commands/config] for more
information about configuring Google Cloud Storage.

2024-08-12 19:10:34,839 INFO     ___FILE_ONLY___ The Google Cloud CLI is configured and ready to use!


2024-08-12 19:10:34,839 INFO     ___FILE_ONLY___ * Commands that require authentication will use 120753539852-compute@developer.gserviceaccount.com by default

2024-08-12 19:10:34,839 INFO     ___FILE_ONLY___ * Commands will reference project `radiant-builder-vm` by default

2024-08-12 19:10:34,839 INFO     ___FILE_ONLY___ Run `gcloud help config` to learn how to change individual settings


2024-08-12 19:10:34,839 INFO     ___FILE_ONLY___ This gcloud configuration is called [default]. You can create additional configurations if you work with multiple accounts and/or projects.

2024-08-12 19:10:34,840 INFO     ___FILE_ONLY___ Run `gcloud topic configurations` to learn more.


2024-08-12 19:10:34,840 INFO     ___FILE_ONLY___ Some things to try next:


2024-08-12 19:10:34,840 INFO     ___FILE_ONLY___ * Run `gcloud --help` to see the Cloud Platform services you can interact with. And run `gcloud help COMMAND` to get help on any gcloud command.

2024-08-12 19:10:34,840 INFO     ___FILE_ONLY___ * Run `gcloud topic --help` to learn about advanced features of the CLI like arg files and output formatting

2024-08-12 19:10:34,840 INFO     ___FILE_ONLY___ * Run `gcloud cheat-sheet` to see a roster of go-to `gcloud` commands.

2024-08-12 19:10:34,840 DEBUG    root            Chosen display Format:default
2024-08-12 19:10:34,842 INFO     root            Display format: "default"
2024-08-12 19:10:34,842 DEBUG    root            SDK update checks are disabled.
