2024-08-12 19:18:01,586 DEBUG    root            Loaded Command Group: ['gcloud', 'init']
2024-08-12 19:18:01,589 DEBUG    root            Running [gcloud.init] with arguments: []
2024-08-12 19:18:01,589 INFO     ___FILE_ONLY___ Welcome! This command will take you through the configuration of gcloud.


2024-08-12 19:18:01,590 INFO     ___FILE_ONLY___ Settings from your current configuration [default] are:

2024-08-12 19:18:01,594 INFO     ___FILE_ONLY___ core:
  account: 120753539852-compute@developer.gserviceaccount.com
  disable_usage_reporting: 'True'
  project: radiant-builder-vm

2024-08-12 19:18:01,594 INFO     ___FILE_ONLY___ 

2024-08-12 19:18:21,168 INFO     ___FILE_ONLY___ Your current configuration has been set to: [default]


2024-08-12 19:18:21,168 INFO     ___FILE_ONLY___ You can skip diagnostics next time by using the following flag:

2024-08-12 19:18:21,168 INFO     ___FILE_ONLY___   gcloud init --skip-diagnostics


2024-08-12 19:18:21,183 INFO     ___FILE_ONLY___ Network diagnostic detects and fixes local network connection issues.

2024-08-12 19:18:21,183 INFO     ___FILE_ONLY___ Checking network connection...
2024-08-12 19:18:22,606 DEBUG    urllib3.connectionpool Starting new HTTPS connection (1): accounts.google.com:443
2024-08-12 19:18:22,796 DEBUG    urllib3.connectionpool https://accounts.google.com:443 "GET / HTTP/1.1" 302 365
2024-08-12 19:18:22,949 DEBUG    urllib3.connectionpool https://accounts.google.com:443 "GET /ServiceLogin?passive=1209600&continue=https%3A%2F%2Faccounts.google.com%2F&followup=https%3A%2F%2Faccounts.google.com%2F HTTP/1.1" 302 0
2024-08-12 19:18:22,998 DEBUG    urllib3.connectionpool https://accounts.google.com:443 "GET /InteractiveLogin?continue=https://accounts.google.com/&followup=https://accounts.google.com/&passive=1209600&ifkv=Ab5oB3qCYMwkyBG_28FYP2H863-6TKrWGiJKWFtzB93RDLXyrStzc11mYHdF9HxgIw8_Qf7VNCYMGw HTTP/1.1" 302 555
2024-08-12 19:18:23,168 DEBUG    urllib3.connectionpool https://accounts.google.com:443 "GET /v3/signin/identifier?continue=https%3A%2F%2Faccounts.google.com%2F&followup=https%3A%2F%2Faccounts.google.com%2F&ifkv=Ab5oB3pUHhEYYZXnpCoKtJsaU6MJ5CM8kZ3Y1mnqzbdx0ye9PqbuIf04SbeadbLbCxwtJKIGBBSCJw&passive=1209600&flowName=WebLiteSignIn&flowEntry=ServiceLogin&dsh=S-1825348071%3A1723490302979315 HTTP/1.1" 200 None
2024-08-12 19:18:23,207 DEBUG    urllib3.connectionpool Starting new HTTPS connection (1): cloudresourcemanager.googleapis.com:443
2024-08-12 19:18:23,395 DEBUG    urllib3.connectionpool https://cloudresourcemanager.googleapis.com:443 "GET /v1beta1/projects HTTP/1.1" 401 None
2024-08-12 19:18:23,398 DEBUG    urllib3.connectionpool Starting new HTTPS connection (1): www.googleapis.com:443
2024-08-12 19:18:23,595 DEBUG    urllib3.connectionpool https://www.googleapis.com:443 "GET /auth/cloud-platform HTTP/1.1" 200 14
2024-08-12 19:18:23,598 DEBUG    urllib3.connectionpool Starting new HTTPS connection (1): dl.google.com:443
2024-08-12 19:18:23,809 DEBUG    urllib3.connectionpool https://dl.google.com:443 "GET /dl/cloudsdk/channels/rapid/components-2.json HTTP/1.1" 200 223380
2024-08-12 19:18:23,989 INFO     ___FILE_ONLY___ Reachability Check passed.

2024-08-12 19:18:23,989 INFO     ___FILE_ONLY___ Network diagnostic passed (1/1 checks passed).


2024-08-12 19:18:30,481 INFO     ___FILE_ONLY___ You are signed in as: [120753539852-compute@developer.gserviceaccount.com].


2024-08-12 19:18:30,525 DEBUG    urllib3.connectionpool Starting new HTTPS connection (1): cloudresourcemanager.googleapis.com:443
2024-08-12 19:18:30,715 DEBUG    urllib3.connectionpool https://cloudresourcemanager.googleapis.com:443 "GET /v1/projects?alt=json&filter=lifecycleState%3AACTIVE&pageSize=201 HTTP/1.1" 403 None
2024-08-12 19:18:30,717 WARNING  root            Listing available projects failed: HttpError accessing <https://cloudresourcemanager.googleapis.com/v1/projects?alt=json&filter=lifecycleState%3AACTIVE&pageSize=201>: response: <{'www-authenticate': 'Bearer realm="https://accounts.google.com/", error="insufficient_scope", scope="https://www.googleapis.com/auth/cloud-platform https://www.googleapis.com/auth/cloud-platform.read-only https://www.googleapis.com/auth/cloudplatformprojects https://www.googleapis.com/auth/cloudplatformprojects.readonly"', 'vary': 'Origin, X-Origin, Referer', 'content-type': 'application/json; charset=UTF-8', 'content-encoding': 'gzip', 'date': 'Mon, 12 Aug 2024 19:18:30 GMT', 'server': 'ESF', 'cache-control': 'private', 'x-xss-protection': '0', 'x-frame-options': 'SAMEORIGIN', 'x-content-type-options': 'nosniff', 'server-timing': 'gfet4t7; dur=140', 'transfer-encoding': 'chunked', 'status': 403}>, content <{
  "error": {
    "code": 403,
    "message": "Request had insufficient authentication scopes.",
    "status": "PERMISSION_DENIED",
    "details": [
      {
        "@type": "type.googleapis.com/google.rpc.ErrorInfo",
        "reason": "ACCESS_TOKEN_SCOPE_INSUFFICIENT",
        "domain": "googleapis.com",
        "metadata": {
          "method": "google.cloudresourcemanager.v1.Projects.ListProjects",
          "service": "cloudresourcemanager.googleapis.com"
        }
      }
    ]
  }
}
>
2024-08-12 19:18:38,645 INFO     ___FILE_ONLY___ Your current project has been set to: [radiant-builder-vm].


2024-08-12 19:18:38,730 DEBUG    root            Loaded Command Group: ['gcloud', 'compute']
2024-08-12 19:18:38,735 DEBUG    root            Loaded Command Group: ['gcloud', 'compute', 'project_info']
2024-08-12 19:18:38,754 DEBUG    root            Loaded Command Group: ['gcloud', 'compute', 'project-info', 'describe']
2024-08-12 19:18:38,756 INFO     root            Executing: [gcloud compute project-info describe --quiet]
2024-08-12 19:18:38,757 DEBUG    root            Running [gcloud.compute.project-info.describe] with arguments: [--no-user-output-enabled: "false", --quiet: "True", --verbosity: "none"]
2024-08-12 19:18:38,944 DEBUG    urllib3.connectionpool Starting new HTTPS connection (1): compute.googleapis.com:443
2024-08-12 19:18:39,042 DEBUG    urllib3.connectionpool https://compute.googleapis.com:443 "GET /compute/v1/projects/radiant-builder-vm?alt=json HTTP/1.1" 403 None
2024-08-12 19:18:39,044 DEBUG    root            Chosen display Format:list[title="Could not fetch resource:",always-display-title]
2024-08-12 19:18:39,045 DEBUG    root            (gcloud.compute.project-info.describe) Could not fetch resource:
 - Request had insufficient authentication scopes.
Traceback (most recent call last):
  File "/snap/google-cloud-cli/260/lib/googlecloudsdk/calliope/cli.py", line 998, in Execute
    resources = calliope_command.Run(cli=self, args=args)
                ^^^^^^^^^^^^^^^^^^^^^^^^^^^^^^^^^^^^^^^^^
  File "/snap/google-cloud-cli/260/lib/googlecloudsdk/calliope/backend.py", line 822, in Run
    resources = command_instance.Run(args)
                ^^^^^^^^^^^^^^^^^^^^^^^^^^
  File "/snap/google-cloud-cli/260/lib/surface/compute/project_info/describe.py", line 37, in Run
    return client.MakeRequests([(client.apitools_client.projects, 'Get',
           ^^^^^^^^^^^^^^^^^^^^^^^^^^^^^^^^^^^^^^^^^^^^^^^^^^^^^^^^^^^^^
  File "/snap/google-cloud-cli/260/lib/googlecloudsdk/api_lib/compute/client_adapter.py", line 145, in MakeRequests
    utils.RaiseToolException(
  File "/snap/google-cloud-cli/260/lib/googlecloudsdk/api_lib/compute/utils.py", line 139, in RaiseToolException
    RaiseException(problems, calliope_exceptions.ToolException, error_message)
  File "/snap/google-cloud-cli/260/lib/googlecloudsdk/api_lib/compute/utils.py", line 148, in RaiseException
    raise exception(
googlecloudsdk.calliope.exceptions.ToolException: Could not fetch resource:
 - Request had insufficient authentication scopes.

2024-08-12 19:18:39,046 ERROR    root            (gcloud.compute.project-info.describe) Could not fetch resource:
 - Request had insufficient authentication scopes.

2024-08-12 19:18:39,049 INFO     root            [compute project-info describe --quiet] has failed

2024-08-12 19:18:39,049 INFO     ___FILE_ONLY___ Not setting default zone/region (this feature makes it easier to use
[gcloud compute] by setting an appropriate default value for the
--zone and --region flag).
See https://cloud.google.com/compute/docs/gcloud-compute section on how to set
default compute region and zone manually. If you would like [gcloud init] to be
able to do this for you the next time you run it, make sure the
Compute Engine API is enabled for your project on the
https://console.developers.google.com/apis page.


2024-08-12 19:18:39,050 DEBUG    root            Not configuring default .boto file. File already exists at [/home/affiliatework2016/.boto].
2024-08-12 19:18:39,050 INFO     ___FILE_ONLY___ The Google Cloud CLI is configured and ready to use!


2024-08-12 19:18:39,050 INFO     ___FILE_ONLY___ * Commands that require authentication will use 120753539852-compute@developer.gserviceaccount.com by default

2024-08-12 19:18:39,050 INFO     ___FILE_ONLY___ * Commands will reference project `radiant-builder-vm` by default

2024-08-12 19:18:39,050 INFO     ___FILE_ONLY___ Run `gcloud help config` to learn how to change individual settings


2024-08-12 19:18:39,050 INFO     ___FILE_ONLY___ This gcloud configuration is called [default]. You can create additional configurations if you work with multiple accounts and/or projects.

2024-08-12 19:18:39,050 INFO     ___FILE_ONLY___ Run `gcloud topic configurations` to learn more.


2024-08-12 19:18:39,050 INFO     ___FILE_ONLY___ Some things to try next:


2024-08-12 19:18:39,050 INFO     ___FILE_ONLY___ * Run `gcloud --help` to see the Cloud Platform services you can interact with. And run `gcloud help COMMAND` to get help on any gcloud command.

2024-08-12 19:18:39,051 INFO     ___FILE_ONLY___ * Run `gcloud topic --help` to learn about advanced features of the CLI like arg files and output formatting

2024-08-12 19:18:39,051 INFO     ___FILE_ONLY___ * Run `gcloud cheat-sheet` to see a roster of go-to `gcloud` commands.

2024-08-12 19:18:39,051 DEBUG    root            Chosen display Format:default
2024-08-12 19:18:39,052 INFO     root            Display format: "default"
2024-08-12 19:18:39,052 DEBUG    root            SDK update checks are disabled.
