2024-08-12 19:29:39,435 DEBUG    root            Loaded Command Group: ['gcloud', 'init']
2024-08-12 19:29:39,437 DEBUG    root            Running [gcloud.init] with arguments: []
2024-08-12 19:29:39,437 INFO     ___FILE_ONLY___ Welcome! This command will take you through the configuration of gcloud.


2024-08-12 19:29:39,438 INFO     ___FILE_ONLY___ Settings from your current configuration [default] are:

2024-08-12 19:29:39,443 INFO     ___FILE_ONLY___ core:
  account: 120753539852-compute@developer.gserviceaccount.com
  disable_usage_reporting: 'True'
  project: still-totality-432312-r8

2024-08-12 19:29:39,443 INFO     ___FILE_ONLY___ 

2024-08-12 19:29:45,989 INFO     ___FILE_ONLY___ Your current configuration has been set to: [default]


2024-08-12 19:29:45,989 INFO     ___FILE_ONLY___ You can skip diagnostics next time by using the following flag:

2024-08-12 19:29:45,989 INFO     ___FILE_ONLY___   gcloud init --skip-diagnostics


2024-08-12 19:29:45,994 INFO     ___FILE_ONLY___ Network diagnostic detects and fixes local network connection issues.

2024-08-12 19:29:45,995 INFO     ___FILE_ONLY___ Checking network connection...
2024-08-12 19:29:47,260 DEBUG    urllib3.connectionpool Starting new HTTPS connection (1): accounts.google.com:443
2024-08-12 19:29:47,451 DEBUG    urllib3.connectionpool https://accounts.google.com:443 "GET / HTTP/1.1" 302 365
2024-08-12 19:29:47,598 DEBUG    urllib3.connectionpool https://accounts.google.com:443 "GET /ServiceLogin?passive=1209600&continue=https%3A%2F%2Faccounts.google.com%2F&followup=https%3A%2F%2Faccounts.google.com%2F HTTP/1.1" 302 0
2024-08-12 19:29:47,649 DEBUG    urllib3.connectionpool https://accounts.google.com:443 "GET /InteractiveLogin?continue=https://accounts.google.com/&followup=https://accounts.google.com/&passive=1209600&ifkv=Ab5oB3qIBiR8RfEQXbU4KOF94qylQxhEphdEfKgNbmbnGuadDCvAS7-GNtHsrONmHNPMyInjDDvNvg HTTP/1.1" 302 553
2024-08-12 19:29:47,814 DEBUG    urllib3.connectionpool https://accounts.google.com:443 "GET /v3/signin/identifier?continue=https%3A%2F%2Faccounts.google.com%2F&followup=https%3A%2F%2Faccounts.google.com%2F&ifkv=Ab5oB3pU4ICzPlvPHHZCPOmuCBpQhdT7ERoODis9BTYJPOEkOuK5hSSSk_GC6tRTDwBmZF_DPEXG8Q&passive=1209600&flowName=WebLiteSignIn&flowEntry=ServiceLogin&dsh=S822788129%3A1723490987627713 HTTP/1.1" 200 None
2024-08-12 19:29:47,860 DEBUG    urllib3.connectionpool Starting new HTTPS connection (1): cloudresourcemanager.googleapis.com:443
2024-08-12 19:29:48,045 DEBUG    urllib3.connectionpool https://cloudresourcemanager.googleapis.com:443 "GET /v1beta1/projects HTTP/1.1" 401 None
2024-08-12 19:29:48,049 DEBUG    urllib3.connectionpool Starting new HTTPS connection (1): www.googleapis.com:443
2024-08-12 19:29:48,225 DEBUG    urllib3.connectionpool https://www.googleapis.com:443 "GET /auth/cloud-platform HTTP/1.1" 200 14
2024-08-12 19:29:48,229 DEBUG    urllib3.connectionpool Starting new HTTPS connection (1): dl.google.com:443
2024-08-12 19:29:48,445 DEBUG    urllib3.connectionpool https://dl.google.com:443 "GET /dl/cloudsdk/channels/rapid/components-2.json HTTP/1.1" 200 223380
2024-08-12 19:29:48,604 INFO     ___FILE_ONLY___ Reachability Check passed.

2024-08-12 19:29:48,605 INFO     ___FILE_ONLY___ Network diagnostic passed (1/1 checks passed).


2024-08-12 19:29:55,208 INFO     ___FILE_ONLY___ You are signed in as: [120753539852-compute@developer.gserviceaccount.com].


2024-08-12 19:29:55,245 DEBUG    urllib3.connectionpool Starting new HTTPS connection (1): cloudresourcemanager.googleapis.com:443
2024-08-12 19:29:55,437 DEBUG    urllib3.connectionpool https://cloudresourcemanager.googleapis.com:443 "GET /v1/projects?alt=json&filter=lifecycleState%3AACTIVE&pageSize=201 HTTP/1.1" 403 None
2024-08-12 19:29:55,441 WARNING  root            Listing available projects failed: HttpError accessing <https://cloudresourcemanager.googleapis.com/v1/projects?alt=json&filter=lifecycleState%3AACTIVE&pageSize=201>: response: <{'www-authenticate': 'Bearer realm="https://accounts.google.com/", error="insufficient_scope", scope="https://www.googleapis.com/auth/cloud-platform https://www.googleapis.com/auth/cloud-platform.read-only https://www.googleapis.com/auth/cloudplatformprojects https://www.googleapis.com/auth/cloudplatformprojects.readonly"', 'vary': 'Origin, X-Origin, Referer', 'content-type': 'application/json; charset=UTF-8', 'content-encoding': 'gzip', 'date': 'Mon, 12 Aug 2024 19:29:55 GMT', 'server': 'ESF', 'cache-control': 'private', 'x-xss-protection': '0', 'x-frame-options': 'SAMEORIGIN', 'x-content-type-options': 'nosniff', 'server-timing': 'gfet4t7; dur=143', 'transfer-encoding': 'chunked', 'status': 403}>, content <{
  "error": {
    "code": 403,
    "message": "Request had insufficient authentication scopes.",
    "status": "PERMISSION_DENIED",
    "details": [
      {
        "@type": "type.googleapis.com/google.rpc.ErrorInfo",
        "reason": "ACCESS_TOKEN_SCOPE_INSUFFICIENT",
        "domain": "googleapis.com",
        "metadata": {
          "method": "google.cloudresourcemanager.v1.Projects.ListProjects",
          "service": "cloudresourcemanager.googleapis.com"
        }
      }
    ]
  }
}
>
2024-08-12 19:30:25,190 INFO     ___FILE_ONLY___ Your current project has been set to: [still-totality-432312-r8].


2024-08-12 19:30:25,226 DEBUG    root            Loaded Command Group: ['gcloud', 'compute']
2024-08-12 19:30:25,229 DEBUG    root            Loaded Command Group: ['gcloud', 'compute', 'project_info']
2024-08-12 19:30:25,236 DEBUG    root            Loaded Command Group: ['gcloud', 'compute', 'project-info', 'describe']
2024-08-12 19:30:25,238 INFO     root            Executing: [gcloud compute project-info describe --quiet]
2024-08-12 19:30:25,240 DEBUG    root            Running [gcloud.compute.project-info.describe] with arguments: [--no-user-output-enabled: "false", --quiet: "True", --verbosity: "none"]
2024-08-12 19:30:25,462 DEBUG    urllib3.connectionpool Starting new HTTPS connection (1): compute.googleapis.com:443
2024-08-12 19:30:25,558 DEBUG    urllib3.connectionpool https://compute.googleapis.com:443 "GET /compute/v1/projects/still-totality-432312-r8?alt=json HTTP/1.1" 403 None
2024-08-12 19:30:25,560 DEBUG    root            Chosen display Format:list[title="Could not fetch resource:",always-display-title]
2024-08-12 19:30:25,561 DEBUG    root            (gcloud.compute.project-info.describe) Could not fetch resource:
 - Request had insufficient authentication scopes.
Traceback (most recent call last):
  File "/snap/google-cloud-cli/260/lib/googlecloudsdk/calliope/cli.py", line 998, in Execute
    resources = calliope_command.Run(cli=self, args=args)
                ^^^^^^^^^^^^^^^^^^^^^^^^^^^^^^^^^^^^^^^^^
  File "/snap/google-cloud-cli/260/lib/googlecloudsdk/calliope/backend.py", line 822, in Run
    resources = command_instance.Run(args)
                ^^^^^^^^^^^^^^^^^^^^^^^^^^
  File "/snap/google-cloud-cli/260/lib/surface/compute/project_info/describe.py", line 37, in Run
    return client.MakeRequests([(client.apitools_client.projects, 'Get',
           ^^^^^^^^^^^^^^^^^^^^^^^^^^^^^^^^^^^^^^^^^^^^^^^^^^^^^^^^^^^^^
  File "/snap/google-cloud-cli/260/lib/googlecloudsdk/api_lib/compute/client_adapter.py", line 145, in MakeRequests
    utils.RaiseToolException(
  File "/snap/google-cloud-cli/260/lib/googlecloudsdk/api_lib/compute/utils.py", line 139, in RaiseToolException
    RaiseException(problems, calliope_exceptions.ToolException, error_message)
  File "/snap/google-cloud-cli/260/lib/googlecloudsdk/api_lib/compute/utils.py", line 148, in RaiseException
    raise exception(
googlecloudsdk.calliope.exceptions.ToolException: Could not fetch resource:
 - Request had insufficient authentication scopes.

2024-08-12 19:30:25,565 ERROR    root            (gcloud.compute.project-info.describe) Could not fetch resource:
 - Request had insufficient authentication scopes.

2024-08-12 19:30:25,568 INFO     root            [compute project-info describe --quiet] has failed

2024-08-12 19:30:25,568 INFO     ___FILE_ONLY___ Not setting default zone/region (this feature makes it easier to use
[gcloud compute] by setting an appropriate default value for the
--zone and --region flag).
See https://cloud.google.com/compute/docs/gcloud-compute section on how to set
default compute region and zone manually. If you would like [gcloud init] to be
able to do this for you the next time you run it, make sure the
Compute Engine API is enabled for your project on the
https://console.developers.google.com/apis page.


2024-08-12 19:30:25,568 DEBUG    root            Not configuring default .boto file. File already exists at [/home/affiliatework2016/.boto].
2024-08-12 19:30:25,568 INFO     ___FILE_ONLY___ The Google Cloud CLI is configured and ready to use!


2024-08-12 19:30:25,568 INFO     ___FILE_ONLY___ * Commands that require authentication will use 120753539852-compute@developer.gserviceaccount.com by default

2024-08-12 19:30:25,569 INFO     ___FILE_ONLY___ * Commands will reference project `still-totality-432312-r8` by default

2024-08-12 19:30:25,569 INFO     ___FILE_ONLY___ Run `gcloud help config` to learn how to change individual settings


2024-08-12 19:30:25,569 INFO     ___FILE_ONLY___ This gcloud configuration is called [default]. You can create additional configurations if you work with multiple accounts and/or projects.

2024-08-12 19:30:25,569 INFO     ___FILE_ONLY___ Run `gcloud topic configurations` to learn more.


2024-08-12 19:30:25,569 INFO     ___FILE_ONLY___ Some things to try next:


2024-08-12 19:30:25,569 INFO     ___FILE_ONLY___ * Run `gcloud --help` to see the Cloud Platform services you can interact with. And run `gcloud help COMMAND` to get help on any gcloud command.

2024-08-12 19:30:25,569 INFO     ___FILE_ONLY___ * Run `gcloud topic --help` to learn about advanced features of the CLI like arg files and output formatting

2024-08-12 19:30:25,569 INFO     ___FILE_ONLY___ * Run `gcloud cheat-sheet` to see a roster of go-to `gcloud` commands.

2024-08-12 19:30:25,569 DEBUG    root            Chosen display Format:default
2024-08-12 19:30:25,570 INFO     root            Display format: "default"
2024-08-12 19:30:25,571 DEBUG    root            SDK update checks are disabled.
