2024-08-12 19:38:32,915 DEBUG    root            Loaded Command Group: ['gcloud', 'cheat_sheet']
2024-08-12 19:38:32,917 DEBUG    root            Running [gcloud.cheat-sheet] with arguments: []
2024-08-12 19:38:32,918 DEBUG    root            Running [gcloud.cheat-sheet] with arguments: [--document: "None"]
2024-08-12 19:38:32,924 DEBUG    root            No implementation for release track [ALPHA] for element: [/snap/google-cloud-cli/260/lib/surface/cheat_sheet]
2024-08-12 19:38:32,924 DEBUG    root            No implementation for release track [BETA] for element: [/snap/google-cloud-cli/260/lib/surface/cheat_sheet]
2024-08-12 19:38:32,928 DEBUG    root            Loaded Command Group: ['gcloud', 'help']
2024-08-12 19:38:32,956 DEBUG    root            Loaded Command Group: ['gcloud', 'init']
2024-08-12 19:38:32,957 DEBUG    root            Loaded Command Group: ['gcloud', 'version']
2024-08-12 19:38:32,958 DEBUG    root            Loaded Command Group: ['gcloud', 'components']
2024-08-12 19:38:32,964 DEBUG    root            Loaded Command Group: ['gcloud', 'components', 'install']
2024-08-12 19:38:32,966 DEBUG    root            Loaded Command Group: ['gcloud', 'components', 'update']
2024-08-12 19:38:32,968 DEBUG    root            Loaded Command Group: ['gcloud', 'config']
2024-08-12 19:38:33,000 DEBUG    root            Loaded Command Group: ['gcloud', 'config', 'set']
2024-08-12 19:38:33,002 DEBUG    root            Loaded Command Group: ['gcloud', 'info']
2024-08-12 19:38:33,004 DEBUG    root            Loaded Command Group: ['gcloud', 'feedback']
2024-08-12 19:38:33,005 DEBUG    root            Loaded Command Group: ['gcloud', 'topic']
2024-08-12 19:38:33,007 DEBUG    root            Loaded Command Group: ['gcloud', 'config', 'get']
2024-08-12 19:38:33,009 DEBUG    root            Loaded Command Group: ['gcloud', 'config', 'list']
2024-08-12 19:38:33,010 DEBUG    root            Loaded Command Group: ['gcloud', 'config', 'configurations']
2024-08-12 19:38:33,011 DEBUG    root            Loaded Command Group: ['gcloud', 'config', 'configurations', 'create']
2024-08-12 19:38:33,012 DEBUG    root            Loaded Command Group: ['gcloud', 'config', 'configurations', 'list']
2024-08-12 19:38:33,021 DEBUG    root            Loaded Command Group: ['gcloud', 'config', 'configurations', 'activate']
2024-08-12 19:38:33,022 DEBUG    root            Loaded Command Group: ['gcloud', 'auth']
2024-08-12 19:38:33,025 DEBUG    root            Loaded Command Group: ['gcloud', 'auth', 'login']
2024-08-12 19:38:33,029 DEBUG    root            Loaded Command Group: ['gcloud', 'auth', 'activate_service_account']
2024-08-12 19:38:33,031 DEBUG    root            Loaded Command Group: ['gcloud', 'auth', 'list']
2024-08-12 19:38:33,032 DEBUG    root            Loaded Command Group: ['gcloud', 'auth', 'print_access_token']
2024-08-12 19:38:33,034 DEBUG    root            Loaded Command Group: ['gcloud', 'auth', 'revoke']
2024-08-12 19:38:33,035 DEBUG    root            Loaded Command Group: ['gcloud', 'projects']
2024-08-12 19:38:33,040 DEBUG    root            Loaded Command Group: ['gcloud', 'projects', 'describe']
2024-08-12 19:38:33,073 DEBUG    root            Loaded Command Group: ['gcloud', 'projects', 'add_iam_policy_binding']
2024-08-12 19:38:33,084 DEBUG    root            Loaded Command Group: ['gcloud', 'iam']
2024-08-12 19:38:33,092 DEBUG    root            Loaded Command Group: ['gcloud', 'iam', 'list_grantable_roles']
2024-08-12 19:38:33,094 DEBUG    root            Loaded Command Group: ['gcloud', 'iam', 'roles']
2024-08-12 19:38:33,097 DEBUG    root            Loaded Command Group: ['gcloud', 'iam', 'roles', 'create']
2024-08-12 19:38:33,099 DEBUG    root            Loaded Command Group: ['gcloud', 'iam', 'service_accounts']
2024-08-12 19:38:33,100 DEBUG    root            Loaded Command Group: ['gcloud', 'iam', 'service-accounts', 'create']
2024-08-12 19:38:33,157 DEBUG    root            Loaded Command Group: ['gcloud', 'iam', 'service-accounts', 'add_iam_policy_binding']
2024-08-12 19:38:33,173 DEBUG    root            Loaded Command Group: ['gcloud', 'iam', 'service-accounts', 'set_iam_policy']
2024-08-12 19:38:33,175 DEBUG    root            Loaded Command Group: ['gcloud', 'iam', 'service-accounts', 'keys']
2024-08-12 19:38:33,177 DEBUG    root            Loaded Command Group: ['gcloud', 'iam', 'service-accounts', 'keys', 'list']
2024-08-12 19:38:33,182 DEBUG    root            Loaded Command Group: ['gcloud', 'auth', 'configure_docker']
2024-08-12 19:38:33,200 DEBUG    root            Loaded Command Group: ['gcloud', 'container', 'clusters']
2024-08-12 19:38:33,205 DEBUG    root            Loaded Command Group: ['gcloud', 'container', 'clusters', 'create']
2024-08-12 19:38:33,246 DEBUG    root            Loaded Command Group: ['gcloud', 'container', 'clusters', 'list']
2024-08-12 19:38:33,248 DEBUG    root            Loaded Command Group: ['gcloud', 'container', 'clusters', 'get_credentials']
2024-08-12 19:38:33,251 DEBUG    root            Loaded Command Group: ['gcloud', 'container', 'images']
2024-08-12 19:38:33,306 DEBUG    root            Loaded Command Group: ['gcloud', 'container', 'images', 'list_tags']
2024-08-12 19:38:33,308 DEBUG    root            Loaded Command Group: ['gcloud', 'compute']
2024-08-12 19:38:33,311 DEBUG    root            Loaded Command Group: ['gcloud', 'compute', 'zones']
2024-08-12 19:38:33,312 DEBUG    root            Loaded Command Group: ['gcloud', 'compute', 'zones', 'list']
2024-08-12 19:38:33,317 DEBUG    root            Loaded Command Group: ['gcloud', 'compute', 'instances']
2024-08-12 19:38:33,321 DEBUG    root            Loaded Command Group: ['gcloud', 'compute', 'instances', 'describe']
2024-08-12 19:38:33,324 DEBUG    root            Loaded Command Group: ['gcloud', 'compute', 'instances', 'list']
2024-08-12 19:38:33,328 DEBUG    root            Loaded Command Group: ['gcloud', 'compute', 'disks']
2024-08-12 19:38:33,342 DEBUG    root            Loaded Command Group: ['gcloud', 'compute', 'disks', 'snapshot']
2024-08-12 19:38:33,345 DEBUG    root            Loaded Command Group: ['gcloud', 'compute', 'snapshots']
2024-08-12 19:38:33,348 DEBUG    root            Loaded Command Group: ['gcloud', 'compute', 'snapshots', 'describe']
2024-08-12 19:38:33,350 DEBUG    root            Loaded Command Group: ['gcloud', 'compute', 'snapshots', 'delete']
2024-08-12 19:38:33,460 DEBUG    root            Loaded Command Group: ['gcloud', 'compute', 'ssh']
2024-08-12 19:38:33,463 DEBUG    root            Loaded Command Group: ['gcloud', 'app']
2024-08-12 19:38:33,790 DEBUG    root            Loaded Command Group: ['gcloud', 'app', 'deploy']
2024-08-12 19:38:33,793 DEBUG    root            Loaded Command Group: ['gcloud', 'app', 'versions']
2024-08-12 19:38:33,797 DEBUG    root            Loaded Command Group: ['gcloud', 'app', 'versions', 'list']
2024-08-12 19:38:33,800 DEBUG    root            Loaded Command Group: ['gcloud', 'app', 'browse']
2024-08-12 19:38:33,801 DEBUG    root            Loaded Command Group: ['gcloud', 'app', 'create']
2024-08-12 19:38:33,804 DEBUG    root            Loaded Command Group: ['gcloud', 'app', 'logs']
2024-08-12 19:38:33,806 DEBUG    root            Loaded Command Group: ['gcloud', 'app', 'logs', 'read']
2024-08-12 19:38:33,807 DEBUG    root            Loaded Command Group: ['gcloud', 'kms']
2024-08-12 19:38:33,839 DEBUG    root            Loaded Command Group: ['gcloud', 'kms', 'decrypt']
2024-08-12 19:38:33,840 DEBUG    root            Loaded Command Group: ['gcloud', 'logging']
2024-08-12 19:38:33,845 DEBUG    root            Loaded Command Group: ['gcloud', 'logging', 'logs']
2024-08-12 19:38:33,848 DEBUG    root            Loaded Command Group: ['gcloud', 'logging', 'logs', 'list']
2024-08-12 19:38:33,850 DEBUG    root            Loaded Command Group: ['gcloud', 'sql']
2024-08-12 19:38:33,853 DEBUG    root            Loaded Command Group: ['gcloud', 'sql', 'backups']
2024-08-12 19:38:33,902 DEBUG    root            Loaded Command Group: ['gcloud', 'sql', 'backups', 'describe']
2024-08-12 19:38:33,905 DEBUG    root            Loaded Command Group: ['gcloud', 'sql', 'export']
2024-08-12 19:38:33,912 DEBUG    root            Loaded Command Group: ['gcloud', 'sql', 'export', 'sql']
2024-08-12 19:38:33,918 INFO     ___FILE_ONLY___ [m
2024-08-12 19:38:33,918 INFO     ___FILE_ONLY___ [1mNAME[m

2024-08-12 19:38:33,918 INFO     ___FILE_ONLY___    
2024-08-12 19:38:33,918 INFO     ___FILE_ONLY___  gcloud
2024-08-12 19:38:33,918 INFO     ___FILE_ONLY___  cheat-sheet
2024-08-12 19:38:33,918 INFO     ___FILE_ONLY___  -
2024-08-12 19:38:33,918 INFO     ___FILE_ONLY___  display
2024-08-12 19:38:33,918 INFO     ___FILE_ONLY___  gcloud
2024-08-12 19:38:33,918 INFO     ___FILE_ONLY___  cheat
2024-08-12 19:38:33,918 INFO     ___FILE_ONLY___  sheet
2024-08-12 19:38:33,919 INFO     ___FILE_ONLY___ 


2024-08-12 19:38:33,919 INFO     ___FILE_ONLY___ [m
2024-08-12 19:38:33,919 INFO     ___FILE_ONLY___ [1mSYNOPSIS[m

2024-08-12 19:38:33,919 INFO     ___FILE_ONLY___    
2024-08-12 19:38:33,919 INFO     ___FILE_ONLY___  [1mgcloud
2024-08-12 19:38:33,919 INFO     ___FILE_ONLY___  cheat-sheet[m
2024-08-12 19:38:33,919 INFO     ___FILE_ONLY___  [[4mGCLOUD_WIDE_FLAG ...[m]
2024-08-12 19:38:33,919 INFO     ___FILE_ONLY___ 


2024-08-12 19:38:33,919 INFO     ___FILE_ONLY___ [m
2024-08-12 19:38:33,919 INFO     ___FILE_ONLY___ [1mDESCRIPTION[m

2024-08-12 19:38:33,919 INFO     ___FILE_ONLY___    
2024-08-12 19:38:33,919 INFO     ___FILE_ONLY___  
2024-08-12 19:38:33,919 INFO     ___FILE_ONLY___ A
2024-08-12 19:38:33,920 INFO     ___FILE_ONLY___  
2024-08-12 19:38:33,920 INFO     ___FILE_ONLY___ roster
2024-08-12 19:38:33,920 INFO     ___FILE_ONLY___  
2024-08-12 19:38:33,920 INFO     ___FILE_ONLY___ of
2024-08-12 19:38:33,920 INFO     ___FILE_ONLY___  
2024-08-12 19:38:33,920 INFO     ___FILE_ONLY___ go-to
2024-08-12 19:38:33,920 INFO     ___FILE_ONLY___  
2024-08-12 19:38:33,920 INFO     ___FILE_ONLY___ [1mgcloud[m
2024-08-12 19:38:33,920 INFO     ___FILE_ONLY___  
2024-08-12 19:38:33,920 INFO     ___FILE_ONLY___ commands
2024-08-12 19:38:33,920 INFO     ___FILE_ONLY___  
2024-08-12 19:38:33,920 INFO     ___FILE_ONLY___ for
2024-08-12 19:38:33,920 INFO     ___FILE_ONLY___  
2024-08-12 19:38:33,920 INFO     ___FILE_ONLY___ the
2024-08-12 19:38:33,920 INFO     ___FILE_ONLY___  
2024-08-12 19:38:33,920 INFO     ___FILE_ONLY___ gcloud
2024-08-12 19:38:33,920 INFO     ___FILE_ONLY___  
2024-08-12 19:38:33,920 INFO     ___FILE_ONLY___ tool,
2024-08-12 19:38:33,920 INFO     ___FILE_ONLY___  
2024-08-12 19:38:33,920 INFO     ___FILE_ONLY___ Google
2024-08-12 19:38:33,920 INFO     ___FILE_ONLY___  
2024-08-12 19:38:33,920 INFO     ___FILE_ONLY___ Cloud's
2024-08-12 19:38:33,920 INFO     ___FILE_ONLY___ 

2024-08-12 19:38:33,921 INFO     ___FILE_ONLY___     
2024-08-12 19:38:33,921 INFO     ___FILE_ONLY___ primary
2024-08-12 19:38:33,921 INFO     ___FILE_ONLY___  
2024-08-12 19:38:33,921 INFO     ___FILE_ONLY___ command-line
2024-08-12 19:38:33,921 INFO     ___FILE_ONLY___  
2024-08-12 19:38:33,921 INFO     ___FILE_ONLY___ tool.
2024-08-12 19:38:33,921 INFO     ___FILE_ONLY___ 

2024-08-12 19:38:33,921 INFO     ___FILE_ONLY___ 

2024-08-12 19:38:33,921 INFO     ___FILE_ONLY___ [m
2024-08-12 19:38:33,921 INFO     ___FILE_ONLY___   
2024-08-12 19:38:33,921 INFO     ___FILE_ONLY___ [1mGetting started[m

2024-08-12 19:38:33,921 INFO     ___FILE_ONLY___    
2024-08-12 19:38:33,921 INFO     ___FILE_ONLY___  
2024-08-12 19:38:33,921 INFO     ___FILE_ONLY___ Get
2024-08-12 19:38:33,921 INFO     ___FILE_ONLY___  
2024-08-12 19:38:33,921 INFO     ___FILE_ONLY___ going
2024-08-12 19:38:33,921 INFO     ___FILE_ONLY___  
2024-08-12 19:38:33,921 INFO     ___FILE_ONLY___ with
2024-08-12 19:38:33,922 INFO     ___FILE_ONLY___  
2024-08-12 19:38:33,922 INFO     ___FILE_ONLY___ the
2024-08-12 19:38:33,922 INFO     ___FILE_ONLY___  
2024-08-12 19:38:33,922 INFO     ___FILE_ONLY___ [1mgcloud[m
2024-08-12 19:38:33,922 INFO     ___FILE_ONLY___  
2024-08-12 19:38:33,922 INFO     ___FILE_ONLY___ command-line
2024-08-12 19:38:33,922 INFO     ___FILE_ONLY___  
2024-08-12 19:38:33,922 INFO     ___FILE_ONLY___ tool
2024-08-12 19:38:33,922 INFO     ___FILE_ONLY___ 

2024-08-12 19:38:33,922 INFO     ___FILE_ONLY___ 

2024-08-12 19:38:33,922 INFO     ___FILE_ONLY___       ▪
2024-08-12 19:38:33,922 INFO     ___FILE_ONLY___  
2024-08-12 19:38:33,922 INFO     ___FILE_ONLY___ [1mgcloud
2024-08-12 19:38:33,922 INFO     ___FILE_ONLY___  
2024-08-12 19:38:33,922 INFO     ___FILE_ONLY___ init[m:
2024-08-12 19:38:33,922 INFO     ___FILE_ONLY___  
2024-08-12 19:38:33,922 INFO     ___FILE_ONLY___ Initialize,
2024-08-12 19:38:33,922 INFO     ___FILE_ONLY___  
2024-08-12 19:38:33,922 INFO     ___FILE_ONLY___ authorize,
2024-08-12 19:38:33,922 INFO     ___FILE_ONLY___  
2024-08-12 19:38:33,922 INFO     ___FILE_ONLY___ and
2024-08-12 19:38:33,923 INFO     ___FILE_ONLY___  
2024-08-12 19:38:33,923 INFO     ___FILE_ONLY___ configure
2024-08-12 19:38:33,923 INFO     ___FILE_ONLY___  
2024-08-12 19:38:33,923 INFO     ___FILE_ONLY___ the
2024-08-12 19:38:33,923 INFO     ___FILE_ONLY___  
2024-08-12 19:38:33,923 INFO     ___FILE_ONLY___ [1mgcloud[m
2024-08-12 19:38:33,923 INFO     ___FILE_ONLY___  
2024-08-12 19:38:33,923 INFO     ___FILE_ONLY___ tool.
2024-08-12 19:38:33,923 INFO     ___FILE_ONLY___ 

2024-08-12 19:38:33,923 INFO     ___FILE_ONLY___       ▪
2024-08-12 19:38:33,923 INFO     ___FILE_ONLY___  
2024-08-12 19:38:33,923 INFO     ___FILE_ONLY___ [1mgcloud
2024-08-12 19:38:33,923 INFO     ___FILE_ONLY___  
2024-08-12 19:38:33,923 INFO     ___FILE_ONLY___ version[m:
2024-08-12 19:38:33,923 INFO     ___FILE_ONLY___  
2024-08-12 19:38:33,923 INFO     ___FILE_ONLY___ Display
2024-08-12 19:38:33,923 INFO     ___FILE_ONLY___  
2024-08-12 19:38:33,923 INFO     ___FILE_ONLY___ version
2024-08-12 19:38:33,923 INFO     ___FILE_ONLY___  
2024-08-12 19:38:33,923 INFO     ___FILE_ONLY___ and
2024-08-12 19:38:33,923 INFO     ___FILE_ONLY___  
2024-08-12 19:38:33,923 INFO     ___FILE_ONLY___ installed
2024-08-12 19:38:33,924 INFO     ___FILE_ONLY___  
2024-08-12 19:38:33,924 INFO     ___FILE_ONLY___ components.
2024-08-12 19:38:33,924 INFO     ___FILE_ONLY___ 

2024-08-12 19:38:33,924 INFO     ___FILE_ONLY___       ▪
2024-08-12 19:38:33,924 INFO     ___FILE_ONLY___  
2024-08-12 19:38:33,924 INFO     ___FILE_ONLY___ [1mgcloud
2024-08-12 19:38:33,924 INFO     ___FILE_ONLY___  
2024-08-12 19:38:33,924 INFO     ___FILE_ONLY___ components
2024-08-12 19:38:33,924 INFO     ___FILE_ONLY___  
2024-08-12 19:38:33,924 INFO     ___FILE_ONLY___ install[m:
2024-08-12 19:38:33,924 INFO     ___FILE_ONLY___  
2024-08-12 19:38:33,924 INFO     ___FILE_ONLY___ Install
2024-08-12 19:38:33,924 INFO     ___FILE_ONLY___  
2024-08-12 19:38:33,924 INFO     ___FILE_ONLY___ specific
2024-08-12 19:38:33,924 INFO     ___FILE_ONLY___  
2024-08-12 19:38:33,924 INFO     ___FILE_ONLY___ components.
2024-08-12 19:38:33,924 INFO     ___FILE_ONLY___ 

2024-08-12 19:38:33,924 INFO     ___FILE_ONLY___       ▪
2024-08-12 19:38:33,924 INFO     ___FILE_ONLY___  
2024-08-12 19:38:33,924 INFO     ___FILE_ONLY___ [1mgcloud
2024-08-12 19:38:33,924 INFO     ___FILE_ONLY___  
2024-08-12 19:38:33,924 INFO     ___FILE_ONLY___ components
2024-08-12 19:38:33,925 INFO     ___FILE_ONLY___  
2024-08-12 19:38:33,925 INFO     ___FILE_ONLY___ update[m:
2024-08-12 19:38:33,925 INFO     ___FILE_ONLY___  
2024-08-12 19:38:33,925 INFO     ___FILE_ONLY___ Update
2024-08-12 19:38:33,925 INFO     ___FILE_ONLY___  
2024-08-12 19:38:33,925 INFO     ___FILE_ONLY___ your
2024-08-12 19:38:33,925 INFO     ___FILE_ONLY___  
2024-08-12 19:38:33,925 INFO     ___FILE_ONLY___ Google
2024-08-12 19:38:33,925 INFO     ___FILE_ONLY___  
2024-08-12 19:38:33,925 INFO     ___FILE_ONLY___ Cloud
2024-08-12 19:38:33,925 INFO     ___FILE_ONLY___  
2024-08-12 19:38:33,925 INFO     ___FILE_ONLY___ CLI
2024-08-12 19:38:33,925 INFO     ___FILE_ONLY___  
2024-08-12 19:38:33,925 INFO     ___FILE_ONLY___ to
2024-08-12 19:38:33,925 INFO     ___FILE_ONLY___  
2024-08-12 19:38:33,925 INFO     ___FILE_ONLY___ the
2024-08-12 19:38:33,925 INFO     ___FILE_ONLY___  
2024-08-12 19:38:33,925 INFO     ___FILE_ONLY___ latest
2024-08-12 19:38:33,925 INFO     ___FILE_ONLY___ 

2024-08-12 19:38:33,925 INFO     ___FILE_ONLY___         
2024-08-12 19:38:33,925 INFO     ___FILE_ONLY___ version.
2024-08-12 19:38:33,926 INFO     ___FILE_ONLY___ 

2024-08-12 19:38:33,926 INFO     ___FILE_ONLY___       ▪
2024-08-12 19:38:33,926 INFO     ___FILE_ONLY___  
2024-08-12 19:38:33,926 INFO     ___FILE_ONLY___ [1mgcloud
2024-08-12 19:38:33,926 INFO     ___FILE_ONLY___  
2024-08-12 19:38:33,926 INFO     ___FILE_ONLY___ config
2024-08-12 19:38:33,926 INFO     ___FILE_ONLY___  
2024-08-12 19:38:33,926 INFO     ___FILE_ONLY___ set[m
2024-08-12 19:38:33,926 INFO     ___FILE_ONLY___  
2024-08-12 19:38:33,926 INFO     ___FILE_ONLY___ [1mproject[m:
2024-08-12 19:38:33,926 INFO     ___FILE_ONLY___  
2024-08-12 19:38:33,926 INFO     ___FILE_ONLY___ Set
2024-08-12 19:38:33,926 INFO     ___FILE_ONLY___  
2024-08-12 19:38:33,926 INFO     ___FILE_ONLY___ a
2024-08-12 19:38:33,926 INFO     ___FILE_ONLY___  
2024-08-12 19:38:33,926 INFO     ___FILE_ONLY___ default
2024-08-12 19:38:33,926 INFO     ___FILE_ONLY___  
2024-08-12 19:38:33,926 INFO     ___FILE_ONLY___ Google
2024-08-12 19:38:33,926 INFO     ___FILE_ONLY___  
2024-08-12 19:38:33,926 INFO     ___FILE_ONLY___ Cloud
2024-08-12 19:38:33,926 INFO     ___FILE_ONLY___  
2024-08-12 19:38:33,927 INFO     ___FILE_ONLY___ project
2024-08-12 19:38:33,927 INFO     ___FILE_ONLY___  
2024-08-12 19:38:33,927 INFO     ___FILE_ONLY___ to
2024-08-12 19:38:33,927 INFO     ___FILE_ONLY___  
2024-08-12 19:38:33,927 INFO     ___FILE_ONLY___ work
2024-08-12 19:38:33,927 INFO     ___FILE_ONLY___ 

2024-08-12 19:38:33,927 INFO     ___FILE_ONLY___         
2024-08-12 19:38:33,927 INFO     ___FILE_ONLY___ on.
2024-08-12 19:38:33,927 INFO     ___FILE_ONLY___ 

2024-08-12 19:38:33,927 INFO     ___FILE_ONLY___       ▪
2024-08-12 19:38:33,927 INFO     ___FILE_ONLY___  
2024-08-12 19:38:33,927 INFO     ___FILE_ONLY___ [1mgcloud
2024-08-12 19:38:33,927 INFO     ___FILE_ONLY___  
2024-08-12 19:38:33,927 INFO     ___FILE_ONLY___ info[m:
2024-08-12 19:38:33,927 INFO     ___FILE_ONLY___  
2024-08-12 19:38:33,927 INFO     ___FILE_ONLY___ Display
2024-08-12 19:38:33,927 INFO     ___FILE_ONLY___  
2024-08-12 19:38:33,927 INFO     ___FILE_ONLY___ current
2024-08-12 19:38:33,927 INFO     ___FILE_ONLY___  
2024-08-12 19:38:33,927 INFO     ___FILE_ONLY___ [1mgcloud[m
2024-08-12 19:38:33,927 INFO     ___FILE_ONLY___  
2024-08-12 19:38:33,927 INFO     ___FILE_ONLY___ tool
2024-08-12 19:38:33,927 INFO     ___FILE_ONLY___  
2024-08-12 19:38:33,927 INFO     ___FILE_ONLY___ environment
2024-08-12 19:38:33,928 INFO     ___FILE_ONLY___  
2024-08-12 19:38:33,928 INFO     ___FILE_ONLY___ details.
2024-08-12 19:38:33,928 INFO     ___FILE_ONLY___ 

2024-08-12 19:38:33,928 INFO     ___FILE_ONLY___ 

2024-08-12 19:38:33,928 INFO     ___FILE_ONLY___ [m
2024-08-12 19:38:33,928 INFO     ___FILE_ONLY___   
2024-08-12 19:38:33,928 INFO     ___FILE_ONLY___ [1mHelp[m

2024-08-12 19:38:33,928 INFO     ___FILE_ONLY___    
2024-08-12 19:38:33,928 INFO     ___FILE_ONLY___  
2024-08-12 19:38:33,928 INFO     ___FILE_ONLY___ Google
2024-08-12 19:38:33,928 INFO     ___FILE_ONLY___  
2024-08-12 19:38:33,928 INFO     ___FILE_ONLY___ Cloud
2024-08-12 19:38:33,928 INFO     ___FILE_ONLY___  
2024-08-12 19:38:33,928 INFO     ___FILE_ONLY___ CLI
2024-08-12 19:38:33,928 INFO     ___FILE_ONLY___  
2024-08-12 19:38:33,928 INFO     ___FILE_ONLY___ is
2024-08-12 19:38:33,928 INFO     ___FILE_ONLY___  
2024-08-12 19:38:33,928 INFO     ___FILE_ONLY___ happy
2024-08-12 19:38:33,928 INFO     ___FILE_ONLY___  
2024-08-12 19:38:33,928 INFO     ___FILE_ONLY___ to
2024-08-12 19:38:33,928 INFO     ___FILE_ONLY___  
2024-08-12 19:38:33,928 INFO     ___FILE_ONLY___ help
2024-08-12 19:38:33,928 INFO     ___FILE_ONLY___ 

2024-08-12 19:38:33,928 INFO     ___FILE_ONLY___ 

2024-08-12 19:38:33,929 INFO     ___FILE_ONLY___       ▪
2024-08-12 19:38:33,929 INFO     ___FILE_ONLY___  
2024-08-12 19:38:33,929 INFO     ___FILE_ONLY___ [1mgcloud
2024-08-12 19:38:33,929 INFO     ___FILE_ONLY___  
2024-08-12 19:38:33,929 INFO     ___FILE_ONLY___ help[m:
2024-08-12 19:38:33,929 INFO     ___FILE_ONLY___  
2024-08-12 19:38:33,929 INFO     ___FILE_ONLY___ Search
2024-08-12 19:38:33,929 INFO     ___FILE_ONLY___  
2024-08-12 19:38:33,929 INFO     ___FILE_ONLY___ the
2024-08-12 19:38:33,929 INFO     ___FILE_ONLY___  
2024-08-12 19:38:33,929 INFO     ___FILE_ONLY___ [1mgcloud[m
2024-08-12 19:38:33,929 INFO     ___FILE_ONLY___  
2024-08-12 19:38:33,929 INFO     ___FILE_ONLY___ tool
2024-08-12 19:38:33,929 INFO     ___FILE_ONLY___  
2024-08-12 19:38:33,929 INFO     ___FILE_ONLY___ reference
2024-08-12 19:38:33,929 INFO     ___FILE_ONLY___  
2024-08-12 19:38:33,929 INFO     ___FILE_ONLY___ documents
2024-08-12 19:38:33,929 INFO     ___FILE_ONLY___  
2024-08-12 19:38:33,929 INFO     ___FILE_ONLY___ for
2024-08-12 19:38:33,929 INFO     ___FILE_ONLY___  
2024-08-12 19:38:33,930 INFO     ___FILE_ONLY___ specific
2024-08-12 19:38:33,930 INFO     ___FILE_ONLY___ 

2024-08-12 19:38:33,930 INFO     ___FILE_ONLY___         
2024-08-12 19:38:33,930 INFO     ___FILE_ONLY___ terms.
2024-08-12 19:38:33,930 INFO     ___FILE_ONLY___ 

2024-08-12 19:38:33,930 INFO     ___FILE_ONLY___       ▪
2024-08-12 19:38:33,930 INFO     ___FILE_ONLY___  
2024-08-12 19:38:33,930 INFO     ___FILE_ONLY___ [1mgcloud
2024-08-12 19:38:33,930 INFO     ___FILE_ONLY___  
2024-08-12 19:38:33,930 INFO     ___FILE_ONLY___ feedback[m:
2024-08-12 19:38:33,930 INFO     ___FILE_ONLY___  
2024-08-12 19:38:33,930 INFO     ___FILE_ONLY___ Provide
2024-08-12 19:38:33,930 INFO     ___FILE_ONLY___  
2024-08-12 19:38:33,930 INFO     ___FILE_ONLY___ feedback
2024-08-12 19:38:33,930 INFO     ___FILE_ONLY___  
2024-08-12 19:38:33,930 INFO     ___FILE_ONLY___ for
2024-08-12 19:38:33,930 INFO     ___FILE_ONLY___  
2024-08-12 19:38:33,930 INFO     ___FILE_ONLY___ the
2024-08-12 19:38:33,930 INFO     ___FILE_ONLY___  
2024-08-12 19:38:33,930 INFO     ___FILE_ONLY___ Google
2024-08-12 19:38:33,930 INFO     ___FILE_ONLY___  
2024-08-12 19:38:33,930 INFO     ___FILE_ONLY___ Cloud
2024-08-12 19:38:33,930 INFO     ___FILE_ONLY___  
2024-08-12 19:38:33,930 INFO     ___FILE_ONLY___ CLI
2024-08-12 19:38:33,931 INFO     ___FILE_ONLY___  
2024-08-12 19:38:33,931 INFO     ___FILE_ONLY___ team.
2024-08-12 19:38:33,931 INFO     ___FILE_ONLY___ 

2024-08-12 19:38:33,931 INFO     ___FILE_ONLY___       ▪
2024-08-12 19:38:33,931 INFO     ___FILE_ONLY___  
2024-08-12 19:38:33,931 INFO     ___FILE_ONLY___ [1mgcloud
2024-08-12 19:38:33,931 INFO     ___FILE_ONLY___  
2024-08-12 19:38:33,931 INFO     ___FILE_ONLY___ topic[m:
2024-08-12 19:38:33,931 INFO     ___FILE_ONLY___  
2024-08-12 19:38:33,931 INFO     ___FILE_ONLY___ Supplementary
2024-08-12 19:38:33,931 INFO     ___FILE_ONLY___  
2024-08-12 19:38:33,931 INFO     ___FILE_ONLY___ help
2024-08-12 19:38:33,931 INFO     ___FILE_ONLY___  
2024-08-12 19:38:33,931 INFO     ___FILE_ONLY___ material
2024-08-12 19:38:33,931 INFO     ___FILE_ONLY___  
2024-08-12 19:38:33,931 INFO     ___FILE_ONLY___ for
2024-08-12 19:38:33,931 INFO     ___FILE_ONLY___  
2024-08-12 19:38:33,931 INFO     ___FILE_ONLY___ non-command
2024-08-12 19:38:33,931 INFO     ___FILE_ONLY___  
2024-08-12 19:38:33,931 INFO     ___FILE_ONLY___ topics
2024-08-12 19:38:33,931 INFO     ___FILE_ONLY___  
2024-08-12 19:38:33,932 INFO     ___FILE_ONLY___ like
2024-08-12 19:38:33,932 INFO     ___FILE_ONLY___ 

2024-08-12 19:38:33,932 INFO     ___FILE_ONLY___         
2024-08-12 19:38:33,932 INFO     ___FILE_ONLY___ accessibility,
2024-08-12 19:38:33,932 INFO     ___FILE_ONLY___  
2024-08-12 19:38:33,932 INFO     ___FILE_ONLY___ filtering,
2024-08-12 19:38:33,932 INFO     ___FILE_ONLY___  
2024-08-12 19:38:33,932 INFO     ___FILE_ONLY___ and
2024-08-12 19:38:33,932 INFO     ___FILE_ONLY___  
2024-08-12 19:38:33,932 INFO     ___FILE_ONLY___ formatting.
2024-08-12 19:38:33,932 INFO     ___FILE_ONLY___ 

2024-08-12 19:38:33,932 INFO     ___FILE_ONLY___ 

2024-08-12 19:38:33,932 INFO     ___FILE_ONLY___ [m
2024-08-12 19:38:33,932 INFO     ___FILE_ONLY___   
2024-08-12 19:38:33,932 INFO     ___FILE_ONLY___ [1mPersonalization[m

2024-08-12 19:38:33,932 INFO     ___FILE_ONLY___    
2024-08-12 19:38:33,932 INFO     ___FILE_ONLY___  
2024-08-12 19:38:33,932 INFO     ___FILE_ONLY___ Make
2024-08-12 19:38:33,932 INFO     ___FILE_ONLY___  
2024-08-12 19:38:33,932 INFO     ___FILE_ONLY___ the
2024-08-12 19:38:33,932 INFO     ___FILE_ONLY___  
2024-08-12 19:38:33,932 INFO     ___FILE_ONLY___ Google
2024-08-12 19:38:33,933 INFO     ___FILE_ONLY___  
2024-08-12 19:38:33,933 INFO     ___FILE_ONLY___ Cloud
2024-08-12 19:38:33,933 INFO     ___FILE_ONLY___  
2024-08-12 19:38:33,933 INFO     ___FILE_ONLY___ CLI
2024-08-12 19:38:33,933 INFO     ___FILE_ONLY___  
2024-08-12 19:38:33,933 INFO     ___FILE_ONLY___ your
2024-08-12 19:38:33,933 INFO     ___FILE_ONLY___  
2024-08-12 19:38:33,933 INFO     ___FILE_ONLY___ own;
2024-08-12 19:38:33,933 INFO     ___FILE_ONLY___  
2024-08-12 19:38:33,933 INFO     ___FILE_ONLY___ personalize
2024-08-12 19:38:33,933 INFO     ___FILE_ONLY___  
2024-08-12 19:38:33,933 INFO     ___FILE_ONLY___ your
2024-08-12 19:38:33,933 INFO     ___FILE_ONLY___  
2024-08-12 19:38:33,933 INFO     ___FILE_ONLY___ configuration
2024-08-12 19:38:33,933 INFO     ___FILE_ONLY___  
2024-08-12 19:38:33,933 INFO     ___FILE_ONLY___ with
2024-08-12 19:38:33,933 INFO     ___FILE_ONLY___ 

2024-08-12 19:38:33,933 INFO     ___FILE_ONLY___     
2024-08-12 19:38:33,933 INFO     ___FILE_ONLY___ properties
2024-08-12 19:38:33,933 INFO     ___FILE_ONLY___ 

2024-08-12 19:38:33,933 INFO     ___FILE_ONLY___ 

2024-08-12 19:38:33,933 INFO     ___FILE_ONLY___       ▪
2024-08-12 19:38:33,934 INFO     ___FILE_ONLY___  
2024-08-12 19:38:33,934 INFO     ___FILE_ONLY___ [1mgcloud
2024-08-12 19:38:33,934 INFO     ___FILE_ONLY___  
2024-08-12 19:38:33,934 INFO     ___FILE_ONLY___ config
2024-08-12 19:38:33,934 INFO     ___FILE_ONLY___  
2024-08-12 19:38:33,934 INFO     ___FILE_ONLY___ set[m:
2024-08-12 19:38:33,934 INFO     ___FILE_ONLY___  
2024-08-12 19:38:33,934 INFO     ___FILE_ONLY___ Define
2024-08-12 19:38:33,934 INFO     ___FILE_ONLY___  
2024-08-12 19:38:33,934 INFO     ___FILE_ONLY___ a
2024-08-12 19:38:33,934 INFO     ___FILE_ONLY___  
2024-08-12 19:38:33,934 INFO     ___FILE_ONLY___ property
2024-08-12 19:38:33,934 INFO     ___FILE_ONLY___  
2024-08-12 19:38:33,934 INFO     ___FILE_ONLY___ (like
2024-08-12 19:38:33,934 INFO     ___FILE_ONLY___  
2024-08-12 19:38:33,934 INFO     ___FILE_ONLY___ compute/zone)
2024-08-12 19:38:33,934 INFO     ___FILE_ONLY___  
2024-08-12 19:38:33,934 INFO     ___FILE_ONLY___ for
2024-08-12 19:38:33,934 INFO     ___FILE_ONLY___  
2024-08-12 19:38:33,934 INFO     ___FILE_ONLY___ the
2024-08-12 19:38:33,934 INFO     ___FILE_ONLY___ 

2024-08-12 19:38:33,934 INFO     ___FILE_ONLY___         
2024-08-12 19:38:33,934 INFO     ___FILE_ONLY___ current
2024-08-12 19:38:33,934 INFO     ___FILE_ONLY___  
2024-08-12 19:38:33,935 INFO     ___FILE_ONLY___ configuration.
2024-08-12 19:38:33,935 INFO     ___FILE_ONLY___ 

2024-08-12 19:38:33,935 INFO     ___FILE_ONLY___       ▪
2024-08-12 19:38:33,935 INFO     ___FILE_ONLY___  
2024-08-12 19:38:33,935 INFO     ___FILE_ONLY___ [1mgcloud
2024-08-12 19:38:33,935 INFO     ___FILE_ONLY___  
2024-08-12 19:38:33,935 INFO     ___FILE_ONLY___ config
2024-08-12 19:38:33,935 INFO     ___FILE_ONLY___  
2024-08-12 19:38:33,935 INFO     ___FILE_ONLY___ get[m:
2024-08-12 19:38:33,935 INFO     ___FILE_ONLY___  
2024-08-12 19:38:33,935 INFO     ___FILE_ONLY___ Fetch
2024-08-12 19:38:33,935 INFO     ___FILE_ONLY___  
2024-08-12 19:38:33,935 INFO     ___FILE_ONLY___ value
2024-08-12 19:38:33,935 INFO     ___FILE_ONLY___  
2024-08-12 19:38:33,935 INFO     ___FILE_ONLY___ of
2024-08-12 19:38:33,935 INFO     ___FILE_ONLY___  
2024-08-12 19:38:33,935 INFO     ___FILE_ONLY___ a
2024-08-12 19:38:33,935 INFO     ___FILE_ONLY___  
2024-08-12 19:38:33,935 INFO     ___FILE_ONLY___ Google
2024-08-12 19:38:33,935 INFO     ___FILE_ONLY___  
2024-08-12 19:38:33,935 INFO     ___FILE_ONLY___ Cloud
2024-08-12 19:38:33,935 INFO     ___FILE_ONLY___  
2024-08-12 19:38:33,935 INFO     ___FILE_ONLY___ CLI
2024-08-12 19:38:33,935 INFO     ___FILE_ONLY___  
2024-08-12 19:38:33,936 INFO     ___FILE_ONLY___ property.
2024-08-12 19:38:33,936 INFO     ___FILE_ONLY___ 

2024-08-12 19:38:33,936 INFO     ___FILE_ONLY___       ▪
2024-08-12 19:38:33,936 INFO     ___FILE_ONLY___  
2024-08-12 19:38:33,936 INFO     ___FILE_ONLY___ [1mgcloud
2024-08-12 19:38:33,936 INFO     ___FILE_ONLY___  
2024-08-12 19:38:33,936 INFO     ___FILE_ONLY___ config
2024-08-12 19:38:33,936 INFO     ___FILE_ONLY___  
2024-08-12 19:38:33,936 INFO     ___FILE_ONLY___ list[m:
2024-08-12 19:38:33,936 INFO     ___FILE_ONLY___  
2024-08-12 19:38:33,936 INFO     ___FILE_ONLY___ Display
2024-08-12 19:38:33,936 INFO     ___FILE_ONLY___  
2024-08-12 19:38:33,936 INFO     ___FILE_ONLY___ all
2024-08-12 19:38:33,936 INFO     ___FILE_ONLY___  
2024-08-12 19:38:33,936 INFO     ___FILE_ONLY___ the
2024-08-12 19:38:33,936 INFO     ___FILE_ONLY___  
2024-08-12 19:38:33,936 INFO     ___FILE_ONLY___ properties
2024-08-12 19:38:33,936 INFO     ___FILE_ONLY___  
2024-08-12 19:38:33,936 INFO     ___FILE_ONLY___ for
2024-08-12 19:38:33,936 INFO     ___FILE_ONLY___  
2024-08-12 19:38:33,936 INFO     ___FILE_ONLY___ the
2024-08-12 19:38:33,936 INFO     ___FILE_ONLY___  
2024-08-12 19:38:33,936 INFO     ___FILE_ONLY___ current
2024-08-12 19:38:33,936 INFO     ___FILE_ONLY___ 

2024-08-12 19:38:33,937 INFO     ___FILE_ONLY___         
2024-08-12 19:38:33,937 INFO     ___FILE_ONLY___ configuration.
2024-08-12 19:38:33,937 INFO     ___FILE_ONLY___ 

2024-08-12 19:38:33,937 INFO     ___FILE_ONLY___       ▪
2024-08-12 19:38:33,937 INFO     ___FILE_ONLY___  
2024-08-12 19:38:33,937 INFO     ___FILE_ONLY___ [1mgcloud
2024-08-12 19:38:33,937 INFO     ___FILE_ONLY___  
2024-08-12 19:38:33,937 INFO     ___FILE_ONLY___ config
2024-08-12 19:38:33,937 INFO     ___FILE_ONLY___  
2024-08-12 19:38:33,937 INFO     ___FILE_ONLY___ configurations
2024-08-12 19:38:33,937 INFO     ___FILE_ONLY___  
2024-08-12 19:38:33,937 INFO     ___FILE_ONLY___ create[m:
2024-08-12 19:38:33,937 INFO     ___FILE_ONLY___  
2024-08-12 19:38:33,937 INFO     ___FILE_ONLY___ Create
2024-08-12 19:38:33,937 INFO     ___FILE_ONLY___  
2024-08-12 19:38:33,937 INFO     ___FILE_ONLY___ a
2024-08-12 19:38:33,937 INFO     ___FILE_ONLY___  
2024-08-12 19:38:33,937 INFO     ___FILE_ONLY___ new
2024-08-12 19:38:33,937 INFO     ___FILE_ONLY___  
2024-08-12 19:38:33,937 INFO     ___FILE_ONLY___ named
2024-08-12 19:38:33,937 INFO     ___FILE_ONLY___ 

2024-08-12 19:38:33,937 INFO     ___FILE_ONLY___         
2024-08-12 19:38:33,938 INFO     ___FILE_ONLY___ configuration.
2024-08-12 19:38:33,938 INFO     ___FILE_ONLY___ 

2024-08-12 19:38:33,938 INFO     ___FILE_ONLY___       ▪
2024-08-12 19:38:33,938 INFO     ___FILE_ONLY___  
2024-08-12 19:38:33,938 INFO     ___FILE_ONLY___ [1mgcloud
2024-08-12 19:38:33,938 INFO     ___FILE_ONLY___  
2024-08-12 19:38:33,938 INFO     ___FILE_ONLY___ config
2024-08-12 19:38:33,938 INFO     ___FILE_ONLY___  
2024-08-12 19:38:33,938 INFO     ___FILE_ONLY___ configurations
2024-08-12 19:38:33,938 INFO     ___FILE_ONLY___  
2024-08-12 19:38:33,938 INFO     ___FILE_ONLY___ list[m:
2024-08-12 19:38:33,938 INFO     ___FILE_ONLY___  
2024-08-12 19:38:33,938 INFO     ___FILE_ONLY___ Display
2024-08-12 19:38:33,938 INFO     ___FILE_ONLY___  
2024-08-12 19:38:33,938 INFO     ___FILE_ONLY___ a
2024-08-12 19:38:33,938 INFO     ___FILE_ONLY___  
2024-08-12 19:38:33,938 INFO     ___FILE_ONLY___ list
2024-08-12 19:38:33,938 INFO     ___FILE_ONLY___  
2024-08-12 19:38:33,938 INFO     ___FILE_ONLY___ of
2024-08-12 19:38:33,938 INFO     ___FILE_ONLY___  
2024-08-12 19:38:33,938 INFO     ___FILE_ONLY___ all
2024-08-12 19:38:33,938 INFO     ___FILE_ONLY___  
2024-08-12 19:38:33,938 INFO     ___FILE_ONLY___ available
2024-08-12 19:38:33,939 INFO     ___FILE_ONLY___ 

2024-08-12 19:38:33,939 INFO     ___FILE_ONLY___         
2024-08-12 19:38:33,939 INFO     ___FILE_ONLY___ configurations.
2024-08-12 19:38:33,939 INFO     ___FILE_ONLY___ 

2024-08-12 19:38:33,939 INFO     ___FILE_ONLY___       ▪
2024-08-12 19:38:33,939 INFO     ___FILE_ONLY___  
2024-08-12 19:38:33,939 INFO     ___FILE_ONLY___ [1mgcloud
2024-08-12 19:38:33,939 INFO     ___FILE_ONLY___  
2024-08-12 19:38:33,939 INFO     ___FILE_ONLY___ config
2024-08-12 19:38:33,939 INFO     ___FILE_ONLY___  
2024-08-12 19:38:33,939 INFO     ___FILE_ONLY___ configurations
2024-08-12 19:38:33,939 INFO     ___FILE_ONLY___  
2024-08-12 19:38:33,939 INFO     ___FILE_ONLY___ activate[m:
2024-08-12 19:38:33,939 INFO     ___FILE_ONLY___  
2024-08-12 19:38:33,939 INFO     ___FILE_ONLY___ Switch
2024-08-12 19:38:33,939 INFO     ___FILE_ONLY___  
2024-08-12 19:38:33,939 INFO     ___FILE_ONLY___ to
2024-08-12 19:38:33,939 INFO     ___FILE_ONLY___  
2024-08-12 19:38:33,939 INFO     ___FILE_ONLY___ an
2024-08-12 19:38:33,939 INFO     ___FILE_ONLY___  
2024-08-12 19:38:33,939 INFO     ___FILE_ONLY___ existing
2024-08-12 19:38:33,939 INFO     ___FILE_ONLY___  
2024-08-12 19:38:33,939 INFO     ___FILE_ONLY___ named
2024-08-12 19:38:33,939 INFO     ___FILE_ONLY___ 

2024-08-12 19:38:33,940 INFO     ___FILE_ONLY___         
2024-08-12 19:38:33,940 INFO     ___FILE_ONLY___ configuration.
2024-08-12 19:38:33,940 INFO     ___FILE_ONLY___ 

2024-08-12 19:38:33,940 INFO     ___FILE_ONLY___ 

2024-08-12 19:38:33,940 INFO     ___FILE_ONLY___ [m
2024-08-12 19:38:33,940 INFO     ___FILE_ONLY___   
2024-08-12 19:38:33,940 INFO     ___FILE_ONLY___ [1mCredentials[m

2024-08-12 19:38:33,940 INFO     ___FILE_ONLY___    
2024-08-12 19:38:33,940 INFO     ___FILE_ONLY___  
2024-08-12 19:38:33,940 INFO     ___FILE_ONLY___ Grant
2024-08-12 19:38:33,940 INFO     ___FILE_ONLY___  
2024-08-12 19:38:33,940 INFO     ___FILE_ONLY___ and
2024-08-12 19:38:33,940 INFO     ___FILE_ONLY___  
2024-08-12 19:38:33,940 INFO     ___FILE_ONLY___ revoke
2024-08-12 19:38:33,940 INFO     ___FILE_ONLY___  
2024-08-12 19:38:33,940 INFO     ___FILE_ONLY___ authorization
2024-08-12 19:38:33,940 INFO     ___FILE_ONLY___  
2024-08-12 19:38:33,940 INFO     ___FILE_ONLY___ to
2024-08-12 19:38:33,940 INFO     ___FILE_ONLY___  
2024-08-12 19:38:33,940 INFO     ___FILE_ONLY___ Google
2024-08-12 19:38:33,940 INFO     ___FILE_ONLY___  
2024-08-12 19:38:33,940 INFO     ___FILE_ONLY___ Cloud
2024-08-12 19:38:33,940 INFO     ___FILE_ONLY___  
2024-08-12 19:38:33,940 INFO     ___FILE_ONLY___ CLI
2024-08-12 19:38:33,941 INFO     ___FILE_ONLY___ 

2024-08-12 19:38:33,941 INFO     ___FILE_ONLY___ 

2024-08-12 19:38:33,941 INFO     ___FILE_ONLY___       ▪
2024-08-12 19:38:33,941 INFO     ___FILE_ONLY___  
2024-08-12 19:38:33,941 INFO     ___FILE_ONLY___ [1mgcloud
2024-08-12 19:38:33,941 INFO     ___FILE_ONLY___  
2024-08-12 19:38:33,941 INFO     ___FILE_ONLY___ auth
2024-08-12 19:38:33,941 INFO     ___FILE_ONLY___  
2024-08-12 19:38:33,941 INFO     ___FILE_ONLY___ login[m:
2024-08-12 19:38:33,941 INFO     ___FILE_ONLY___  
2024-08-12 19:38:33,941 INFO     ___FILE_ONLY___ Authorize
2024-08-12 19:38:33,941 INFO     ___FILE_ONLY___  
2024-08-12 19:38:33,941 INFO     ___FILE_ONLY___ Google
2024-08-12 19:38:33,941 INFO     ___FILE_ONLY___  
2024-08-12 19:38:33,941 INFO     ___FILE_ONLY___ Cloud
2024-08-12 19:38:33,941 INFO     ___FILE_ONLY___  
2024-08-12 19:38:33,941 INFO     ___FILE_ONLY___ access
2024-08-12 19:38:33,941 INFO     ___FILE_ONLY___  
2024-08-12 19:38:33,941 INFO     ___FILE_ONLY___ for
2024-08-12 19:38:33,941 INFO     ___FILE_ONLY___  
2024-08-12 19:38:33,941 INFO     ___FILE_ONLY___ the
2024-08-12 19:38:33,941 INFO     ___FILE_ONLY___  
2024-08-12 19:38:33,942 INFO     ___FILE_ONLY___ [1mgcloud[m
2024-08-12 19:38:33,942 INFO     ___FILE_ONLY___  
2024-08-12 19:38:33,942 INFO     ___FILE_ONLY___ tool
2024-08-12 19:38:33,942 INFO     ___FILE_ONLY___ 

2024-08-12 19:38:33,942 INFO     ___FILE_ONLY___         
2024-08-12 19:38:33,942 INFO     ___FILE_ONLY___ with
2024-08-12 19:38:33,942 INFO     ___FILE_ONLY___  
2024-08-12 19:38:33,942 INFO     ___FILE_ONLY___ Google
2024-08-12 19:38:33,942 INFO     ___FILE_ONLY___  
2024-08-12 19:38:33,942 INFO     ___FILE_ONLY___ user
2024-08-12 19:38:33,942 INFO     ___FILE_ONLY___  
2024-08-12 19:38:33,942 INFO     ___FILE_ONLY___ credentials
2024-08-12 19:38:33,942 INFO     ___FILE_ONLY___  
2024-08-12 19:38:33,942 INFO     ___FILE_ONLY___ and
2024-08-12 19:38:33,942 INFO     ___FILE_ONLY___  
2024-08-12 19:38:33,942 INFO     ___FILE_ONLY___ set
2024-08-12 19:38:33,942 INFO     ___FILE_ONLY___  
2024-08-12 19:38:33,942 INFO     ___FILE_ONLY___ current
2024-08-12 19:38:33,942 INFO     ___FILE_ONLY___  
2024-08-12 19:38:33,942 INFO     ___FILE_ONLY___ account
2024-08-12 19:38:33,942 INFO     ___FILE_ONLY___  
2024-08-12 19:38:33,942 INFO     ___FILE_ONLY___ as
2024-08-12 19:38:33,942 INFO     ___FILE_ONLY___  
2024-08-12 19:38:33,942 INFO     ___FILE_ONLY___ active.
2024-08-12 19:38:33,942 INFO     ___FILE_ONLY___ 

2024-08-12 19:38:33,943 INFO     ___FILE_ONLY___       ▪
2024-08-12 19:38:33,943 INFO     ___FILE_ONLY___  
2024-08-12 19:38:33,943 INFO     ___FILE_ONLY___ [1mgcloud
2024-08-12 19:38:33,943 INFO     ___FILE_ONLY___  
2024-08-12 19:38:33,943 INFO     ___FILE_ONLY___ auth
2024-08-12 19:38:33,943 INFO     ___FILE_ONLY___  
2024-08-12 19:38:33,943 INFO     ___FILE_ONLY___ activate-service-account[m:
2024-08-12 19:38:33,943 INFO     ___FILE_ONLY___  
2024-08-12 19:38:33,943 INFO     ___FILE_ONLY___ Like
2024-08-12 19:38:33,943 INFO     ___FILE_ONLY___  
2024-08-12 19:38:33,943 INFO     ___FILE_ONLY___ [1mgcloud
2024-08-12 19:38:33,943 INFO     ___FILE_ONLY___  
2024-08-12 19:38:33,943 INFO     ___FILE_ONLY___ auth
2024-08-12 19:38:33,943 INFO     ___FILE_ONLY___  
2024-08-12 19:38:33,943 INFO     ___FILE_ONLY___ login[m
2024-08-12 19:38:33,943 INFO     ___FILE_ONLY___  
2024-08-12 19:38:33,943 INFO     ___FILE_ONLY___ but
2024-08-12 19:38:33,943 INFO     ___FILE_ONLY___  
2024-08-12 19:38:33,943 INFO     ___FILE_ONLY___ with
2024-08-12 19:38:33,943 INFO     ___FILE_ONLY___ 

2024-08-12 19:38:33,943 INFO     ___FILE_ONLY___         
2024-08-12 19:38:33,943 INFO     ___FILE_ONLY___ service
2024-08-12 19:38:33,944 INFO     ___FILE_ONLY___  
2024-08-12 19:38:33,944 INFO     ___FILE_ONLY___ account
2024-08-12 19:38:33,944 INFO     ___FILE_ONLY___  
2024-08-12 19:38:33,944 INFO     ___FILE_ONLY___ credentials.
2024-08-12 19:38:33,944 INFO     ___FILE_ONLY___ 

2024-08-12 19:38:33,944 INFO     ___FILE_ONLY___       ▪
2024-08-12 19:38:33,944 INFO     ___FILE_ONLY___  
2024-08-12 19:38:33,944 INFO     ___FILE_ONLY___ [1mgcloud
2024-08-12 19:38:33,944 INFO     ___FILE_ONLY___  
2024-08-12 19:38:33,944 INFO     ___FILE_ONLY___ auth
2024-08-12 19:38:33,944 INFO     ___FILE_ONLY___  
2024-08-12 19:38:33,944 INFO     ___FILE_ONLY___ list[m:
2024-08-12 19:38:33,944 INFO     ___FILE_ONLY___  
2024-08-12 19:38:33,944 INFO     ___FILE_ONLY___ List
2024-08-12 19:38:33,944 INFO     ___FILE_ONLY___  
2024-08-12 19:38:33,944 INFO     ___FILE_ONLY___ all
2024-08-12 19:38:33,944 INFO     ___FILE_ONLY___  
2024-08-12 19:38:33,944 INFO     ___FILE_ONLY___ credentialed
2024-08-12 19:38:33,944 INFO     ___FILE_ONLY___  
2024-08-12 19:38:33,944 INFO     ___FILE_ONLY___ accounts.
2024-08-12 19:38:33,944 INFO     ___FILE_ONLY___ 

2024-08-12 19:38:33,944 INFO     ___FILE_ONLY___       ▪
2024-08-12 19:38:33,944 INFO     ___FILE_ONLY___  
2024-08-12 19:38:33,945 INFO     ___FILE_ONLY___ [1mgcloud
2024-08-12 19:38:33,945 INFO     ___FILE_ONLY___  
2024-08-12 19:38:33,945 INFO     ___FILE_ONLY___ auth
2024-08-12 19:38:33,945 INFO     ___FILE_ONLY___  
2024-08-12 19:38:33,945 INFO     ___FILE_ONLY___ print-access-token[m:
2024-08-12 19:38:33,945 INFO     ___FILE_ONLY___  
2024-08-12 19:38:33,945 INFO     ___FILE_ONLY___ Display
2024-08-12 19:38:33,945 INFO     ___FILE_ONLY___  
2024-08-12 19:38:33,945 INFO     ___FILE_ONLY___ the
2024-08-12 19:38:33,945 INFO     ___FILE_ONLY___  
2024-08-12 19:38:33,945 INFO     ___FILE_ONLY___ current
2024-08-12 19:38:33,945 INFO     ___FILE_ONLY___  
2024-08-12 19:38:33,945 INFO     ___FILE_ONLY___ account's
2024-08-12 19:38:33,945 INFO     ___FILE_ONLY___  
2024-08-12 19:38:33,945 INFO     ___FILE_ONLY___ access
2024-08-12 19:38:33,945 INFO     ___FILE_ONLY___ 

2024-08-12 19:38:33,945 INFO     ___FILE_ONLY___         
2024-08-12 19:38:33,945 INFO     ___FILE_ONLY___ token.
2024-08-12 19:38:33,945 INFO     ___FILE_ONLY___ 

2024-08-12 19:38:33,945 INFO     ___FILE_ONLY___       ▪
2024-08-12 19:38:33,945 INFO     ___FILE_ONLY___  
2024-08-12 19:38:33,945 INFO     ___FILE_ONLY___ [1mgcloud
2024-08-12 19:38:33,946 INFO     ___FILE_ONLY___  
2024-08-12 19:38:33,946 INFO     ___FILE_ONLY___ auth
2024-08-12 19:38:33,946 INFO     ___FILE_ONLY___  
2024-08-12 19:38:33,946 INFO     ___FILE_ONLY___ revoke[m:
2024-08-12 19:38:33,946 INFO     ___FILE_ONLY___  
2024-08-12 19:38:33,946 INFO     ___FILE_ONLY___ Remove
2024-08-12 19:38:33,946 INFO     ___FILE_ONLY___  
2024-08-12 19:38:33,946 INFO     ___FILE_ONLY___ access
2024-08-12 19:38:33,946 INFO     ___FILE_ONLY___  
2024-08-12 19:38:33,946 INFO     ___FILE_ONLY___ credentials
2024-08-12 19:38:33,946 INFO     ___FILE_ONLY___  
2024-08-12 19:38:33,946 INFO     ___FILE_ONLY___ for
2024-08-12 19:38:33,946 INFO     ___FILE_ONLY___  
2024-08-12 19:38:33,946 INFO     ___FILE_ONLY___ an
2024-08-12 19:38:33,946 INFO     ___FILE_ONLY___  
2024-08-12 19:38:33,946 INFO     ___FILE_ONLY___ account.
2024-08-12 19:38:33,946 INFO     ___FILE_ONLY___ 

2024-08-12 19:38:33,946 INFO     ___FILE_ONLY___ 

2024-08-12 19:38:33,946 INFO     ___FILE_ONLY___ [m
2024-08-12 19:38:33,946 INFO     ___FILE_ONLY___   
2024-08-12 19:38:33,946 INFO     ___FILE_ONLY___ [1mProjects[m

2024-08-12 19:38:33,946 INFO     ___FILE_ONLY___    
2024-08-12 19:38:33,946 INFO     ___FILE_ONLY___  
2024-08-12 19:38:33,947 INFO     ___FILE_ONLY___ Manage
2024-08-12 19:38:33,947 INFO     ___FILE_ONLY___  
2024-08-12 19:38:33,947 INFO     ___FILE_ONLY___ project
2024-08-12 19:38:33,947 INFO     ___FILE_ONLY___  
2024-08-12 19:38:33,947 INFO     ___FILE_ONLY___ access
2024-08-12 19:38:33,947 INFO     ___FILE_ONLY___  
2024-08-12 19:38:33,947 INFO     ___FILE_ONLY___ policies
2024-08-12 19:38:33,947 INFO     ___FILE_ONLY___ 

2024-08-12 19:38:33,947 INFO     ___FILE_ONLY___ 

2024-08-12 19:38:33,947 INFO     ___FILE_ONLY___       ▪
2024-08-12 19:38:33,947 INFO     ___FILE_ONLY___  
2024-08-12 19:38:33,947 INFO     ___FILE_ONLY___ [1mgcloud
2024-08-12 19:38:33,947 INFO     ___FILE_ONLY___  
2024-08-12 19:38:33,947 INFO     ___FILE_ONLY___ projects
2024-08-12 19:38:33,947 INFO     ___FILE_ONLY___  
2024-08-12 19:38:33,947 INFO     ___FILE_ONLY___ describe[m:
2024-08-12 19:38:33,947 INFO     ___FILE_ONLY___  
2024-08-12 19:38:33,947 INFO     ___FILE_ONLY___ Display
2024-08-12 19:38:33,947 INFO     ___FILE_ONLY___  
2024-08-12 19:38:33,948 INFO     ___FILE_ONLY___ metadata
2024-08-12 19:38:33,948 INFO     ___FILE_ONLY___  
2024-08-12 19:38:33,948 INFO     ___FILE_ONLY___ for
2024-08-12 19:38:33,948 INFO     ___FILE_ONLY___  
2024-08-12 19:38:33,948 INFO     ___FILE_ONLY___ a
2024-08-12 19:38:33,948 INFO     ___FILE_ONLY___  
2024-08-12 19:38:33,948 INFO     ___FILE_ONLY___ project
2024-08-12 19:38:33,948 INFO     ___FILE_ONLY___  
2024-08-12 19:38:33,948 INFO     ___FILE_ONLY___ (including
2024-08-12 19:38:33,948 INFO     ___FILE_ONLY___ 

2024-08-12 19:38:33,948 INFO     ___FILE_ONLY___         
2024-08-12 19:38:33,948 INFO     ___FILE_ONLY___ its
2024-08-12 19:38:33,948 INFO     ___FILE_ONLY___  
2024-08-12 19:38:33,948 INFO     ___FILE_ONLY___ ID).
2024-08-12 19:38:33,948 INFO     ___FILE_ONLY___ 

2024-08-12 19:38:33,948 INFO     ___FILE_ONLY___       ▪
2024-08-12 19:38:33,948 INFO     ___FILE_ONLY___  
2024-08-12 19:38:33,948 INFO     ___FILE_ONLY___ [1mgcloud
2024-08-12 19:38:33,948 INFO     ___FILE_ONLY___  
2024-08-12 19:38:33,948 INFO     ___FILE_ONLY___ projects
2024-08-12 19:38:33,948 INFO     ___FILE_ONLY___  
2024-08-12 19:38:33,948 INFO     ___FILE_ONLY___ add-iam-policy-binding[m:
2024-08-12 19:38:33,948 INFO     ___FILE_ONLY___  
2024-08-12 19:38:33,948 INFO     ___FILE_ONLY___ Add
2024-08-12 19:38:33,949 INFO     ___FILE_ONLY___  
2024-08-12 19:38:33,949 INFO     ___FILE_ONLY___ an
2024-08-12 19:38:33,949 INFO     ___FILE_ONLY___  
2024-08-12 19:38:33,949 INFO     ___FILE_ONLY___ IAM
2024-08-12 19:38:33,949 INFO     ___FILE_ONLY___  
2024-08-12 19:38:33,949 INFO     ___FILE_ONLY___ policy
2024-08-12 19:38:33,949 INFO     ___FILE_ONLY___  
2024-08-12 19:38:33,949 INFO     ___FILE_ONLY___ binding
2024-08-12 19:38:33,949 INFO     ___FILE_ONLY___  
2024-08-12 19:38:33,949 INFO     ___FILE_ONLY___ to
2024-08-12 19:38:33,949 INFO     ___FILE_ONLY___ 

2024-08-12 19:38:33,949 INFO     ___FILE_ONLY___         
2024-08-12 19:38:33,949 INFO     ___FILE_ONLY___ a
2024-08-12 19:38:33,949 INFO     ___FILE_ONLY___  
2024-08-12 19:38:33,949 INFO     ___FILE_ONLY___ specified
2024-08-12 19:38:33,949 INFO     ___FILE_ONLY___  
2024-08-12 19:38:33,949 INFO     ___FILE_ONLY___ project.
2024-08-12 19:38:33,949 INFO     ___FILE_ONLY___ 

2024-08-12 19:38:33,949 INFO     ___FILE_ONLY___ 

2024-08-12 19:38:33,949 INFO     ___FILE_ONLY___ [m
2024-08-12 19:38:33,949 INFO     ___FILE_ONLY___   
2024-08-12 19:38:33,949 INFO     ___FILE_ONLY___ [1mIdentity & Access Management[m

2024-08-12 19:38:33,949 INFO     ___FILE_ONLY___    
2024-08-12 19:38:33,950 INFO     ___FILE_ONLY___  
2024-08-12 19:38:33,950 INFO     ___FILE_ONLY___ Configuring
2024-08-12 19:38:33,950 INFO     ___FILE_ONLY___  
2024-08-12 19:38:33,950 INFO     ___FILE_ONLY___ Cloud
2024-08-12 19:38:33,950 INFO     ___FILE_ONLY___  
2024-08-12 19:38:33,950 INFO     ___FILE_ONLY___ Identity
2024-08-12 19:38:33,950 INFO     ___FILE_ONLY___  
2024-08-12 19:38:33,950 INFO     ___FILE_ONLY___ &
2024-08-12 19:38:33,950 INFO     ___FILE_ONLY___  
2024-08-12 19:38:33,950 INFO     ___FILE_ONLY___ Access
2024-08-12 19:38:33,950 INFO     ___FILE_ONLY___  
2024-08-12 19:38:33,950 INFO     ___FILE_ONLY___ Management
2024-08-12 19:38:33,950 INFO     ___FILE_ONLY___  
2024-08-12 19:38:33,950 INFO     ___FILE_ONLY___ (IAM)
2024-08-12 19:38:33,950 INFO     ___FILE_ONLY___  
2024-08-12 19:38:33,950 INFO     ___FILE_ONLY___ preferences
2024-08-12 19:38:33,950 INFO     ___FILE_ONLY___  
2024-08-12 19:38:33,950 INFO     ___FILE_ONLY___ and
2024-08-12 19:38:33,950 INFO     ___FILE_ONLY___ 

2024-08-12 19:38:33,950 INFO     ___FILE_ONLY___     
2024-08-12 19:38:33,950 INFO     ___FILE_ONLY___ service
2024-08-12 19:38:33,950 INFO     ___FILE_ONLY___  
2024-08-12 19:38:33,950 INFO     ___FILE_ONLY___ accounts
2024-08-12 19:38:33,950 INFO     ___FILE_ONLY___ 

2024-08-12 19:38:33,951 INFO     ___FILE_ONLY___ 

2024-08-12 19:38:33,951 INFO     ___FILE_ONLY___       ▪
2024-08-12 19:38:33,951 INFO     ___FILE_ONLY___  
2024-08-12 19:38:33,951 INFO     ___FILE_ONLY___ [1mgcloud
2024-08-12 19:38:33,951 INFO     ___FILE_ONLY___  
2024-08-12 19:38:33,951 INFO     ___FILE_ONLY___ iam
2024-08-12 19:38:33,951 INFO     ___FILE_ONLY___  
2024-08-12 19:38:33,951 INFO     ___FILE_ONLY___ list-grantable-roles[m:
2024-08-12 19:38:33,951 INFO     ___FILE_ONLY___  
2024-08-12 19:38:33,951 INFO     ___FILE_ONLY___ List
2024-08-12 19:38:33,951 INFO     ___FILE_ONLY___  
2024-08-12 19:38:33,951 INFO     ___FILE_ONLY___ IAM
2024-08-12 19:38:33,951 INFO     ___FILE_ONLY___  
2024-08-12 19:38:33,951 INFO     ___FILE_ONLY___ grantable
2024-08-12 19:38:33,951 INFO     ___FILE_ONLY___  
2024-08-12 19:38:33,951 INFO     ___FILE_ONLY___ roles
2024-08-12 19:38:33,951 INFO     ___FILE_ONLY___  
2024-08-12 19:38:33,951 INFO     ___FILE_ONLY___ for
2024-08-12 19:38:33,951 INFO     ___FILE_ONLY___  
2024-08-12 19:38:33,951 INFO     ___FILE_ONLY___ a
2024-08-12 19:38:33,951 INFO     ___FILE_ONLY___ 

2024-08-12 19:38:33,951 INFO     ___FILE_ONLY___         
2024-08-12 19:38:33,952 INFO     ___FILE_ONLY___ resource.
2024-08-12 19:38:33,952 INFO     ___FILE_ONLY___ 

2024-08-12 19:38:33,952 INFO     ___FILE_ONLY___       ▪
2024-08-12 19:38:33,952 INFO     ___FILE_ONLY___  
2024-08-12 19:38:33,952 INFO     ___FILE_ONLY___ [1mgcloud
2024-08-12 19:38:33,952 INFO     ___FILE_ONLY___  
2024-08-12 19:38:33,952 INFO     ___FILE_ONLY___ iam
2024-08-12 19:38:33,952 INFO     ___FILE_ONLY___  
2024-08-12 19:38:33,952 INFO     ___FILE_ONLY___ roles
2024-08-12 19:38:33,952 INFO     ___FILE_ONLY___  
2024-08-12 19:38:33,952 INFO     ___FILE_ONLY___ create[m:
2024-08-12 19:38:33,952 INFO     ___FILE_ONLY___  
2024-08-12 19:38:33,952 INFO     ___FILE_ONLY___ Create
2024-08-12 19:38:33,952 INFO     ___FILE_ONLY___  
2024-08-12 19:38:33,952 INFO     ___FILE_ONLY___ a
2024-08-12 19:38:33,952 INFO     ___FILE_ONLY___  
2024-08-12 19:38:33,952 INFO     ___FILE_ONLY___ custom
2024-08-12 19:38:33,952 INFO     ___FILE_ONLY___  
2024-08-12 19:38:33,952 INFO     ___FILE_ONLY___ role
2024-08-12 19:38:33,952 INFO     ___FILE_ONLY___  
2024-08-12 19:38:33,952 INFO     ___FILE_ONLY___ for
2024-08-12 19:38:33,952 INFO     ___FILE_ONLY___  
2024-08-12 19:38:33,952 INFO     ___FILE_ONLY___ a
2024-08-12 19:38:33,952 INFO     ___FILE_ONLY___  
2024-08-12 19:38:33,952 INFO     ___FILE_ONLY___ project
2024-08-12 19:38:33,953 INFO     ___FILE_ONLY___  
2024-08-12 19:38:33,953 INFO     ___FILE_ONLY___ or
2024-08-12 19:38:33,953 INFO     ___FILE_ONLY___  
2024-08-12 19:38:33,953 INFO     ___FILE_ONLY___ org.
2024-08-12 19:38:33,953 INFO     ___FILE_ONLY___ 

2024-08-12 19:38:33,953 INFO     ___FILE_ONLY___       ▪
2024-08-12 19:38:33,953 INFO     ___FILE_ONLY___  
2024-08-12 19:38:33,953 INFO     ___FILE_ONLY___ [1mgcloud
2024-08-12 19:38:33,953 INFO     ___FILE_ONLY___  
2024-08-12 19:38:33,953 INFO     ___FILE_ONLY___ iam
2024-08-12 19:38:33,953 INFO     ___FILE_ONLY___  
2024-08-12 19:38:33,953 INFO     ___FILE_ONLY___ service-accounts
2024-08-12 19:38:33,953 INFO     ___FILE_ONLY___  
2024-08-12 19:38:33,953 INFO     ___FILE_ONLY___ create[m:
2024-08-12 19:38:33,953 INFO     ___FILE_ONLY___  
2024-08-12 19:38:33,953 INFO     ___FILE_ONLY___ Create
2024-08-12 19:38:33,953 INFO     ___FILE_ONLY___  
2024-08-12 19:38:33,953 INFO     ___FILE_ONLY___ a
2024-08-12 19:38:33,953 INFO     ___FILE_ONLY___  
2024-08-12 19:38:33,953 INFO     ___FILE_ONLY___ service
2024-08-12 19:38:33,953 INFO     ___FILE_ONLY___  
2024-08-12 19:38:33,953 INFO     ___FILE_ONLY___ account
2024-08-12 19:38:33,954 INFO     ___FILE_ONLY___  
2024-08-12 19:38:33,954 INFO     ___FILE_ONLY___ for
2024-08-12 19:38:33,954 INFO     ___FILE_ONLY___  
2024-08-12 19:38:33,954 INFO     ___FILE_ONLY___ a
2024-08-12 19:38:33,954 INFO     ___FILE_ONLY___ 

2024-08-12 19:38:33,954 INFO     ___FILE_ONLY___         
2024-08-12 19:38:33,954 INFO     ___FILE_ONLY___ project.
2024-08-12 19:38:33,954 INFO     ___FILE_ONLY___ 

2024-08-12 19:38:33,954 INFO     ___FILE_ONLY___       ▪
2024-08-12 19:38:33,954 INFO     ___FILE_ONLY___  
2024-08-12 19:38:33,954 INFO     ___FILE_ONLY___ [1mgcloud
2024-08-12 19:38:33,954 INFO     ___FILE_ONLY___  
2024-08-12 19:38:33,954 INFO     ___FILE_ONLY___ iam
2024-08-12 19:38:33,954 INFO     ___FILE_ONLY___  
2024-08-12 19:38:33,954 INFO     ___FILE_ONLY___ service-accounts
2024-08-12 19:38:33,954 INFO     ___FILE_ONLY___  
2024-08-12 19:38:33,954 INFO     ___FILE_ONLY___ add-iam-policy-binding[m:
2024-08-12 19:38:33,954 INFO     ___FILE_ONLY___  
2024-08-12 19:38:33,954 INFO     ___FILE_ONLY___ Add
2024-08-12 19:38:33,954 INFO     ___FILE_ONLY___  
2024-08-12 19:38:33,954 INFO     ___FILE_ONLY___ an
2024-08-12 19:38:33,954 INFO     ___FILE_ONLY___  
2024-08-12 19:38:33,954 INFO     ___FILE_ONLY___ IAM
2024-08-12 19:38:33,954 INFO     ___FILE_ONLY___  
2024-08-12 19:38:33,955 INFO     ___FILE_ONLY___ policy
2024-08-12 19:38:33,955 INFO     ___FILE_ONLY___ 

2024-08-12 19:38:33,955 INFO     ___FILE_ONLY___         
2024-08-12 19:38:33,955 INFO     ___FILE_ONLY___ binding
2024-08-12 19:38:33,955 INFO     ___FILE_ONLY___  
2024-08-12 19:38:33,955 INFO     ___FILE_ONLY___ to
2024-08-12 19:38:33,955 INFO     ___FILE_ONLY___  
2024-08-12 19:38:33,955 INFO     ___FILE_ONLY___ a
2024-08-12 19:38:33,955 INFO     ___FILE_ONLY___  
2024-08-12 19:38:33,955 INFO     ___FILE_ONLY___ service
2024-08-12 19:38:33,955 INFO     ___FILE_ONLY___  
2024-08-12 19:38:33,955 INFO     ___FILE_ONLY___ account.
2024-08-12 19:38:33,955 INFO     ___FILE_ONLY___ 

2024-08-12 19:38:33,955 INFO     ___FILE_ONLY___       ▪
2024-08-12 19:38:33,955 INFO     ___FILE_ONLY___  
2024-08-12 19:38:33,955 INFO     ___FILE_ONLY___ [1mgcloud
2024-08-12 19:38:33,955 INFO     ___FILE_ONLY___  
2024-08-12 19:38:33,955 INFO     ___FILE_ONLY___ iam
2024-08-12 19:38:33,955 INFO     ___FILE_ONLY___  
2024-08-12 19:38:33,955 INFO     ___FILE_ONLY___ service-accounts
2024-08-12 19:38:33,955 INFO     ___FILE_ONLY___  
2024-08-12 19:38:33,955 INFO     ___FILE_ONLY___ set-iam-policy[m:
2024-08-12 19:38:33,955 INFO     ___FILE_ONLY___  
2024-08-12 19:38:33,955 INFO     ___FILE_ONLY___ Replace
2024-08-12 19:38:33,956 INFO     ___FILE_ONLY___  
2024-08-12 19:38:33,956 INFO     ___FILE_ONLY___ existing
2024-08-12 19:38:33,956 INFO     ___FILE_ONLY___  
2024-08-12 19:38:33,956 INFO     ___FILE_ONLY___ IAM
2024-08-12 19:38:33,956 INFO     ___FILE_ONLY___ 

2024-08-12 19:38:33,956 INFO     ___FILE_ONLY___         
2024-08-12 19:38:33,956 INFO     ___FILE_ONLY___ policy
2024-08-12 19:38:33,956 INFO     ___FILE_ONLY___  
2024-08-12 19:38:33,956 INFO     ___FILE_ONLY___ binding.
2024-08-12 19:38:33,956 INFO     ___FILE_ONLY___ 

2024-08-12 19:38:33,956 INFO     ___FILE_ONLY___       ▪
2024-08-12 19:38:33,956 INFO     ___FILE_ONLY___  
2024-08-12 19:38:33,956 INFO     ___FILE_ONLY___ [1mgcloud
2024-08-12 19:38:33,956 INFO     ___FILE_ONLY___  
2024-08-12 19:38:33,956 INFO     ___FILE_ONLY___ iam
2024-08-12 19:38:33,956 INFO     ___FILE_ONLY___  
2024-08-12 19:38:33,956 INFO     ___FILE_ONLY___ service-accounts
2024-08-12 19:38:33,956 INFO     ___FILE_ONLY___  
2024-08-12 19:38:33,956 INFO     ___FILE_ONLY___ keys
2024-08-12 19:38:33,956 INFO     ___FILE_ONLY___  
2024-08-12 19:38:33,956 INFO     ___FILE_ONLY___ list[m:
2024-08-12 19:38:33,956 INFO     ___FILE_ONLY___  
2024-08-12 19:38:33,956 INFO     ___FILE_ONLY___ List
2024-08-12 19:38:33,956 INFO     ___FILE_ONLY___  
2024-08-12 19:38:33,956 INFO     ___FILE_ONLY___ a
2024-08-12 19:38:33,957 INFO     ___FILE_ONLY___  
2024-08-12 19:38:33,957 INFO     ___FILE_ONLY___ service
2024-08-12 19:38:33,957 INFO     ___FILE_ONLY___  
2024-08-12 19:38:33,957 INFO     ___FILE_ONLY___ account's
2024-08-12 19:38:33,957 INFO     ___FILE_ONLY___  
2024-08-12 19:38:33,957 INFO     ___FILE_ONLY___ keys.
2024-08-12 19:38:33,957 INFO     ___FILE_ONLY___ 

2024-08-12 19:38:33,957 INFO     ___FILE_ONLY___ 

2024-08-12 19:38:33,957 INFO     ___FILE_ONLY___ [m
2024-08-12 19:38:33,957 INFO     ___FILE_ONLY___   
2024-08-12 19:38:33,957 INFO     ___FILE_ONLY___ [1mDocker & Google Kubernetes Engine (GKE)[m

2024-08-12 19:38:33,957 INFO     ___FILE_ONLY___    
2024-08-12 19:38:33,957 INFO     ___FILE_ONLY___  
2024-08-12 19:38:33,957 INFO     ___FILE_ONLY___ Manage
2024-08-12 19:38:33,957 INFO     ___FILE_ONLY___  
2024-08-12 19:38:33,957 INFO     ___FILE_ONLY___ containerized
2024-08-12 19:38:33,957 INFO     ___FILE_ONLY___  
2024-08-12 19:38:33,957 INFO     ___FILE_ONLY___ applications
2024-08-12 19:38:33,957 INFO     ___FILE_ONLY___  
2024-08-12 19:38:33,957 INFO     ___FILE_ONLY___ on
2024-08-12 19:38:33,957 INFO     ___FILE_ONLY___  
2024-08-12 19:38:33,957 INFO     ___FILE_ONLY___ Kubernetes
2024-08-12 19:38:33,958 INFO     ___FILE_ONLY___ 

2024-08-12 19:38:33,958 INFO     ___FILE_ONLY___ 

2024-08-12 19:38:33,958 INFO     ___FILE_ONLY___       ▪
2024-08-12 19:38:33,958 INFO     ___FILE_ONLY___  
2024-08-12 19:38:33,958 INFO     ___FILE_ONLY___ [1mgcloud
2024-08-12 19:38:33,958 INFO     ___FILE_ONLY___  
2024-08-12 19:38:33,958 INFO     ___FILE_ONLY___ auth
2024-08-12 19:38:33,958 INFO     ___FILE_ONLY___  
2024-08-12 19:38:33,958 INFO     ___FILE_ONLY___ configure-docker[m:
2024-08-12 19:38:33,958 INFO     ___FILE_ONLY___  
2024-08-12 19:38:33,958 INFO     ___FILE_ONLY___ Register
2024-08-12 19:38:33,958 INFO     ___FILE_ONLY___  
2024-08-12 19:38:33,958 INFO     ___FILE_ONLY___ the
2024-08-12 19:38:33,958 INFO     ___FILE_ONLY___  
2024-08-12 19:38:33,958 INFO     ___FILE_ONLY___ [1mgcloud[m
2024-08-12 19:38:33,958 INFO     ___FILE_ONLY___  
2024-08-12 19:38:33,958 INFO     ___FILE_ONLY___ tool
2024-08-12 19:38:33,958 INFO     ___FILE_ONLY___  
2024-08-12 19:38:33,958 INFO     ___FILE_ONLY___ as
2024-08-12 19:38:33,958 INFO     ___FILE_ONLY___  
2024-08-12 19:38:33,958 INFO     ___FILE_ONLY___ a
2024-08-12 19:38:33,958 INFO     ___FILE_ONLY___  
2024-08-12 19:38:33,959 INFO     ___FILE_ONLY___ Docker
2024-08-12 19:38:33,959 INFO     ___FILE_ONLY___ 

2024-08-12 19:38:33,959 INFO     ___FILE_ONLY___         
2024-08-12 19:38:33,959 INFO     ___FILE_ONLY___ credential
2024-08-12 19:38:33,959 INFO     ___FILE_ONLY___  
2024-08-12 19:38:33,959 INFO     ___FILE_ONLY___ helper.
2024-08-12 19:38:33,959 INFO     ___FILE_ONLY___ 

2024-08-12 19:38:33,959 INFO     ___FILE_ONLY___       ▪
2024-08-12 19:38:33,959 INFO     ___FILE_ONLY___  
2024-08-12 19:38:33,959 INFO     ___FILE_ONLY___ [1mgcloud
2024-08-12 19:38:33,959 INFO     ___FILE_ONLY___  
2024-08-12 19:38:33,959 INFO     ___FILE_ONLY___ container
2024-08-12 19:38:33,959 INFO     ___FILE_ONLY___  
2024-08-12 19:38:33,959 INFO     ___FILE_ONLY___ clusters
2024-08-12 19:38:33,959 INFO     ___FILE_ONLY___  
2024-08-12 19:38:33,959 INFO     ___FILE_ONLY___ create[m:
2024-08-12 19:38:33,959 INFO     ___FILE_ONLY___  
2024-08-12 19:38:33,959 INFO     ___FILE_ONLY___ Create
2024-08-12 19:38:33,959 INFO     ___FILE_ONLY___  
2024-08-12 19:38:33,959 INFO     ___FILE_ONLY___ a
2024-08-12 19:38:33,959 INFO     ___FILE_ONLY___  
2024-08-12 19:38:33,959 INFO     ___FILE_ONLY___ cluster
2024-08-12 19:38:33,959 INFO     ___FILE_ONLY___  
2024-08-12 19:38:33,960 INFO     ___FILE_ONLY___ to
2024-08-12 19:38:33,960 INFO     ___FILE_ONLY___  
2024-08-12 19:38:33,960 INFO     ___FILE_ONLY___ run
2024-08-12 19:38:33,960 INFO     ___FILE_ONLY___  
2024-08-12 19:38:33,960 INFO     ___FILE_ONLY___ GKE
2024-08-12 19:38:33,960 INFO     ___FILE_ONLY___ 

2024-08-12 19:38:33,960 INFO     ___FILE_ONLY___         
2024-08-12 19:38:33,960 INFO     ___FILE_ONLY___ containers.
2024-08-12 19:38:33,960 INFO     ___FILE_ONLY___ 

2024-08-12 19:38:33,960 INFO     ___FILE_ONLY___       ▪
2024-08-12 19:38:33,960 INFO     ___FILE_ONLY___  
2024-08-12 19:38:33,960 INFO     ___FILE_ONLY___ [1mgcloud
2024-08-12 19:38:33,960 INFO     ___FILE_ONLY___  
2024-08-12 19:38:33,960 INFO     ___FILE_ONLY___ container
2024-08-12 19:38:33,960 INFO     ___FILE_ONLY___  
2024-08-12 19:38:33,960 INFO     ___FILE_ONLY___ clusters
2024-08-12 19:38:33,960 INFO     ___FILE_ONLY___  
2024-08-12 19:38:33,960 INFO     ___FILE_ONLY___ list[m:
2024-08-12 19:38:33,960 INFO     ___FILE_ONLY___  
2024-08-12 19:38:33,960 INFO     ___FILE_ONLY___ List
2024-08-12 19:38:33,960 INFO     ___FILE_ONLY___  
2024-08-12 19:38:33,960 INFO     ___FILE_ONLY___ clusters
2024-08-12 19:38:33,960 INFO     ___FILE_ONLY___  
2024-08-12 19:38:33,960 INFO     ___FILE_ONLY___ for
2024-08-12 19:38:33,960 INFO     ___FILE_ONLY___  
2024-08-12 19:38:33,961 INFO     ___FILE_ONLY___ running
2024-08-12 19:38:33,961 INFO     ___FILE_ONLY___  
2024-08-12 19:38:33,961 INFO     ___FILE_ONLY___ GKE
2024-08-12 19:38:33,961 INFO     ___FILE_ONLY___ 

2024-08-12 19:38:33,961 INFO     ___FILE_ONLY___         
2024-08-12 19:38:33,961 INFO     ___FILE_ONLY___ containers.
2024-08-12 19:38:33,961 INFO     ___FILE_ONLY___ 

2024-08-12 19:38:33,961 INFO     ___FILE_ONLY___       ▪
2024-08-12 19:38:33,961 INFO     ___FILE_ONLY___  
2024-08-12 19:38:33,961 INFO     ___FILE_ONLY___ [1mgcloud
2024-08-12 19:38:33,961 INFO     ___FILE_ONLY___  
2024-08-12 19:38:33,961 INFO     ___FILE_ONLY___ container
2024-08-12 19:38:33,961 INFO     ___FILE_ONLY___  
2024-08-12 19:38:33,961 INFO     ___FILE_ONLY___ clusters
2024-08-12 19:38:33,961 INFO     ___FILE_ONLY___  
2024-08-12 19:38:33,961 INFO     ___FILE_ONLY___ get-credentials[m:
2024-08-12 19:38:33,961 INFO     ___FILE_ONLY___  
2024-08-12 19:38:33,961 INFO     ___FILE_ONLY___ Update
2024-08-12 19:38:33,961 INFO     ___FILE_ONLY___  
2024-08-12 19:38:33,962 INFO     ___FILE_ONLY___ [1mkubeconfig[m
2024-08-12 19:38:33,962 INFO     ___FILE_ONLY___  
2024-08-12 19:38:33,962 INFO     ___FILE_ONLY___ to
2024-08-12 19:38:33,962 INFO     ___FILE_ONLY___  
2024-08-12 19:38:33,962 INFO     ___FILE_ONLY___ get
2024-08-12 19:38:33,962 INFO     ___FILE_ONLY___ 

2024-08-12 19:38:33,962 INFO     ___FILE_ONLY___         
2024-08-12 19:38:33,962 INFO     ___FILE_ONLY___ [1mkubectl[m
2024-08-12 19:38:33,962 INFO     ___FILE_ONLY___  
2024-08-12 19:38:33,962 INFO     ___FILE_ONLY___ to
2024-08-12 19:38:33,962 INFO     ___FILE_ONLY___  
2024-08-12 19:38:33,962 INFO     ___FILE_ONLY___ use
2024-08-12 19:38:33,962 INFO     ___FILE_ONLY___  
2024-08-12 19:38:33,962 INFO     ___FILE_ONLY___ a
2024-08-12 19:38:33,962 INFO     ___FILE_ONLY___  
2024-08-12 19:38:33,962 INFO     ___FILE_ONLY___ GKE
2024-08-12 19:38:33,962 INFO     ___FILE_ONLY___  
2024-08-12 19:38:33,962 INFO     ___FILE_ONLY___ cluster.
2024-08-12 19:38:33,962 INFO     ___FILE_ONLY___ 

2024-08-12 19:38:33,962 INFO     ___FILE_ONLY___       ▪
2024-08-12 19:38:33,962 INFO     ___FILE_ONLY___  
2024-08-12 19:38:33,962 INFO     ___FILE_ONLY___ [1mgcloud
2024-08-12 19:38:33,962 INFO     ___FILE_ONLY___  
2024-08-12 19:38:33,963 INFO     ___FILE_ONLY___ container
2024-08-12 19:38:33,963 INFO     ___FILE_ONLY___  
2024-08-12 19:38:33,963 INFO     ___FILE_ONLY___ images
2024-08-12 19:38:33,963 INFO     ___FILE_ONLY___  
2024-08-12 19:38:33,963 INFO     ___FILE_ONLY___ list-tags[m:
2024-08-12 19:38:33,963 INFO     ___FILE_ONLY___  
2024-08-12 19:38:33,963 INFO     ___FILE_ONLY___ List
2024-08-12 19:38:33,963 INFO     ___FILE_ONLY___  
2024-08-12 19:38:33,963 INFO     ___FILE_ONLY___ tag
2024-08-12 19:38:33,963 INFO     ___FILE_ONLY___  
2024-08-12 19:38:33,963 INFO     ___FILE_ONLY___ and
2024-08-12 19:38:33,963 INFO     ___FILE_ONLY___  
2024-08-12 19:38:33,963 INFO     ___FILE_ONLY___ digest
2024-08-12 19:38:33,963 INFO     ___FILE_ONLY___  
2024-08-12 19:38:33,963 INFO     ___FILE_ONLY___ metadata
2024-08-12 19:38:33,963 INFO     ___FILE_ONLY___  
2024-08-12 19:38:33,963 INFO     ___FILE_ONLY___ for
2024-08-12 19:38:33,963 INFO     ___FILE_ONLY___  
2024-08-12 19:38:33,963 INFO     ___FILE_ONLY___ a
2024-08-12 19:38:33,963 INFO     ___FILE_ONLY___ 

2024-08-12 19:38:33,963 INFO     ___FILE_ONLY___         
2024-08-12 19:38:33,963 INFO     ___FILE_ONLY___ container
2024-08-12 19:38:33,963 INFO     ___FILE_ONLY___  
2024-08-12 19:38:33,963 INFO     ___FILE_ONLY___ image.
2024-08-12 19:38:33,963 INFO     ___FILE_ONLY___ 

2024-08-12 19:38:33,964 INFO     ___FILE_ONLY___ 

2024-08-12 19:38:33,964 INFO     ___FILE_ONLY___ [m
2024-08-12 19:38:33,964 INFO     ___FILE_ONLY___   
2024-08-12 19:38:33,964 INFO     ___FILE_ONLY___ [1mVirtual Machines & Compute Engine[m

2024-08-12 19:38:33,964 INFO     ___FILE_ONLY___    
2024-08-12 19:38:33,964 INFO     ___FILE_ONLY___  
2024-08-12 19:38:33,964 INFO     ___FILE_ONLY___ Create,
2024-08-12 19:38:33,964 INFO     ___FILE_ONLY___  
2024-08-12 19:38:33,964 INFO     ___FILE_ONLY___ run,
2024-08-12 19:38:33,964 INFO     ___FILE_ONLY___  
2024-08-12 19:38:33,964 INFO     ___FILE_ONLY___ and
2024-08-12 19:38:33,964 INFO     ___FILE_ONLY___  
2024-08-12 19:38:33,964 INFO     ___FILE_ONLY___ manage
2024-08-12 19:38:33,964 INFO     ___FILE_ONLY___  
2024-08-12 19:38:33,964 INFO     ___FILE_ONLY___ VMs
2024-08-12 19:38:33,964 INFO     ___FILE_ONLY___  
2024-08-12 19:38:33,964 INFO     ___FILE_ONLY___ on
2024-08-12 19:38:33,964 INFO     ___FILE_ONLY___  
2024-08-12 19:38:33,964 INFO     ___FILE_ONLY___ Google
2024-08-12 19:38:33,964 INFO     ___FILE_ONLY___  
2024-08-12 19:38:33,964 INFO     ___FILE_ONLY___ infrastructure
2024-08-12 19:38:33,964 INFO     ___FILE_ONLY___ 

2024-08-12 19:38:33,964 INFO     ___FILE_ONLY___ 

2024-08-12 19:38:33,965 INFO     ___FILE_ONLY___       ▪
2024-08-12 19:38:33,965 INFO     ___FILE_ONLY___  
2024-08-12 19:38:33,965 INFO     ___FILE_ONLY___ [1mgcloud
2024-08-12 19:38:33,965 INFO     ___FILE_ONLY___  
2024-08-12 19:38:33,965 INFO     ___FILE_ONLY___ compute
2024-08-12 19:38:33,965 INFO     ___FILE_ONLY___  
2024-08-12 19:38:33,965 INFO     ___FILE_ONLY___ zones
2024-08-12 19:38:33,965 INFO     ___FILE_ONLY___  
2024-08-12 19:38:33,965 INFO     ___FILE_ONLY___ list[m:
2024-08-12 19:38:33,965 INFO     ___FILE_ONLY___  
2024-08-12 19:38:33,965 INFO     ___FILE_ONLY___ List
2024-08-12 19:38:33,965 INFO     ___FILE_ONLY___  
2024-08-12 19:38:33,965 INFO     ___FILE_ONLY___ Compute
2024-08-12 19:38:33,965 INFO     ___FILE_ONLY___  
2024-08-12 19:38:33,965 INFO     ___FILE_ONLY___ Engine
2024-08-12 19:38:33,965 INFO     ___FILE_ONLY___  
2024-08-12 19:38:33,965 INFO     ___FILE_ONLY___ zones.
2024-08-12 19:38:33,965 INFO     ___FILE_ONLY___ 

2024-08-12 19:38:33,965 INFO     ___FILE_ONLY___       ▪
2024-08-12 19:38:33,965 INFO     ___FILE_ONLY___  
2024-08-12 19:38:33,965 INFO     ___FILE_ONLY___ [1mgcloud
2024-08-12 19:38:33,966 INFO     ___FILE_ONLY___  
2024-08-12 19:38:33,966 INFO     ___FILE_ONLY___ compute
2024-08-12 19:38:33,966 INFO     ___FILE_ONLY___  
2024-08-12 19:38:33,966 INFO     ___FILE_ONLY___ instances
2024-08-12 19:38:33,966 INFO     ___FILE_ONLY___  
2024-08-12 19:38:33,966 INFO     ___FILE_ONLY___ describe[m:
2024-08-12 19:38:33,966 INFO     ___FILE_ONLY___  
2024-08-12 19:38:33,966 INFO     ___FILE_ONLY___ Display
2024-08-12 19:38:33,966 INFO     ___FILE_ONLY___  
2024-08-12 19:38:33,966 INFO     ___FILE_ONLY___ a
2024-08-12 19:38:33,966 INFO     ___FILE_ONLY___  
2024-08-12 19:38:33,966 INFO     ___FILE_ONLY___ VM
2024-08-12 19:38:33,966 INFO     ___FILE_ONLY___  
2024-08-12 19:38:33,966 INFO     ___FILE_ONLY___ instance's
2024-08-12 19:38:33,966 INFO     ___FILE_ONLY___  
2024-08-12 19:38:33,966 INFO     ___FILE_ONLY___ details.
2024-08-12 19:38:33,966 INFO     ___FILE_ONLY___ 

2024-08-12 19:38:33,966 INFO     ___FILE_ONLY___       ▪
2024-08-12 19:38:33,966 INFO     ___FILE_ONLY___  
2024-08-12 19:38:33,966 INFO     ___FILE_ONLY___ [1mgcloud
2024-08-12 19:38:33,966 INFO     ___FILE_ONLY___  
2024-08-12 19:38:33,966 INFO     ___FILE_ONLY___ compute
2024-08-12 19:38:33,966 INFO     ___FILE_ONLY___  
2024-08-12 19:38:33,967 INFO     ___FILE_ONLY___ instances
2024-08-12 19:38:33,967 INFO     ___FILE_ONLY___  
2024-08-12 19:38:33,967 INFO     ___FILE_ONLY___ list[m:
2024-08-12 19:38:33,967 INFO     ___FILE_ONLY___  
2024-08-12 19:38:33,967 INFO     ___FILE_ONLY___ List
2024-08-12 19:38:33,967 INFO     ___FILE_ONLY___  
2024-08-12 19:38:33,967 INFO     ___FILE_ONLY___ all
2024-08-12 19:38:33,967 INFO     ___FILE_ONLY___  
2024-08-12 19:38:33,967 INFO     ___FILE_ONLY___ VM
2024-08-12 19:38:33,967 INFO     ___FILE_ONLY___  
2024-08-12 19:38:33,967 INFO     ___FILE_ONLY___ instances
2024-08-12 19:38:33,967 INFO     ___FILE_ONLY___  
2024-08-12 19:38:33,967 INFO     ___FILE_ONLY___ in
2024-08-12 19:38:33,967 INFO     ___FILE_ONLY___  
2024-08-12 19:38:33,967 INFO     ___FILE_ONLY___ a
2024-08-12 19:38:33,967 INFO     ___FILE_ONLY___  
2024-08-12 19:38:33,967 INFO     ___FILE_ONLY___ project.
2024-08-12 19:38:33,967 INFO     ___FILE_ONLY___ 

2024-08-12 19:38:33,967 INFO     ___FILE_ONLY___       ▪
2024-08-12 19:38:33,967 INFO     ___FILE_ONLY___  
2024-08-12 19:38:33,967 INFO     ___FILE_ONLY___ [1mgcloud
2024-08-12 19:38:33,967 INFO     ___FILE_ONLY___  
2024-08-12 19:38:33,967 INFO     ___FILE_ONLY___ compute
2024-08-12 19:38:33,967 INFO     ___FILE_ONLY___  
2024-08-12 19:38:33,967 INFO     ___FILE_ONLY___ disks
2024-08-12 19:38:33,968 INFO     ___FILE_ONLY___  
2024-08-12 19:38:33,968 INFO     ___FILE_ONLY___ snapshot[m:
2024-08-12 19:38:33,968 INFO     ___FILE_ONLY___  
2024-08-12 19:38:33,968 INFO     ___FILE_ONLY___ Create
2024-08-12 19:38:33,968 INFO     ___FILE_ONLY___  
2024-08-12 19:38:33,968 INFO     ___FILE_ONLY___ snapshot
2024-08-12 19:38:33,968 INFO     ___FILE_ONLY___  
2024-08-12 19:38:33,968 INFO     ___FILE_ONLY___ of
2024-08-12 19:38:33,968 INFO     ___FILE_ONLY___  
2024-08-12 19:38:33,968 INFO     ___FILE_ONLY___ persistent
2024-08-12 19:38:33,968 INFO     ___FILE_ONLY___  
2024-08-12 19:38:33,968 INFO     ___FILE_ONLY___ disks.
2024-08-12 19:38:33,968 INFO     ___FILE_ONLY___ 

2024-08-12 19:38:33,968 INFO     ___FILE_ONLY___       ▪
2024-08-12 19:38:33,968 INFO     ___FILE_ONLY___  
2024-08-12 19:38:33,968 INFO     ___FILE_ONLY___ [1mgcloud
2024-08-12 19:38:33,968 INFO     ___FILE_ONLY___  
2024-08-12 19:38:33,968 INFO     ___FILE_ONLY___ compute
2024-08-12 19:38:33,968 INFO     ___FILE_ONLY___  
2024-08-12 19:38:33,968 INFO     ___FILE_ONLY___ snapshots
2024-08-12 19:38:33,968 INFO     ___FILE_ONLY___  
2024-08-12 19:38:33,968 INFO     ___FILE_ONLY___ describe[m:
2024-08-12 19:38:33,968 INFO     ___FILE_ONLY___  
2024-08-12 19:38:33,969 INFO     ___FILE_ONLY___ Display
2024-08-12 19:38:33,969 INFO     ___FILE_ONLY___  
2024-08-12 19:38:33,969 INFO     ___FILE_ONLY___ a
2024-08-12 19:38:33,969 INFO     ___FILE_ONLY___  
2024-08-12 19:38:33,969 INFO     ___FILE_ONLY___ snapshot's
2024-08-12 19:38:33,969 INFO     ___FILE_ONLY___  
2024-08-12 19:38:33,969 INFO     ___FILE_ONLY___ details.
2024-08-12 19:38:33,969 INFO     ___FILE_ONLY___ 

2024-08-12 19:38:33,969 INFO     ___FILE_ONLY___       ▪
2024-08-12 19:38:33,969 INFO     ___FILE_ONLY___  
2024-08-12 19:38:33,969 INFO     ___FILE_ONLY___ [1mgcloud
2024-08-12 19:38:33,969 INFO     ___FILE_ONLY___  
2024-08-12 19:38:33,969 INFO     ___FILE_ONLY___ compute
2024-08-12 19:38:33,969 INFO     ___FILE_ONLY___  
2024-08-12 19:38:33,969 INFO     ___FILE_ONLY___ snapshots
2024-08-12 19:38:33,969 INFO     ___FILE_ONLY___  
2024-08-12 19:38:33,969 INFO     ___FILE_ONLY___ delete[m:
2024-08-12 19:38:33,969 INFO     ___FILE_ONLY___  
2024-08-12 19:38:33,969 INFO     ___FILE_ONLY___ Delete
2024-08-12 19:38:33,969 INFO     ___FILE_ONLY___  
2024-08-12 19:38:33,969 INFO     ___FILE_ONLY___ a
2024-08-12 19:38:33,969 INFO     ___FILE_ONLY___  
2024-08-12 19:38:33,969 INFO     ___FILE_ONLY___ snapshot.
2024-08-12 19:38:33,969 INFO     ___FILE_ONLY___ 

2024-08-12 19:38:33,970 INFO     ___FILE_ONLY___       ▪
2024-08-12 19:38:33,970 INFO     ___FILE_ONLY___  
2024-08-12 19:38:33,970 INFO     ___FILE_ONLY___ [1mgcloud
2024-08-12 19:38:33,970 INFO     ___FILE_ONLY___  
2024-08-12 19:38:33,970 INFO     ___FILE_ONLY___ compute
2024-08-12 19:38:33,970 INFO     ___FILE_ONLY___  
2024-08-12 19:38:33,970 INFO     ___FILE_ONLY___ ssh[m:
2024-08-12 19:38:33,970 INFO     ___FILE_ONLY___  
2024-08-12 19:38:33,970 INFO     ___FILE_ONLY___ Connect
2024-08-12 19:38:33,970 INFO     ___FILE_ONLY___  
2024-08-12 19:38:33,970 INFO     ___FILE_ONLY___ to
2024-08-12 19:38:33,970 INFO     ___FILE_ONLY___  
2024-08-12 19:38:33,970 INFO     ___FILE_ONLY___ a
2024-08-12 19:38:33,970 INFO     ___FILE_ONLY___  
2024-08-12 19:38:33,970 INFO     ___FILE_ONLY___ VM
2024-08-12 19:38:33,970 INFO     ___FILE_ONLY___  
2024-08-12 19:38:33,970 INFO     ___FILE_ONLY___ instance
2024-08-12 19:38:33,970 INFO     ___FILE_ONLY___  
2024-08-12 19:38:33,970 INFO     ___FILE_ONLY___ by
2024-08-12 19:38:33,970 INFO     ___FILE_ONLY___  
2024-08-12 19:38:33,970 INFO     ___FILE_ONLY___ using
2024-08-12 19:38:33,970 INFO     ___FILE_ONLY___  
2024-08-12 19:38:33,970 INFO     ___FILE_ONLY___ SSH.
2024-08-12 19:38:33,970 INFO     ___FILE_ONLY___ 

2024-08-12 19:38:33,970 INFO     ___FILE_ONLY___ 

2024-08-12 19:38:33,971 INFO     ___FILE_ONLY___ [m
2024-08-12 19:38:33,971 INFO     ___FILE_ONLY___   
2024-08-12 19:38:33,971 INFO     ___FILE_ONLY___ [1mServerless & App Engine[m

2024-08-12 19:38:33,971 INFO     ___FILE_ONLY___    
2024-08-12 19:38:33,971 INFO     ___FILE_ONLY___  
2024-08-12 19:38:33,971 INFO     ___FILE_ONLY___ Build
2024-08-12 19:38:33,971 INFO     ___FILE_ONLY___  
2024-08-12 19:38:33,971 INFO     ___FILE_ONLY___ highly
2024-08-12 19:38:33,971 INFO     ___FILE_ONLY___  
2024-08-12 19:38:33,971 INFO     ___FILE_ONLY___ scalable
2024-08-12 19:38:33,971 INFO     ___FILE_ONLY___  
2024-08-12 19:38:33,971 INFO     ___FILE_ONLY___ applications
2024-08-12 19:38:33,971 INFO     ___FILE_ONLY___  
2024-08-12 19:38:33,971 INFO     ___FILE_ONLY___ on
2024-08-12 19:38:33,971 INFO     ___FILE_ONLY___  
2024-08-12 19:38:33,971 INFO     ___FILE_ONLY___ a
2024-08-12 19:38:33,971 INFO     ___FILE_ONLY___  
2024-08-12 19:38:33,971 INFO     ___FILE_ONLY___ fully
2024-08-12 19:38:33,971 INFO     ___FILE_ONLY___  
2024-08-12 19:38:33,971 INFO     ___FILE_ONLY___ managed
2024-08-12 19:38:33,971 INFO     ___FILE_ONLY___  
2024-08-12 19:38:33,971 INFO     ___FILE_ONLY___ serverless
2024-08-12 19:38:33,971 INFO     ___FILE_ONLY___  
2024-08-12 19:38:33,972 INFO     ___FILE_ONLY___ platform
2024-08-12 19:38:33,972 INFO     ___FILE_ONLY___ 

2024-08-12 19:38:33,972 INFO     ___FILE_ONLY___ 

2024-08-12 19:38:33,972 INFO     ___FILE_ONLY___       ▪
2024-08-12 19:38:33,972 INFO     ___FILE_ONLY___  
2024-08-12 19:38:33,972 INFO     ___FILE_ONLY___ [1mgcloud
2024-08-12 19:38:33,972 INFO     ___FILE_ONLY___  
2024-08-12 19:38:33,972 INFO     ___FILE_ONLY___ app
2024-08-12 19:38:33,972 INFO     ___FILE_ONLY___  
2024-08-12 19:38:33,972 INFO     ___FILE_ONLY___ deploy[m:
2024-08-12 19:38:33,972 INFO     ___FILE_ONLY___  
2024-08-12 19:38:33,972 INFO     ___FILE_ONLY___ Deploy
2024-08-12 19:38:33,972 INFO     ___FILE_ONLY___  
2024-08-12 19:38:33,972 INFO     ___FILE_ONLY___ your
2024-08-12 19:38:33,972 INFO     ___FILE_ONLY___  
2024-08-12 19:38:33,972 INFO     ___FILE_ONLY___ app's
2024-08-12 19:38:33,972 INFO     ___FILE_ONLY___  
2024-08-12 19:38:33,972 INFO     ___FILE_ONLY___ code
2024-08-12 19:38:33,972 INFO     ___FILE_ONLY___  
2024-08-12 19:38:33,972 INFO     ___FILE_ONLY___ and
2024-08-12 19:38:33,972 INFO     ___FILE_ONLY___  
2024-08-12 19:38:33,972 INFO     ___FILE_ONLY___ configuration
2024-08-12 19:38:33,973 INFO     ___FILE_ONLY___  
2024-08-12 19:38:33,973 INFO     ___FILE_ONLY___ to
2024-08-12 19:38:33,973 INFO     ___FILE_ONLY___  
2024-08-12 19:38:33,973 INFO     ___FILE_ONLY___ the
2024-08-12 19:38:33,973 INFO     ___FILE_ONLY___ 

2024-08-12 19:38:33,973 INFO     ___FILE_ONLY___         
2024-08-12 19:38:33,973 INFO     ___FILE_ONLY___ App
2024-08-12 19:38:33,973 INFO     ___FILE_ONLY___  
2024-08-12 19:38:33,973 INFO     ___FILE_ONLY___ Engine
2024-08-12 19:38:33,973 INFO     ___FILE_ONLY___  
2024-08-12 19:38:33,973 INFO     ___FILE_ONLY___ server.
2024-08-12 19:38:33,973 INFO     ___FILE_ONLY___ 

2024-08-12 19:38:33,973 INFO     ___FILE_ONLY___       ▪
2024-08-12 19:38:33,973 INFO     ___FILE_ONLY___  
2024-08-12 19:38:33,973 INFO     ___FILE_ONLY___ [1mgcloud
2024-08-12 19:38:33,973 INFO     ___FILE_ONLY___  
2024-08-12 19:38:33,973 INFO     ___FILE_ONLY___ app
2024-08-12 19:38:33,973 INFO     ___FILE_ONLY___  
2024-08-12 19:38:33,973 INFO     ___FILE_ONLY___ versions
2024-08-12 19:38:33,973 INFO     ___FILE_ONLY___  
2024-08-12 19:38:33,973 INFO     ___FILE_ONLY___ list[m:
2024-08-12 19:38:33,973 INFO     ___FILE_ONLY___  
2024-08-12 19:38:33,973 INFO     ___FILE_ONLY___ List
2024-08-12 19:38:33,973 INFO     ___FILE_ONLY___  
2024-08-12 19:38:33,974 INFO     ___FILE_ONLY___ all
2024-08-12 19:38:33,974 INFO     ___FILE_ONLY___  
2024-08-12 19:38:33,974 INFO     ___FILE_ONLY___ versions
2024-08-12 19:38:33,974 INFO     ___FILE_ONLY___  
2024-08-12 19:38:33,974 INFO     ___FILE_ONLY___ of
2024-08-12 19:38:33,974 INFO     ___FILE_ONLY___  
2024-08-12 19:38:33,974 INFO     ___FILE_ONLY___ all
2024-08-12 19:38:33,974 INFO     ___FILE_ONLY___  
2024-08-12 19:38:33,974 INFO     ___FILE_ONLY___ services
2024-08-12 19:38:33,974 INFO     ___FILE_ONLY___  
2024-08-12 19:38:33,974 INFO     ___FILE_ONLY___ deployed
2024-08-12 19:38:33,974 INFO     ___FILE_ONLY___ 

2024-08-12 19:38:33,974 INFO     ___FILE_ONLY___         
2024-08-12 19:38:33,974 INFO     ___FILE_ONLY___ to
2024-08-12 19:38:33,974 INFO     ___FILE_ONLY___  
2024-08-12 19:38:33,974 INFO     ___FILE_ONLY___ the
2024-08-12 19:38:33,974 INFO     ___FILE_ONLY___  
2024-08-12 19:38:33,974 INFO     ___FILE_ONLY___ App
2024-08-12 19:38:33,974 INFO     ___FILE_ONLY___  
2024-08-12 19:38:33,974 INFO     ___FILE_ONLY___ Engine
2024-08-12 19:38:33,974 INFO     ___FILE_ONLY___  
2024-08-12 19:38:33,974 INFO     ___FILE_ONLY___ server.
2024-08-12 19:38:33,974 INFO     ___FILE_ONLY___ 

2024-08-12 19:38:33,974 INFO     ___FILE_ONLY___       ▪
2024-08-12 19:38:33,974 INFO     ___FILE_ONLY___  
2024-08-12 19:38:33,974 INFO     ___FILE_ONLY___ [1mgcloud
2024-08-12 19:38:33,975 INFO     ___FILE_ONLY___  
2024-08-12 19:38:33,975 INFO     ___FILE_ONLY___ app
2024-08-12 19:38:33,975 INFO     ___FILE_ONLY___  
2024-08-12 19:38:33,975 INFO     ___FILE_ONLY___ browse[m:
2024-08-12 19:38:33,975 INFO     ___FILE_ONLY___  
2024-08-12 19:38:33,975 INFO     ___FILE_ONLY___ Open
2024-08-12 19:38:33,975 INFO     ___FILE_ONLY___  
2024-08-12 19:38:33,975 INFO     ___FILE_ONLY___ the
2024-08-12 19:38:33,975 INFO     ___FILE_ONLY___  
2024-08-12 19:38:33,975 INFO     ___FILE_ONLY___ current
2024-08-12 19:38:33,975 INFO     ___FILE_ONLY___  
2024-08-12 19:38:33,975 INFO     ___FILE_ONLY___ app
2024-08-12 19:38:33,975 INFO     ___FILE_ONLY___  
2024-08-12 19:38:33,975 INFO     ___FILE_ONLY___ in
2024-08-12 19:38:33,975 INFO     ___FILE_ONLY___  
2024-08-12 19:38:33,975 INFO     ___FILE_ONLY___ a
2024-08-12 19:38:33,975 INFO     ___FILE_ONLY___  
2024-08-12 19:38:33,975 INFO     ___FILE_ONLY___ web
2024-08-12 19:38:33,975 INFO     ___FILE_ONLY___  
2024-08-12 19:38:33,975 INFO     ___FILE_ONLY___ browser.
2024-08-12 19:38:33,975 INFO     ___FILE_ONLY___ 

2024-08-12 19:38:33,975 INFO     ___FILE_ONLY___       ▪
2024-08-12 19:38:33,975 INFO     ___FILE_ONLY___  
2024-08-12 19:38:33,976 INFO     ___FILE_ONLY___ [1mgcloud
2024-08-12 19:38:33,976 INFO     ___FILE_ONLY___  
2024-08-12 19:38:33,976 INFO     ___FILE_ONLY___ app
2024-08-12 19:38:33,976 INFO     ___FILE_ONLY___  
2024-08-12 19:38:33,976 INFO     ___FILE_ONLY___ create[m:
2024-08-12 19:38:33,976 INFO     ___FILE_ONLY___  
2024-08-12 19:38:33,976 INFO     ___FILE_ONLY___ Create
2024-08-12 19:38:33,976 INFO     ___FILE_ONLY___  
2024-08-12 19:38:33,976 INFO     ___FILE_ONLY___ an
2024-08-12 19:38:33,976 INFO     ___FILE_ONLY___  
2024-08-12 19:38:33,976 INFO     ___FILE_ONLY___ App
2024-08-12 19:38:33,976 INFO     ___FILE_ONLY___  
2024-08-12 19:38:33,976 INFO     ___FILE_ONLY___ Engine
2024-08-12 19:38:33,976 INFO     ___FILE_ONLY___  
2024-08-12 19:38:33,976 INFO     ___FILE_ONLY___ app
2024-08-12 19:38:33,976 INFO     ___FILE_ONLY___  
2024-08-12 19:38:33,976 INFO     ___FILE_ONLY___ within
2024-08-12 19:38:33,976 INFO     ___FILE_ONLY___  
2024-08-12 19:38:33,976 INFO     ___FILE_ONLY___ your
2024-08-12 19:38:33,976 INFO     ___FILE_ONLY___  
2024-08-12 19:38:33,976 INFO     ___FILE_ONLY___ current
2024-08-12 19:38:33,976 INFO     ___FILE_ONLY___ 

2024-08-12 19:38:33,976 INFO     ___FILE_ONLY___         
2024-08-12 19:38:33,976 INFO     ___FILE_ONLY___ project.
2024-08-12 19:38:33,976 INFO     ___FILE_ONLY___ 

2024-08-12 19:38:33,976 INFO     ___FILE_ONLY___       ▪
2024-08-12 19:38:33,977 INFO     ___FILE_ONLY___  
2024-08-12 19:38:33,977 INFO     ___FILE_ONLY___ [1mgcloud
2024-08-12 19:38:33,977 INFO     ___FILE_ONLY___  
2024-08-12 19:38:33,977 INFO     ___FILE_ONLY___ app
2024-08-12 19:38:33,977 INFO     ___FILE_ONLY___  
2024-08-12 19:38:33,977 INFO     ___FILE_ONLY___ logs
2024-08-12 19:38:33,977 INFO     ___FILE_ONLY___  
2024-08-12 19:38:33,977 INFO     ___FILE_ONLY___ read[m:
2024-08-12 19:38:33,977 INFO     ___FILE_ONLY___  
2024-08-12 19:38:33,977 INFO     ___FILE_ONLY___ Display
2024-08-12 19:38:33,977 INFO     ___FILE_ONLY___  
2024-08-12 19:38:33,977 INFO     ___FILE_ONLY___ the
2024-08-12 19:38:33,977 INFO     ___FILE_ONLY___  
2024-08-12 19:38:33,977 INFO     ___FILE_ONLY___ latest
2024-08-12 19:38:33,977 INFO     ___FILE_ONLY___  
2024-08-12 19:38:33,977 INFO     ___FILE_ONLY___ App
2024-08-12 19:38:33,977 INFO     ___FILE_ONLY___  
2024-08-12 19:38:33,977 INFO     ___FILE_ONLY___ Engine
2024-08-12 19:38:33,977 INFO     ___FILE_ONLY___  
2024-08-12 19:38:33,977 INFO     ___FILE_ONLY___ app
2024-08-12 19:38:33,977 INFO     ___FILE_ONLY___  
2024-08-12 19:38:33,977 INFO     ___FILE_ONLY___ logs.
2024-08-12 19:38:33,977 INFO     ___FILE_ONLY___ 

2024-08-12 19:38:33,977 INFO     ___FILE_ONLY___ 

2024-08-12 19:38:33,978 INFO     ___FILE_ONLY___ [m
2024-08-12 19:38:33,978 INFO     ___FILE_ONLY___   
2024-08-12 19:38:33,978 INFO     ___FILE_ONLY___ [1mMiscellaneous[m

2024-08-12 19:38:33,978 INFO     ___FILE_ONLY___    
2024-08-12 19:38:33,978 INFO     ___FILE_ONLY___  
2024-08-12 19:38:33,978 INFO     ___FILE_ONLY___ Commands
2024-08-12 19:38:33,978 INFO     ___FILE_ONLY___  
2024-08-12 19:38:33,978 INFO     ___FILE_ONLY___ that
2024-08-12 19:38:33,978 INFO     ___FILE_ONLY___  
2024-08-12 19:38:33,978 INFO     ___FILE_ONLY___ might
2024-08-12 19:38:33,978 INFO     ___FILE_ONLY___  
2024-08-12 19:38:33,978 INFO     ___FILE_ONLY___ come
2024-08-12 19:38:33,978 INFO     ___FILE_ONLY___  
2024-08-12 19:38:33,978 INFO     ___FILE_ONLY___ in
2024-08-12 19:38:33,978 INFO     ___FILE_ONLY___  
2024-08-12 19:38:33,978 INFO     ___FILE_ONLY___ handy
2024-08-12 19:38:33,978 INFO     ___FILE_ONLY___ 

2024-08-12 19:38:33,978 INFO     ___FILE_ONLY___ 

2024-08-12 19:38:33,978 INFO     ___FILE_ONLY___       ▪
2024-08-12 19:38:33,979 INFO     ___FILE_ONLY___  
2024-08-12 19:38:33,979 INFO     ___FILE_ONLY___ [1mgcloud
2024-08-12 19:38:33,979 INFO     ___FILE_ONLY___  
2024-08-12 19:38:33,979 INFO     ___FILE_ONLY___ kms
2024-08-12 19:38:33,979 INFO     ___FILE_ONLY___  
2024-08-12 19:38:33,979 INFO     ___FILE_ONLY___ decrypt[m:
2024-08-12 19:38:33,979 INFO     ___FILE_ONLY___  
2024-08-12 19:38:33,979 INFO     ___FILE_ONLY___ Decrypt
2024-08-12 19:38:33,979 INFO     ___FILE_ONLY___  
2024-08-12 19:38:33,979 INFO     ___FILE_ONLY___ ciphertext
2024-08-12 19:38:33,979 INFO     ___FILE_ONLY___  
2024-08-12 19:38:33,979 INFO     ___FILE_ONLY___ (to
2024-08-12 19:38:33,979 INFO     ___FILE_ONLY___  
2024-08-12 19:38:33,979 INFO     ___FILE_ONLY___ a
2024-08-12 19:38:33,979 INFO     ___FILE_ONLY___  
2024-08-12 19:38:33,979 INFO     ___FILE_ONLY___ plaintext
2024-08-12 19:38:33,979 INFO     ___FILE_ONLY___  
2024-08-12 19:38:33,979 INFO     ___FILE_ONLY___ file)
2024-08-12 19:38:33,979 INFO     ___FILE_ONLY___  
2024-08-12 19:38:33,979 INFO     ___FILE_ONLY___ using
2024-08-12 19:38:33,979 INFO     ___FILE_ONLY___  
2024-08-12 19:38:33,979 INFO     ___FILE_ONLY___ a
2024-08-12 19:38:33,979 INFO     ___FILE_ONLY___ 

2024-08-12 19:38:33,979 INFO     ___FILE_ONLY___         
2024-08-12 19:38:33,980 INFO     ___FILE_ONLY___ Cloud
2024-08-12 19:38:33,980 INFO     ___FILE_ONLY___  
2024-08-12 19:38:33,980 INFO     ___FILE_ONLY___ Key
2024-08-12 19:38:33,980 INFO     ___FILE_ONLY___  
2024-08-12 19:38:33,980 INFO     ___FILE_ONLY___ Management
2024-08-12 19:38:33,980 INFO     ___FILE_ONLY___  
2024-08-12 19:38:33,980 INFO     ___FILE_ONLY___ Service
2024-08-12 19:38:33,980 INFO     ___FILE_ONLY___  
2024-08-12 19:38:33,980 INFO     ___FILE_ONLY___ (Cloud
2024-08-12 19:38:33,980 INFO     ___FILE_ONLY___  
2024-08-12 19:38:33,980 INFO     ___FILE_ONLY___ KMS)
2024-08-12 19:38:33,980 INFO     ___FILE_ONLY___  
2024-08-12 19:38:33,980 INFO     ___FILE_ONLY___ key.
2024-08-12 19:38:33,980 INFO     ___FILE_ONLY___ 

2024-08-12 19:38:33,980 INFO     ___FILE_ONLY___       ▪
2024-08-12 19:38:33,980 INFO     ___FILE_ONLY___  
2024-08-12 19:38:33,980 INFO     ___FILE_ONLY___ [1mgcloud
2024-08-12 19:38:33,980 INFO     ___FILE_ONLY___  
2024-08-12 19:38:33,980 INFO     ___FILE_ONLY___ logging
2024-08-12 19:38:33,980 INFO     ___FILE_ONLY___  
2024-08-12 19:38:33,980 INFO     ___FILE_ONLY___ logs
2024-08-12 19:38:33,980 INFO     ___FILE_ONLY___  
2024-08-12 19:38:33,980 INFO     ___FILE_ONLY___ list[m:
2024-08-12 19:38:33,980 INFO     ___FILE_ONLY___  
2024-08-12 19:38:33,981 INFO     ___FILE_ONLY___ List
2024-08-12 19:38:33,981 INFO     ___FILE_ONLY___  
2024-08-12 19:38:33,981 INFO     ___FILE_ONLY___ your
2024-08-12 19:38:33,981 INFO     ___FILE_ONLY___  
2024-08-12 19:38:33,981 INFO     ___FILE_ONLY___ project's
2024-08-12 19:38:33,981 INFO     ___FILE_ONLY___  
2024-08-12 19:38:33,981 INFO     ___FILE_ONLY___ logs.
2024-08-12 19:38:33,981 INFO     ___FILE_ONLY___ 

2024-08-12 19:38:33,981 INFO     ___FILE_ONLY___       ▪
2024-08-12 19:38:33,981 INFO     ___FILE_ONLY___  
2024-08-12 19:38:33,981 INFO     ___FILE_ONLY___ [1mgcloud
2024-08-12 19:38:33,981 INFO     ___FILE_ONLY___  
2024-08-12 19:38:33,981 INFO     ___FILE_ONLY___ sql
2024-08-12 19:38:33,981 INFO     ___FILE_ONLY___  
2024-08-12 19:38:33,981 INFO     ___FILE_ONLY___ backups
2024-08-12 19:38:33,981 INFO     ___FILE_ONLY___  
2024-08-12 19:38:33,981 INFO     ___FILE_ONLY___ describe[m:
2024-08-12 19:38:33,981 INFO     ___FILE_ONLY___  
2024-08-12 19:38:33,981 INFO     ___FILE_ONLY___ Display
2024-08-12 19:38:33,981 INFO     ___FILE_ONLY___  
2024-08-12 19:38:33,981 INFO     ___FILE_ONLY___ info
2024-08-12 19:38:33,981 INFO     ___FILE_ONLY___  
2024-08-12 19:38:33,981 INFO     ___FILE_ONLY___ about
2024-08-12 19:38:33,982 INFO     ___FILE_ONLY___  
2024-08-12 19:38:33,982 INFO     ___FILE_ONLY___ a
2024-08-12 19:38:33,982 INFO     ___FILE_ONLY___  
2024-08-12 19:38:33,982 INFO     ___FILE_ONLY___ Cloud
2024-08-12 19:38:33,982 INFO     ___FILE_ONLY___  
2024-08-12 19:38:33,982 INFO     ___FILE_ONLY___ SQL
2024-08-12 19:38:33,982 INFO     ___FILE_ONLY___  
2024-08-12 19:38:33,982 INFO     ___FILE_ONLY___ instance
2024-08-12 19:38:33,982 INFO     ___FILE_ONLY___ 

2024-08-12 19:38:33,982 INFO     ___FILE_ONLY___         
2024-08-12 19:38:33,982 INFO     ___FILE_ONLY___ backup.
2024-08-12 19:38:33,982 INFO     ___FILE_ONLY___ 

2024-08-12 19:38:33,982 INFO     ___FILE_ONLY___       ▪
2024-08-12 19:38:33,982 INFO     ___FILE_ONLY___  
2024-08-12 19:38:33,982 INFO     ___FILE_ONLY___ [1mgcloud
2024-08-12 19:38:33,982 INFO     ___FILE_ONLY___  
2024-08-12 19:38:33,982 INFO     ___FILE_ONLY___ sql
2024-08-12 19:38:33,982 INFO     ___FILE_ONLY___  
2024-08-12 19:38:33,982 INFO     ___FILE_ONLY___ export
2024-08-12 19:38:33,982 INFO     ___FILE_ONLY___  
2024-08-12 19:38:33,982 INFO     ___FILE_ONLY___ sql[m:
2024-08-12 19:38:33,982 INFO     ___FILE_ONLY___  
2024-08-12 19:38:33,982 INFO     ___FILE_ONLY___ Export
2024-08-12 19:38:33,983 INFO     ___FILE_ONLY___  
2024-08-12 19:38:33,983 INFO     ___FILE_ONLY___ data
2024-08-12 19:38:33,983 INFO     ___FILE_ONLY___  
2024-08-12 19:38:33,983 INFO     ___FILE_ONLY___ from
2024-08-12 19:38:33,983 INFO     ___FILE_ONLY___  
2024-08-12 19:38:33,983 INFO     ___FILE_ONLY___ a
2024-08-12 19:38:33,983 INFO     ___FILE_ONLY___  
2024-08-12 19:38:33,983 INFO     ___FILE_ONLY___ Cloud
2024-08-12 19:38:33,983 INFO     ___FILE_ONLY___  
2024-08-12 19:38:33,983 INFO     ___FILE_ONLY___ SQL
2024-08-12 19:38:33,983 INFO     ___FILE_ONLY___  
2024-08-12 19:38:33,983 INFO     ___FILE_ONLY___ instance
2024-08-12 19:38:33,983 INFO     ___FILE_ONLY___  
2024-08-12 19:38:33,983 INFO     ___FILE_ONLY___ to
2024-08-12 19:38:33,983 INFO     ___FILE_ONLY___  
2024-08-12 19:38:33,983 INFO     ___FILE_ONLY___ a
2024-08-12 19:38:33,983 INFO     ___FILE_ONLY___  
2024-08-12 19:38:33,983 INFO     ___FILE_ONLY___ SQL
2024-08-12 19:38:33,983 INFO     ___FILE_ONLY___ 

2024-08-12 19:38:33,983 INFO     ___FILE_ONLY___         
2024-08-12 19:38:33,983 INFO     ___FILE_ONLY___ file.
2024-08-12 19:38:33,983 INFO     ___FILE_ONLY___ 

2024-08-12 19:38:33,983 INFO     ___FILE_ONLY___ 

2024-08-12 19:38:33,983 INFO     ___FILE_ONLY___ [m
2024-08-12 19:38:33,983 INFO     ___FILE_ONLY___ [1mEXAMPLES[m

2024-08-12 19:38:33,984 INFO     ___FILE_ONLY___    
2024-08-12 19:38:33,984 INFO     ___FILE_ONLY___  
2024-08-12 19:38:33,984 INFO     ___FILE_ONLY___ To
2024-08-12 19:38:33,984 INFO     ___FILE_ONLY___  
2024-08-12 19:38:33,984 INFO     ___FILE_ONLY___ view
2024-08-12 19:38:33,984 INFO     ___FILE_ONLY___  
2024-08-12 19:38:33,984 INFO     ___FILE_ONLY___ this
2024-08-12 19:38:33,984 INFO     ___FILE_ONLY___  
2024-08-12 19:38:33,984 INFO     ___FILE_ONLY___ cheat
2024-08-12 19:38:33,984 INFO     ___FILE_ONLY___  
2024-08-12 19:38:33,984 INFO     ___FILE_ONLY___ sheet,
2024-08-12 19:38:33,984 INFO     ___FILE_ONLY___  
2024-08-12 19:38:33,984 INFO     ___FILE_ONLY___ run:
2024-08-12 19:38:33,984 INFO     ___FILE_ONLY___ 

2024-08-12 19:38:33,984 INFO     ___FILE_ONLY___ 

2024-08-12 19:38:33,984 INFO     ___FILE_ONLY___         $ gcloud cheat-sheet

2024-08-12 19:38:33,984 INFO     ___FILE_ONLY___ 

2024-08-12 19:38:33,984 INFO     ___FILE_ONLY___ [m
2024-08-12 19:38:33,984 INFO     ___FILE_ONLY___ [1mGCLOUD WIDE FLAGS[m

2024-08-12 19:38:33,984 INFO     ___FILE_ONLY___    
2024-08-12 19:38:33,984 INFO     ___FILE_ONLY___  
2024-08-12 19:38:33,984 INFO     ___FILE_ONLY___ These
2024-08-12 19:38:33,985 INFO     ___FILE_ONLY___  
2024-08-12 19:38:33,985 INFO     ___FILE_ONLY___ flags
2024-08-12 19:38:33,985 INFO     ___FILE_ONLY___  
2024-08-12 19:38:33,985 INFO     ___FILE_ONLY___ are
2024-08-12 19:38:33,985 INFO     ___FILE_ONLY___  
2024-08-12 19:38:33,985 INFO     ___FILE_ONLY___ available
2024-08-12 19:38:33,985 INFO     ___FILE_ONLY___  
2024-08-12 19:38:33,985 INFO     ___FILE_ONLY___ to
2024-08-12 19:38:33,985 INFO     ___FILE_ONLY___  
2024-08-12 19:38:33,985 INFO     ___FILE_ONLY___ all
2024-08-12 19:38:33,985 INFO     ___FILE_ONLY___  
2024-08-12 19:38:33,985 INFO     ___FILE_ONLY___ commands:
2024-08-12 19:38:33,985 INFO     ___FILE_ONLY___  
2024-08-12 19:38:33,985 INFO     ___FILE_ONLY___ --access-token-file,
2024-08-12 19:38:33,985 INFO     ___FILE_ONLY___  
2024-08-12 19:38:33,985 INFO     ___FILE_ONLY___ --account,
2024-08-12 19:38:33,985 INFO     ___FILE_ONLY___ 

2024-08-12 19:38:33,985 INFO     ___FILE_ONLY___     
2024-08-12 19:38:33,985 INFO     ___FILE_ONLY___ --billing-project,
2024-08-12 19:38:33,985 INFO     ___FILE_ONLY___  
2024-08-12 19:38:33,985 INFO     ___FILE_ONLY___ --configuration,
2024-08-12 19:38:33,985 INFO     ___FILE_ONLY___  
2024-08-12 19:38:33,985 INFO     ___FILE_ONLY___ --flags-file,
2024-08-12 19:38:33,986 INFO     ___FILE_ONLY___  
2024-08-12 19:38:33,986 INFO     ___FILE_ONLY___ --flatten,
2024-08-12 19:38:33,986 INFO     ___FILE_ONLY___  
2024-08-12 19:38:33,986 INFO     ___FILE_ONLY___ --format,
2024-08-12 19:38:33,986 INFO     ___FILE_ONLY___ 

2024-08-12 19:38:33,986 INFO     ___FILE_ONLY___     
2024-08-12 19:38:33,986 INFO     ___FILE_ONLY___ --help,
2024-08-12 19:38:33,986 INFO     ___FILE_ONLY___  
2024-08-12 19:38:33,986 INFO     ___FILE_ONLY___ --impersonate-service-account,
2024-08-12 19:38:33,986 INFO     ___FILE_ONLY___  
2024-08-12 19:38:33,986 INFO     ___FILE_ONLY___ --log-http,
2024-08-12 19:38:33,986 INFO     ___FILE_ONLY___  
2024-08-12 19:38:33,986 INFO     ___FILE_ONLY___ --project,
2024-08-12 19:38:33,986 INFO     ___FILE_ONLY___  
2024-08-12 19:38:33,986 INFO     ___FILE_ONLY___ --quiet,
2024-08-12 19:38:33,986 INFO     ___FILE_ONLY___ 

2024-08-12 19:38:33,986 INFO     ___FILE_ONLY___     
2024-08-12 19:38:33,986 INFO     ___FILE_ONLY___ --trace-token,
2024-08-12 19:38:33,986 INFO     ___FILE_ONLY___  
2024-08-12 19:38:33,986 INFO     ___FILE_ONLY___ --user-output-enabled,
2024-08-12 19:38:33,986 INFO     ___FILE_ONLY___  
2024-08-12 19:38:33,986 INFO     ___FILE_ONLY___ --verbosity.
2024-08-12 19:38:33,986 INFO     ___FILE_ONLY___ 

2024-08-12 19:38:33,987 INFO     ___FILE_ONLY___ 

2024-08-12 19:38:33,987 INFO     ___FILE_ONLY___    
2024-08-12 19:38:33,987 INFO     ___FILE_ONLY___  
2024-08-12 19:38:33,987 INFO     ___FILE_ONLY___ Run
2024-08-12 19:38:33,987 INFO     ___FILE_ONLY___  
2024-08-12 19:38:33,987 INFO     ___FILE_ONLY___ [1m$
2024-08-12 19:38:33,987 INFO     ___FILE_ONLY___  
2024-08-12 19:38:33,987 INFO     ___FILE_ONLY___ gcloud
2024-08-12 19:38:33,987 INFO     ___FILE_ONLY___  
2024-08-12 19:38:33,987 INFO     ___FILE_ONLY___ help[m
2024-08-12 19:38:33,987 INFO     ___FILE_ONLY___  
2024-08-12 19:38:33,987 INFO     ___FILE_ONLY___ for
2024-08-12 19:38:33,987 INFO     ___FILE_ONLY___  
2024-08-12 19:38:33,987 INFO     ___FILE_ONLY___ details.
2024-08-12 19:38:33,987 INFO     ___FILE_ONLY___ 

2024-08-12 19:38:33,987 INFO     ___FILE_ONLY___ [m
