2024-08-12 19:38:30,105 DEBUG    root            Loaded Command Group: ['gcloud', 'help']
2024-08-12 19:38:30,108 DEBUG    root            Running [gcloud.help] with arguments: [COMMAND:1: "['COMMAND']"]
2024-08-12 19:38:30,109 DEBUG    root            Loaded Command Group: ['gcloud', 'domains']
2024-08-12 19:38:30,111 DEBUG    root            Loaded Command Group: ['gcloud', 'policy_intelligence']
2024-08-12 19:38:30,112 DEBUG    root            No implementation for release track [GA] for element: [/snap/google-cloud-cli/260/lib/surface/number_registry]
2024-08-12 19:38:30,112 DEBUG    root            Loaded Command Group: ['gcloud', 'scc']
2024-08-12 19:38:30,114 DEBUG    root            Loaded Command Group: ['gcloud', 'edge_cloud']
2024-08-12 19:38:30,115 DEBUG    root            No implementation for release track [GA] for element: [/snap/google-cloud-cli/260/lib/surface/source_manager]
2024-08-12 19:38:30,142 DEBUG    root            Loaded Command Group: ['gcloud', 'init']
2024-08-12 19:38:30,143 DEBUG    root            No implementation for release track [GA] for element: [/snap/google-cloud-cli/260/lib/surface/fault_injection]
2024-08-12 19:38:30,143 DEBUG    root            No implementation for release track [GA] for element: [/snap/google-cloud-cli/260/lib/surface/seclm]
2024-08-12 19:38:30,144 DEBUG    root            Loaded Command Group: ['gcloud', 'active_directory']
2024-08-12 19:38:30,145 DEBUG    root            Loaded Command Group: ['gcloud', 'pubsub']
2024-08-12 19:38:30,147 DEBUG    root            No implementation for release track [GA] for element: [/snap/google-cloud-cli/260/lib/surface/data_fusion]
2024-08-12 19:38:30,147 DEBUG    root            Loaded Command Group: ['gcloud', 'vmware']
2024-08-12 19:38:30,148 DEBUG    root            Loaded Command Group: ['gcloud', 'cheat_sheet']
2024-08-12 19:38:30,149 DEBUG    root            Loaded Command Group: ['gcloud', 'logging']
2024-08-12 19:38:30,151 DEBUG    root            Loaded Command Group: ['gcloud', 'sql']
2024-08-12 19:38:30,212 DEBUG    root            Loaded Command Group: ['gcloud', 'builds']
2024-08-12 19:38:30,214 DEBUG    root            No implementation for release track [GA] for element: [/snap/google-cloud-cli/260/lib/surface/lifesciences]
2024-08-12 19:38:30,214 DEBUG    root            Loaded Command Group: ['gcloud', 'telco_automation']
2024-08-12 19:38:30,215 DEBUG    root            No implementation for release track [GA] for element: [/snap/google-cloud-cli/260/lib/surface/beyondcorp]
2024-08-12 19:38:30,216 DEBUG    root            Loaded Command Group: ['gcloud', 'spanner']
2024-08-12 19:38:30,220 DEBUG    root            Loaded Command Group: ['gcloud', 'survey']
2024-08-12 19:38:30,222 DEBUG    root            Loaded Command Group: ['gcloud', 'docker']
2024-08-12 19:38:30,243 DEBUG    root            Loaded Command Group: ['gcloud', 'api_gateway']
2024-08-12 19:38:30,244 DEBUG    root            Loaded Command Group: ['gcloud', 'ids']
2024-08-12 19:38:30,246 DEBUG    root            Loaded Command Group: ['gcloud', 'authz_toolkit']
2024-08-12 19:38:30,247 DEBUG    root            Loaded Command Group: ['gcloud', 'workbench']
2024-08-12 19:38:30,248 DEBUG    root            No implementation for release track [GA] for element: [/snap/google-cloud-cli/260/lib/surface/cbrs_spectrum_access]
2024-08-12 19:38:30,248 DEBUG    root            Loaded Command Group: ['gcloud', 'recaptcha']
2024-08-12 19:38:30,250 DEBUG    root            Loaded Command Group: ['gcloud', 'ml']
2024-08-12 19:38:30,251 DEBUG    root            Loaded Command Group: ['gcloud', 'composer']
2024-08-12 19:38:30,252 DEBUG    root            Loaded Command Group: ['gcloud', 'deploy']
2024-08-12 19:38:30,253 DEBUG    root            Loaded Command Group: ['gcloud', 'endpoints']
2024-08-12 19:38:30,255 DEBUG    root            Loaded Command Group: ['gcloud', 'unlock']
2024-08-12 19:38:30,256 DEBUG    root            No implementation for release track [GA] for element: [/snap/google-cloud-cli/260/lib/surface/datapipelines]
2024-08-12 19:38:30,256 DEBUG    root            No implementation for release track [GA] for element: [/snap/google-cloud-cli/260/lib/surface/blockchain_validator]
2024-08-12 19:38:30,256 DEBUG    root            Loaded Command Group: ['gcloud', 'eventarc']
2024-08-12 19:38:30,257 DEBUG    root            No implementation for release track [GA] for element: [/snap/google-cloud-cli/260/lib/surface/genomics]
2024-08-12 19:38:30,258 DEBUG    root            Loaded Command Group: ['gcloud', 'meta']
2024-08-12 19:38:30,259 DEBUG    root            Loaded Command Group: ['gcloud', 'filestore']
2024-08-12 19:38:30,260 DEBUG    root            Loaded Command Group: ['gcloud', 'datastore']
2024-08-12 19:38:30,261 DEBUG    root            Loaded Command Group: ['gcloud', 'artifacts']
2024-08-12 19:38:30,263 DEBUG    root            Loaded Command Group: ['gcloud', 'dataplex']
2024-08-12 19:38:30,264 DEBUG    root            Loaded Command Group: ['gcloud', 'recommender']
2024-08-12 19:38:30,265 DEBUG    root            No implementation for release track [GA] for element: [/snap/google-cloud-cli/260/lib/surface/model_armor]
2024-08-12 19:38:30,266 DEBUG    root            Loaded Command Group: ['gcloud', 'billing']
2024-08-12 19:38:30,267 DEBUG    root            Loaded Command Group: ['gcloud', 'network_services']
2024-08-12 19:38:30,268 DEBUG    root            Loaded Command Group: ['gcloud', 'looker']
2024-08-12 19:38:30,269 DEBUG    root            Loaded Command Group: ['gcloud', 'anthos']
2024-08-12 19:38:30,271 DEBUG    root            Loaded Command Group: ['gcloud', 'iam']
2024-08-12 19:38:30,272 DEBUG    root            No implementation for release track [GA] for element: [/snap/google-cloud-cli/260/lib/surface/terraform]
2024-08-12 19:38:30,272 DEBUG    root            Loaded Command Group: ['gcloud', 'ai_platform']
2024-08-12 19:38:30,273 DEBUG    root            Loaded Command Group: ['gcloud', 'apigee']
2024-08-12 19:38:30,275 DEBUG    root            Loaded Command Group: ['gcloud', 'identity']
2024-08-12 19:38:30,276 DEBUG    root            Loaded Command Group: ['gcloud', 'topic']
2024-08-12 19:38:30,277 DEBUG    root            Loaded Command Group: ['gcloud', 'organizations']
2024-08-12 19:38:30,278 DEBUG    root            Loaded Command Group: ['gcloud', 'pam']
2024-08-12 19:38:30,279 DEBUG    root            Loaded Command Group: ['gcloud', 'transcoder']
2024-08-12 19:38:30,280 DEBUG    root            No implementation for release track [GA] for element: [/snap/google-cloud-cli/260/lib/surface/web_security_scanner]
2024-08-12 19:38:30,280 DEBUG    root            Loaded Command Group: ['gcloud', 'tasks']
2024-08-12 19:38:30,283 DEBUG    root            No implementation for release track [GA] for element: [/snap/google-cloud-cli/260/lib/surface/code]
2024-08-12 19:38:30,283 DEBUG    root            No implementation for release track [GA] for element: [/snap/google-cloud-cli/260/lib/surface/commerce_procurement]
2024-08-12 19:38:30,283 DEBUG    root            Loaded Command Group: ['gcloud', 'batch']
2024-08-12 19:38:30,284 DEBUG    root            Loaded Command Group: ['gcloud', 'resource_manager']
2024-08-12 19:38:30,287 DEBUG    root            Loaded Command Group: ['gcloud', 'version']
2024-08-12 19:38:30,288 DEBUG    root            Loaded Command Group: ['gcloud', 'healthcare']
2024-08-12 19:38:30,290 DEBUG    root            Loaded Command Group: ['gcloud', 'secrets']
2024-08-12 19:38:30,291 DEBUG    root            Loaded Command Group: ['gcloud', 'metastore']
2024-08-12 19:38:30,292 DEBUG    root            No implementation for release track [GA] for element: [/snap/google-cloud-cli/260/lib/surface/dialogflow]
2024-08-12 19:38:30,293 DEBUG    root            No implementation for release track [GA] for element: [/snap/google-cloud-cli/260/lib/surface/managed_kafka]
2024-08-12 19:38:30,293 DEBUG    root            No implementation for release track [GA] for element: [/snap/google-cloud-cli/260/lib/surface/spectrum_access]
2024-08-12 19:38:30,293 DEBUG    root            Loaded Command Group: ['gcloud', 'redis']
2024-08-12 19:38:30,294 DEBUG    root            Loaded Command Group: ['gcloud', 'network_management']
2024-08-12 19:38:30,296 DEBUG    root            No implementation for release track [GA] for element: [/snap/google-cloud-cli/260/lib/surface/mps]
2024-08-12 19:38:30,296 DEBUG    root            No implementation for release track [GA] for element: [/snap/google-cloud-cli/260/lib/surface/kuberun]
2024-08-12 19:38:30,296 DEBUG    root            No implementation for release track [GA] for element: [/snap/google-cloud-cli/260/lib/surface/firebase_data_connect]
2024-08-12 19:38:30,296 DEBUG    root            Loaded Command Group: ['gcloud', 'privateca']
2024-08-12 19:38:30,297 DEBUG    root            No implementation for release track [GA] for element: [/snap/google-cloud-cli/260/lib/surface/trace]
2024-08-12 19:38:30,298 DEBUG    root            Loaded Command Group: ['gcloud', 'scheduler']
2024-08-12 19:38:30,299 DEBUG    root            Loaded Command Group: ['gcloud', 'immersive_stream']
2024-08-12 19:38:30,300 DEBUG    root            Loaded Command Group: ['gcloud', 'workflows']
2024-08-12 19:38:30,301 DEBUG    root            Loaded Command Group: ['gcloud', 'netapp']
2024-08-12 19:38:30,302 DEBUG    root            No implementation for release track [GA] for element: [/snap/google-cloud-cli/260/lib/surface/parallelstore]
2024-08-12 19:38:30,303 DEBUG    root            Loaded Command Group: ['gcloud', 'policy_troubleshoot']
2024-08-12 19:38:30,304 DEBUG    root            Loaded Command Group: ['gcloud', 'source']
2024-08-12 19:38:30,307 DEBUG    root            Loaded Command Group: ['gcloud', 'functions']
2024-08-12 19:38:30,308 DEBUG    root            Loaded Command Group: ['gcloud', 'iap']
2024-08-12 19:38:30,309 DEBUG    root            Loaded Command Group: ['gcloud', 'firebase']
2024-08-12 19:38:30,310 DEBUG    root            Loaded Command Group: ['gcloud', 'dataproc']
2024-08-12 19:38:30,313 DEBUG    root            Loaded Command Group: ['gcloud', 'info']
2024-08-12 19:38:30,314 DEBUG    root            Loaded Command Group: ['gcloud', 'monitoring']
2024-08-12 19:38:30,315 DEBUG    root            Loaded Command Group: ['gcloud', 'resource_settings']
2024-08-12 19:38:30,317 DEBUG    root            Loaded Command Group: ['gcloud', 'ml_engine']
2024-08-12 19:38:30,318 DEBUG    root            No implementation for release track [GA] for element: [/snap/google-cloud-cli/260/lib/surface/migration]
2024-08-12 19:38:30,318 DEBUG    root            Loaded Command Group: ['gcloud', 'ai']
2024-08-12 19:38:30,320 DEBUG    root            Loaded Command Group: ['gcloud', 'run']
2024-08-12 19:38:30,321 DEBUG    root            Loaded Command Group: ['gcloud', 'app']
2024-08-12 19:38:30,324 DEBUG    root            No implementation for release track [GA] for element: [/snap/google-cloud-cli/260/lib/surface/stacks]
2024-08-12 19:38:30,324 DEBUG    root            No implementation for release track [GA] for element: [/snap/google-cloud-cli/260/lib/surface/error_reporting]
2024-08-12 19:38:30,324 DEBUG    root            Loaded Command Group: ['gcloud', 'access_approval']
2024-08-12 19:38:30,325 DEBUG    root            Loaded Command Group: ['gcloud', 'projects']
2024-08-12 19:38:30,327 DEBUG    root            Loaded Command Group: ['gcloud', 'access_context_manager']
2024-08-12 19:38:30,328 DEBUG    root            Loaded Command Group: ['gcloud', 'service_extensions']
2024-08-12 19:38:30,329 DEBUG    root            Loaded Command Group: ['gcloud', 'dataflow']
2024-08-12 19:38:30,331 DEBUG    root            Loaded Command Group: ['gcloud', 'apphub']
2024-08-12 19:38:30,332 DEBUG    root            Loaded Command Group: ['gcloud', 'org_policies']
2024-08-12 19:38:30,333 DEBUG    root            No implementation for release track [GA] for element: [/snap/google-cloud-cli/260/lib/surface/resource_config]
2024-08-12 19:38:30,334 DEBUG    root            Loaded Command Group: ['gcloud', 'edge_cache']
2024-08-12 19:38:30,335 DEBUG    root            Loaded Command Group: ['gcloud', 'feedback']
2024-08-12 19:38:30,336 DEBUG    root            Loaded Command Group: ['gcloud', 'publicca']
2024-08-12 19:38:30,337 DEBUG    root            Loaded Command Group: ['gcloud', 'firestore']
2024-08-12 19:38:30,338 DEBUG    root            Loaded Command Group: ['gcloud', 'notebooks']
2024-08-12 19:38:30,340 DEBUG    root            No implementation for release track [GA] for element: [/snap/google-cloud-cli/260/lib/surface/bq]
2024-08-12 19:38:30,340 DEBUG    root            No implementation for release track [GA] for element: [/snap/google-cloud-cli/260/lib/surface/blockchain_node_engine]
2024-08-12 19:38:30,362 DEBUG    root            Loaded Command Group: ['gcloud', 'compute']
2024-08-12 19:38:30,365 DEBUG    root            Loaded Command Group: ['gcloud', 'cloud_shell']
2024-08-12 19:38:30,367 DEBUG    root            No implementation for release track [GA] for element: [/snap/google-cloud-cli/260/lib/surface/managed_flink]
2024-08-12 19:38:30,375 DEBUG    root            Loaded Command Group: ['gcloud', 'storage']
2024-08-12 19:38:30,377 DEBUG    root            No implementation for release track [GA] for element: [/snap/google-cloud-cli/260/lib/surface/audit_manager]
2024-08-12 19:38:30,377 DEBUG    root            No implementation for release track [GA] for element: [/snap/google-cloud-cli/260/lib/surface/oracle_database]
2024-08-12 19:38:30,377 DEBUG    root            Loaded Command Group: ['gcloud', 'alloydb']
2024-08-12 19:38:30,378 DEBUG    root            Loaded Command Group: ['gcloud', 'assured']
2024-08-12 19:38:30,380 DEBUG    root            Loaded Command Group: ['gcloud', 'memcache']
2024-08-12 19:38:30,381 DEBUG    root            Loaded Command Group: ['gcloud', 'asset']
2024-08-12 19:38:30,382 DEBUG    root            Loaded Command Group: ['gcloud', 'infra_manager']
2024-08-12 19:38:30,383 DEBUG    root            Loaded Command Group: ['gcloud', 'backup_dr']
2024-08-12 19:38:30,385 DEBUG    root            No implementation for release track [GA] for element: [/snap/google-cloud-cli/260/lib/surface/runtime_config]
2024-08-12 19:38:30,385 DEBUG    root            Loaded Command Group: ['gcloud', 'essential_contacts']
2024-08-12 19:38:30,387 DEBUG    root            Loaded Command Group: ['gcloud', 'service_directory']
2024-08-12 19:38:30,388 DEBUG    root            Loaded Command Group: ['gcloud', 'network_security']
2024-08-12 19:38:30,389 DEBUG    root            Loaded Command Group: ['gcloud', 'network_connectivity']
2024-08-12 19:38:30,391 DEBUG    root            No implementation for release track [GA] for element: [/snap/google-cloud-cli/260/lib/surface/quotas]
2024-08-12 19:38:30,391 DEBUG    root            Loaded Command Group: ['gcloud', 'transfer']
2024-08-12 19:38:30,392 DEBUG    root            Loaded Command Group: ['gcloud', 'deployment_manager']
2024-08-12 19:38:30,394 DEBUG    root            Loaded Command Group: ['gcloud', 'auth']
2024-08-12 19:38:30,395 DEBUG    root            Loaded Command Group: ['gcloud', 'dns']
2024-08-12 19:38:30,396 DEBUG    root            Loaded Command Group: ['gcloud', 'components']
2024-08-12 19:38:30,440 DEBUG    root            No implementation for release track [GA] for element: [/snap/google-cloud-cli/260/lib/surface/interactive]
2024-08-12 19:38:30,440 DEBUG    root            No implementation for release track [GA] for element: [/snap/google-cloud-cli/260/lib/surface/developer_connect]
2024-08-12 19:38:30,441 DEBUG    root            No implementation for release track [GA] for element: [/snap/google-cloud-cli/260/lib/surface/media]
2024-08-12 19:38:30,441 DEBUG    root            Loaded Command Group: ['gcloud', 'certificate_manager']
2024-08-12 19:38:30,442 DEBUG    root            No implementation for release track [GA] for element: [/snap/google-cloud-cli/260/lib/surface/dlp]
2024-08-12 19:38:30,442 DEBUG    root            Loaded Command Group: ['gcloud', 'emulators']
2024-08-12 19:38:30,444 DEBUG    root            Loaded Command Group: ['gcloud', 'kms']
2024-08-12 19:38:30,445 DEBUG    root            No implementation for release track [GA] for element: [/snap/google-cloud-cli/260/lib/surface/remote_build_execution]
2024-08-12 19:38:30,445 DEBUG    root            Loaded Command Group: ['gcloud', 'database_migration']
2024-08-12 19:38:30,447 DEBUG    root            No implementation for release track [GA] for element: [/snap/google-cloud-cli/260/lib/surface/microservices]
2024-08-12 19:38:30,447 DEBUG    root            Loaded Command Group: ['gcloud', 'orglifecycle']
2024-08-12 19:38:30,448 DEBUG    root            No implementation for release track [GA] for element: [/snap/google-cloud-cli/260/lib/surface/dataproc_gdc]
2024-08-12 19:38:30,448 DEBUG    root            Loaded Command Group: ['gcloud', 'services']
2024-08-12 19:38:30,451 DEBUG    root            Loaded Command Group: ['gcloud', 'config']
2024-08-12 19:38:30,452 DEBUG    root            Loaded Command Group: ['gcloud', 'bms']
2024-08-12 19:38:30,453 DEBUG    root            Loaded Command Group: ['gcloud', 'workspace_add_ons']
2024-08-12 19:38:30,455 DEBUG    root            Loaded Command Group: ['gcloud', 'workstations']
2024-08-12 19:38:30,456 DEBUG    root            Loaded Command Group: ['gcloud', 'datastream']
2024-08-12 19:38:30,457 DEBUG    root            Loaded Command Group: ['gcloud', 'data_catalog']
2024-08-12 19:38:30,458 ERROR    root            (gcloud) Invalid choice: 'COMMAND'.
