2024-08-12 19:38:34,747 ERROR    root            (gcloud) Command name argument expected.
2024-08-12 19:38:34,747 DEBUG    root            Loaded Command Group: ['gcloud', 'certificate_manager']
2024-08-12 19:38:34,748 DEBUG    root            Loaded Command Group: ['gcloud', 'network_connectivity']
2024-08-12 19:38:34,750 DEBUG    root            Loaded Command Group: ['gcloud', 'dataproc']
2024-08-12 19:38:34,751 DEBUG    root            Loaded Command Group: ['gcloud', 'assured']
2024-08-12 19:38:34,752 DEBUG    root            No implementation for release track [GA] for element: [/snap/google-cloud-cli/260/lib/surface/blockchain_validator]
2024-08-12 19:38:34,755 DEBUG    root            Loaded Command Group: ['gcloud', 'help']
2024-08-12 19:38:34,764 DEBUG    root            Loaded Command Group: ['gcloud', 'storage']
2024-08-12 19:38:34,766 DEBUG    root            Loaded Command Group: ['gcloud', 'deployment_manager']
2024-08-12 19:38:34,767 DEBUG    root            Loaded Command Group: ['gcloud', 'datastore']
2024-08-12 19:38:34,769 DEBUG    root            No implementation for release track [GA] for element: [/snap/google-cloud-cli/260/lib/surface/datapipelines]
2024-08-12 19:38:34,769 DEBUG    root            No implementation for release track [GA] for element: [/snap/google-cloud-cli/260/lib/surface/model_armor]
2024-08-12 19:38:34,769 DEBUG    root            Loaded Command Group: ['gcloud', 'telco_automation']
2024-08-12 19:38:34,771 DEBUG    root            Loaded Command Group: ['gcloud', 'docker']
2024-08-12 19:38:34,772 DEBUG    root            Loaded Command Group: ['gcloud', 'spanner']
2024-08-12 19:38:34,773 DEBUG    root            Loaded Command Group: ['gcloud', 'billing']
2024-08-12 19:38:34,776 DEBUG    root            No implementation for release track [GA] for element: [/snap/google-cloud-cli/260/lib/surface/migration]
2024-08-12 19:38:34,776 DEBUG    root            No implementation for release track [GA] for element: [/snap/google-cloud-cli/260/lib/surface/parallelstore]
2024-08-12 19:38:34,776 DEBUG    root            Loaded Command Group: ['gcloud', 'orglifecycle']
2024-08-12 19:38:34,778 DEBUG    root            No implementation for release track [GA] for element: [/snap/google-cloud-cli/260/lib/surface/beyondcorp]
2024-08-12 19:38:34,778 DEBUG    root            No implementation for release track [GA] for element: [/snap/google-cloud-cli/260/lib/surface/commerce_procurement]
2024-08-12 19:38:34,778 DEBUG    root            Loaded Command Group: ['gcloud', 'memcache']
2024-08-12 19:38:34,779 DEBUG    root            Loaded Command Group: ['gcloud', 'policy_troubleshoot']
2024-08-12 19:38:34,781 DEBUG    root            Loaded Command Group: ['gcloud', 'run']
2024-08-12 19:38:34,783 DEBUG    root            No implementation for release track [GA] for element: [/snap/google-cloud-cli/260/lib/surface/genomics]
2024-08-12 19:38:34,783 DEBUG    root            Loaded Command Group: ['gcloud', 'deploy']
2024-08-12 19:38:34,785 DEBUG    root            No implementation for release track [GA] for element: [/snap/google-cloud-cli/260/lib/surface/runtime_config]
2024-08-12 19:38:34,786 DEBUG    root            Loaded Command Group: ['gcloud', 'logging']
2024-08-12 19:38:34,820 DEBUG    root            Loaded Command Group: ['gcloud', 'ai_platform']
2024-08-12 19:38:34,822 DEBUG    root            Loaded Command Group: ['gcloud', 'batch']
2024-08-12 19:38:34,823 DEBUG    root            Loaded Command Group: ['gcloud', 'emulators']
2024-08-12 19:38:34,824 DEBUG    root            Loaded Command Group: ['gcloud', 'anthos']
2024-08-12 19:38:34,825 DEBUG    root            Loaded Command Group: ['gcloud', 'organizations']
2024-08-12 19:38:34,830 DEBUG    root            Loaded Command Group: ['gcloud', 'projects']
2024-08-12 19:38:34,832 DEBUG    root            Loaded Command Group: ['gcloud', 'recommender']
2024-08-12 19:38:34,833 DEBUG    root            Loaded Command Group: ['gcloud', 'metastore']
2024-08-12 19:38:34,837 DEBUG    root            Loaded Command Group: ['gcloud', 'feedback']
2024-08-12 19:38:34,838 DEBUG    root            No implementation for release track [GA] for element: [/snap/google-cloud-cli/260/lib/surface/developer_connect]
2024-08-12 19:38:34,838 DEBUG    root            No implementation for release track [GA] for element: [/snap/google-cloud-cli/260/lib/surface/cbrs_spectrum_access]
2024-08-12 19:38:34,838 DEBUG    root            No implementation for release track [GA] for element: [/snap/google-cloud-cli/260/lib/surface/audit_manager]
2024-08-12 19:38:34,839 DEBUG    root            Loaded Command Group: ['gcloud', 'source']
2024-08-12 19:38:34,840 DEBUG    root            Loaded Command Group: ['gcloud', 'workstations']
2024-08-12 19:38:34,842 DEBUG    root            No implementation for release track [GA] for element: [/snap/google-cloud-cli/260/lib/surface/source_manager]
2024-08-12 19:38:34,842 DEBUG    root            Loaded Command Group: ['gcloud', 'identity']
2024-08-12 19:38:34,843 DEBUG    root            Loaded Command Group: ['gcloud', 'components']
2024-08-12 19:38:34,844 DEBUG    root            Loaded Command Group: ['gcloud', 'healthcare']
2024-08-12 19:38:34,846 DEBUG    root            Loaded Command Group: ['gcloud', 'ids']
2024-08-12 19:38:34,848 DEBUG    root            No implementation for release track [GA] for element: [/snap/google-cloud-cli/260/lib/surface/stacks]
2024-08-12 19:38:34,848 DEBUG    root            No implementation for release track [GA] for element: [/snap/google-cloud-cli/260/lib/surface/number_registry]
2024-08-12 19:38:34,848 DEBUG    root            No implementation for release track [GA] for element: [/snap/google-cloud-cli/260/lib/surface/fault_injection]
2024-08-12 19:38:34,849 DEBUG    root            No implementation for release track [GA] for element: [/snap/google-cloud-cli/260/lib/surface/spectrum_access]
2024-08-12 19:38:34,849 DEBUG    root            Loaded Command Group: ['gcloud', 'scc']
2024-08-12 19:38:34,850 DEBUG    root            No implementation for release track [GA] for element: [/snap/google-cloud-cli/260/lib/surface/bq]
2024-08-12 19:38:34,851 DEBUG    root            No implementation for release track [GA] for element: [/snap/google-cloud-cli/260/lib/surface/managed_flink]
2024-08-12 19:38:34,851 DEBUG    root            No implementation for release track [GA] for element: [/snap/google-cloud-cli/260/lib/surface/blockchain_node_engine]
2024-08-12 19:38:34,851 DEBUG    root            Loaded Command Group: ['gcloud', 'cheat_sheet']
2024-08-12 19:38:34,852 DEBUG    root            Loaded Command Group: ['gcloud', 'network_services']
2024-08-12 19:38:34,854 DEBUG    root            Loaded Command Group: ['gcloud', 'apigee']
2024-08-12 19:38:34,855 DEBUG    root            Loaded Command Group: ['gcloud', 'app']
2024-08-12 19:38:34,856 DEBUG    root            Loaded Command Group: ['gcloud', 'workflows']
2024-08-12 19:38:34,857 DEBUG    root            Loaded Command Group: ['gcloud', 'api_gateway']
2024-08-12 19:38:34,882 DEBUG    root            Loaded Command Group: ['gcloud', 'compute']
2024-08-12 19:38:34,885 DEBUG    root            Loaded Command Group: ['gcloud', 'redis']
2024-08-12 19:38:34,887 DEBUG    root            Loaded Command Group: ['gcloud', 'ai']
2024-08-12 19:38:34,888 DEBUG    root            Loaded Command Group: ['gcloud', 'unlock']
2024-08-12 19:38:34,889 DEBUG    root            No implementation for release track [GA] for element: [/snap/google-cloud-cli/260/lib/surface/managed_kafka]
2024-08-12 19:38:34,890 DEBUG    root            Loaded Command Group: ['gcloud', 'services']
2024-08-12 19:38:34,891 DEBUG    root            No implementation for release track [GA] for element: [/snap/google-cloud-cli/260/lib/surface/terraform]
2024-08-12 19:38:34,891 DEBUG    root            Loaded Command Group: ['gcloud', 'edge_cache']
2024-08-12 19:38:34,893 DEBUG    root            Loaded Command Group: ['gcloud', 'version']
2024-08-12 19:38:34,953 DEBUG    root            Loaded Command Group: ['gcloud', 'builds']
2024-08-12 19:38:34,955 DEBUG    root            Loaded Command Group: ['gcloud', 'monitoring']
2024-08-12 19:38:34,957 DEBUG    root            Loaded Command Group: ['gcloud', 'transcoder']
2024-08-12 19:38:34,958 DEBUG    root            No implementation for release track [GA] for element: [/snap/google-cloud-cli/260/lib/surface/microservices]
2024-08-12 19:38:34,958 DEBUG    root            Loaded Command Group: ['gcloud', 'scheduler']
2024-08-12 19:38:34,959 DEBUG    root            No implementation for release track [GA] for element: [/snap/google-cloud-cli/260/lib/surface/seclm]
2024-08-12 19:38:34,959 DEBUG    root            Loaded Command Group: ['gcloud', 'artifacts']
2024-08-12 19:38:34,961 DEBUG    root            No implementation for release track [GA] for element: [/snap/google-cloud-cli/260/lib/surface/lifesciences]
2024-08-12 19:38:34,961 DEBUG    root            Loaded Command Group: ['gcloud', 'kms']
2024-08-12 19:38:34,963 DEBUG    root            Loaded Command Group: ['gcloud', 'workbench']
2024-08-12 19:38:34,964 DEBUG    root            Loaded Command Group: ['gcloud', 'topic']
2024-08-12 19:38:34,965 DEBUG    root            Loaded Command Group: ['gcloud', 'immersive_stream']
2024-08-12 19:38:34,966 DEBUG    root            Loaded Command Group: ['gcloud', 'transfer']
2024-08-12 19:38:34,967 DEBUG    root            Loaded Command Group: ['gcloud', 'sql']
2024-08-12 19:38:34,968 DEBUG    root            Loaded Command Group: ['gcloud', 'policy_intelligence']
2024-08-12 19:38:34,970 DEBUG    root            Loaded Command Group: ['gcloud', 'domains']
2024-08-12 19:38:34,971 DEBUG    root            Loaded Command Group: ['gcloud', 'publicca']
2024-08-12 19:38:34,972 DEBUG    root            Loaded Command Group: ['gcloud', 'firestore']
2024-08-12 19:38:34,973 DEBUG    root            Loaded Command Group: ['gcloud', 'dataplex']
2024-08-12 19:38:34,975 DEBUG    root            Loaded Command Group: ['gcloud', 'dns']
2024-08-12 19:38:34,976 DEBUG    root            Loaded Command Group: ['gcloud', 'essential_contacts']
2024-08-12 19:38:34,977 DEBUG    root            Loaded Command Group: ['gcloud', 'eventarc']
2024-08-12 19:38:34,978 DEBUG    root            Loaded Command Group: ['gcloud', 'auth']
2024-08-12 19:38:34,980 DEBUG    root            Loaded Command Group: ['gcloud', 'asset']
2024-08-12 19:38:34,981 DEBUG    root            Loaded Command Group: ['gcloud', 'firebase']
2024-08-12 19:38:34,983 DEBUG    root            No implementation for release track [GA] for element: [/snap/google-cloud-cli/260/lib/surface/quotas]
2024-08-12 19:38:34,983 DEBUG    root            No implementation for release track [GA] for element: [/snap/google-cloud-cli/260/lib/surface/oracle_database]
2024-08-12 19:38:34,983 DEBUG    root            No implementation for release track [GA] for element: [/snap/google-cloud-cli/260/lib/surface/media]
2024-08-12 19:38:34,984 DEBUG    root            Loaded Command Group: ['gcloud', 'iam']
2024-08-12 19:38:34,985 DEBUG    root            Loaded Command Group: ['gcloud', 'network_security']
2024-08-12 19:38:34,987 DEBUG    root            Loaded Command Group: ['gcloud', 'ml']
2024-08-12 19:38:34,988 DEBUG    root            Loaded Command Group: ['gcloud', 'recaptcha']
2024-08-12 19:38:34,989 DEBUG    root            Loaded Command Group: ['gcloud', 'dataflow']
2024-08-12 19:38:34,990 DEBUG    root            No implementation for release track [GA] for element: [/snap/google-cloud-cli/260/lib/surface/dialogflow]
2024-08-12 19:38:34,991 DEBUG    root            Loaded Command Group: ['gcloud', 'endpoints']
2024-08-12 19:38:34,991 DEBUG    root            Loaded Command Group: ['gcloud', 'network_management']
2024-08-12 19:38:34,993 DEBUG    root            Loaded Command Group: ['gcloud', 'vmware']
2024-08-12 19:38:34,994 DEBUG    root            Loaded Command Group: ['gcloud', 'data_catalog']
2024-08-12 19:38:34,995 DEBUG    root            Loaded Command Group: ['gcloud', 'org_policies']
2024-08-12 19:38:34,996 DEBUG    root            No implementation for release track [GA] for element: [/snap/google-cloud-cli/260/lib/surface/mps]
2024-08-12 19:38:34,997 DEBUG    root            No implementation for release track [GA] for element: [/snap/google-cloud-cli/260/lib/surface/web_security_scanner]
2024-08-12 19:38:34,998 DEBUG    root            No implementation for release track [GA] for element: [/snap/google-cloud-cli/260/lib/surface/code]
2024-08-12 19:38:34,998 DEBUG    root            Loaded Command Group: ['gcloud', 'bms']
2024-08-12 19:38:35,007 DEBUG    root            Loaded Command Group: ['gcloud', 'init']
2024-08-12 19:38:35,008 DEBUG    root            Loaded Command Group: ['gcloud', 'pubsub']
2024-08-12 19:38:35,009 DEBUG    root            No implementation for release track [GA] for element: [/snap/google-cloud-cli/260/lib/surface/firebase_data_connect]
2024-08-12 19:38:35,010 DEBUG    root            Loaded Command Group: ['gcloud', 'edge_cloud']
2024-08-12 19:38:35,011 DEBUG    root            Loaded Command Group: ['gcloud', 'active_directory']
2024-08-12 19:38:35,012 DEBUG    root            Loaded Command Group: ['gcloud', 'secrets']
2024-08-12 19:38:35,013 DEBUG    root            Loaded Command Group: ['gcloud', 'looker']
2024-08-12 19:38:35,014 DEBUG    root            Loaded Command Group: ['gcloud', 'infra_manager']
2024-08-12 19:38:35,016 DEBUG    root            Loaded Command Group: ['gcloud', 'alloydb']
2024-08-12 19:38:35,017 DEBUG    root            No implementation for release track [GA] for element: [/snap/google-cloud-cli/260/lib/surface/data_fusion]
2024-08-12 19:38:35,017 DEBUG    root            Loaded Command Group: ['gcloud', 'authz_toolkit']
2024-08-12 19:38:35,018 DEBUG    root            Loaded Command Group: ['gcloud', 'privateca']
2024-08-12 19:38:35,020 DEBUG    root            Loaded Command Group: ['gcloud', 'cloud_shell']
2024-08-12 19:38:35,021 DEBUG    root            Loaded Command Group: ['gcloud', 'filestore']
2024-08-12 19:38:35,022 DEBUG    root            Loaded Command Group: ['gcloud', 'meta']
2024-08-12 19:38:35,024 DEBUG    root            Loaded Command Group: ['gcloud', 'backup_dr']
2024-08-12 19:38:35,025 DEBUG    root            Loaded Command Group: ['gcloud', 'database_migration']
2024-08-12 19:38:35,026 DEBUG    root            No implementation for release track [GA] for element: [/snap/google-cloud-cli/260/lib/surface/dlp]
2024-08-12 19:38:35,027 DEBUG    root            Loaded Command Group: ['gcloud', 'service_directory']
2024-08-12 19:38:35,028 DEBUG    root            Loaded Command Group: ['gcloud', 'apphub']
2024-08-12 19:38:35,029 DEBUG    root            Loaded Command Group: ['gcloud', 'tasks']
2024-08-12 19:38:35,031 DEBUG    root            Loaded Command Group: ['gcloud', 'info']
2024-08-12 19:38:35,032 DEBUG    root            No implementation for release track [GA] for element: [/snap/google-cloud-cli/260/lib/surface/remote_build_execution]
2024-08-12 19:38:35,032 DEBUG    root            Loaded Command Group: ['gcloud', 'iap']
2024-08-12 19:38:35,034 DEBUG    root            Loaded Command Group: ['gcloud', 'resource_settings']
2024-08-12 19:38:35,036 DEBUG    root            Loaded Command Group: ['gcloud', 'workspace_add_ons']
2024-08-12 19:38:35,038 DEBUG    root            Loaded Command Group: ['gcloud', 'composer']
2024-08-12 19:38:35,040 DEBUG    root            Loaded Command Group: ['gcloud', 'access_approval']
2024-08-12 19:38:35,041 DEBUG    root            No implementation for release track [GA] for element: [/snap/google-cloud-cli/260/lib/surface/error_reporting]
2024-08-12 19:38:35,043 DEBUG    root            Loaded Command Group: ['gcloud', 'functions']
2024-08-12 19:38:35,045 DEBUG    root            Loaded Command Group: ['gcloud', 'netapp']
2024-08-12 19:38:35,046 DEBUG    root            Loaded Command Group: ['gcloud', 'resource_manager']
2024-08-12 19:38:35,047 DEBUG    root            No implementation for release track [GA] for element: [/snap/google-cloud-cli/260/lib/surface/resource_config]
2024-08-12 19:38:35,047 DEBUG    root            No implementation for release track [GA] for element: [/snap/google-cloud-cli/260/lib/surface/trace]
2024-08-12 19:38:35,048 DEBUG    root            Loaded Command Group: ['gcloud', 'ml_engine']
2024-08-12 19:38:35,093 DEBUG    root            No implementation for release track [GA] for element: [/snap/google-cloud-cli/260/lib/surface/interactive]
2024-08-12 19:38:35,095 DEBUG    root            Loaded Command Group: ['gcloud', 'config']
2024-08-12 19:38:35,097 DEBUG    root            Loaded Command Group: ['gcloud', 'datastream']
2024-08-12 19:38:35,099 DEBUG    root            No implementation for release track [GA] for element: [/snap/google-cloud-cli/260/lib/surface/dataproc_gdc]
2024-08-12 19:38:35,099 DEBUG    root            Loaded Command Group: ['gcloud', 'pam']
2024-08-12 19:38:35,100 DEBUG    root            No implementation for release track [GA] for element: [/snap/google-cloud-cli/260/lib/surface/kuberun]
2024-08-12 19:38:35,101 DEBUG    root            Loaded Command Group: ['gcloud', 'notebooks']
2024-08-12 19:38:35,105 DEBUG    root            Loaded Command Group: ['gcloud', 'survey']
2024-08-12 19:38:35,106 DEBUG    root            Loaded Command Group: ['gcloud', 'service_extensions']
2024-08-12 19:38:35,107 DEBUG    root            Loaded Command Group: ['gcloud', 'access_context_manager']
2024-08-12 19:38:35,110 DEBUG    root            Chosen display Format:table[no-heading,margin=6,width=80]([0]:label='':align=left:width=22,[1]:label='':align=left:wrap)
2024-08-12 19:38:35,126 DEBUG    root            Chosen display Format:table[no-heading,margin=6,width=80]([0]:label='':align=left:width=22,[1]:label='':align=left:wrap)
2024-08-12 19:38:35,128 DEBUG    root            Chosen display Format:table[no-heading,margin=6,width=80]([0]:label='':align=left:width=22,[1]:label='':align=left:wrap)
2024-08-12 19:38:35,128 DEBUG    root            Chosen display Format:table[no-heading,margin=6,width=80]([0]:label='':align=left:width=22,[1]:label='':align=left:wrap)
2024-08-12 19:38:35,129 DEBUG    root            Chosen display Format:table[no-heading,margin=6,width=80]([0]:label='':align=left:width=22,[1]:label='':align=left:wrap)
2024-08-12 19:38:35,129 DEBUG    root            Chosen display Format:table[no-heading,margin=6,width=80]([0]:label='':align=left:width=22,[1]:label='':align=left:wrap)
2024-08-12 19:38:35,130 DEBUG    root            Chosen display Format:table[no-heading,margin=6,width=80]([0]:label='':align=left:width=22,[1]:label='':align=left:wrap)
2024-08-12 19:38:35,131 DEBUG    root            Chosen display Format:table[no-heading,margin=6,width=80]([0]:label='':align=left:width=22,[1]:label='':align=left:wrap)
2024-08-12 19:38:35,133 DEBUG    root            Chosen display Format:table[no-heading,margin=6,width=80]([0]:label='':align=left:width=22,[1]:label='':align=left:wrap)
2024-08-12 19:38:35,134 DEBUG    root            Chosen display Format:table[no-heading,margin=6,width=80]([0]:label='':align=left:width=22,[1]:label='':align=left:wrap)
2024-08-12 19:38:35,135 DEBUG    root            Chosen display Format:table[no-heading,margin=6,width=80]([0]:label='':align=left:width=22,[1]:label='':align=left:wrap)
2024-08-12 19:38:35,138 DEBUG    root            Chosen display Format:table[no-heading,margin=6,width=80]([0]:label='':align=left:width=22,[1]:label='':align=left:wrap)
2024-08-12 19:38:35,139 DEBUG    root            Chosen display Format:table[no-heading,margin=6,width=80]([0]:label='':align=left:width=22,[1]:label='':align=left:wrap)
2024-08-12 19:38:35,139 DEBUG    root            Chosen display Format:table[no-heading,margin=6,width=80]([0]:label='':align=left:width=22,[1]:label='':align=left:wrap)
2024-08-12 19:38:35,140 DEBUG    root            Chosen display Format:table[no-heading,margin=6,width=80]([0]:label='':align=left:width=22,[1]:label='':align=left:wrap)
2024-08-12 19:38:35,140 DEBUG    root            Chosen display Format:table[no-heading,margin=6,width=80]([0]:label='':align=left:width=22,[1]:label='':align=left:wrap)
2024-08-12 19:38:35,142 DEBUG    root            Chosen display Format:table[no-heading,margin=6,width=80]([0]:label='':align=left:width=22,[1]:label='':align=left:wrap)
2024-08-12 19:38:35,142 DEBUG    root            Chosen display Format:table[no-heading,margin=6,width=80]([0]:label='':align=left:width=22,[1]:label='':align=left:wrap)
2024-08-12 19:38:35,143 DEBUG    root            Chosen display Format:table[no-heading,margin=6,width=80]([0]:label='':align=left:width=22,[1]:label='':align=left:wrap)
2024-08-12 19:38:35,144 DEBUG    root            Chosen display Format:table[no-heading,margin=6,width=80]([0]:label='':align=left:width=22,[1]:label='':align=left:wrap)
2024-08-12 19:38:35,145 DEBUG    root            Chosen display Format:table[no-heading,margin=6,width=80]([0]:label='':align=left:width=22,[1]:label='':align=left:wrap)
2024-08-12 19:38:35,145 DEBUG    root            Chosen display Format:table[no-heading,margin=6,width=80]([0]:label='':align=left:width=22,[1]:label='':align=left:wrap)
2024-08-12 19:38:35,146 DEBUG    root            Chosen display Format:table[no-heading,margin=6,width=80]([0]:label='':align=left:width=22,[1]:label='':align=left:wrap)
2024-08-12 19:38:35,146 DEBUG    root            Chosen display Format:table[no-heading,margin=6,width=80]([0]:label='':align=left:width=22,[1]:label='':align=left:wrap)
2024-08-12 19:38:35,147 DEBUG    root            Chosen display Format:table[no-heading,margin=6,width=80]([0]:label='':align=left:width=22,[1]:label='':align=left:wrap)
2024-08-12 19:38:35,148 DEBUG    root            Chosen display Format:table[no-heading,margin=6,width=80]([0]:label='':align=left:width=22,[1]:label='':align=left:wrap)
