2024-08-12 21:54:07,687 DEBUG    root            Loaded Command Group: ['gcloud', 'compute']
2024-08-12 21:54:07,699 DEBUG    root            Loaded Command Group: ['gcloud', 'compute', 'images']
2024-08-12 21:54:07,722 DEBUG    root            Loaded Command Group: ['gcloud', 'compute', 'images', 'list']
2024-08-12 21:54:07,725 DEBUG    root            Running [gcloud.compute.images.list] with arguments: [--filter: "family:debian-*", --project: "debian-cloud"]
2024-08-12 21:54:07,794 DEBUG    google.auth.transport.requests Making request: GET http://metadata.google.internal/computeMetadata/v1/instance/service-accounts/120753539852-compute@developer.gserviceaccount.com/?recursive=true
2024-08-12 21:54:07,797 DEBUG    urllib3.connectionpool Starting new HTTP connection (1): metadata.google.internal:80
2024-08-12 21:54:07,798 DEBUG    urllib3.connectionpool http://metadata.google.internal:80 "GET /computeMetadata/v1/instance/service-accounts/120753539852-compute@developer.gserviceaccount.com/?recursive=true HTTP/1.1" 200 142
2024-08-12 21:54:07,799 DEBUG    google.auth.transport.requests Making request: GET http://metadata.google.internal/computeMetadata/v1/instance/service-accounts/120753539852-compute@developer.gserviceaccount.com/token
2024-08-12 21:54:07,800 DEBUG    urllib3.connectionpool http://metadata.google.internal:80 "GET /computeMetadata/v1/instance/service-accounts/120753539852-compute@developer.gserviceaccount.com/token HTTP/1.1" 200 867
2024-08-12 21:54:07,992 INFO     root            client_filter=None server_filter='family eq ".*\\bdebian\\-.*"'
2024-08-12 21:54:07,999 INFO     root            client_filter=None server_filter='family eq ".*\\bdebian\\-.*"'
2024-08-12 21:54:08,052 DEBUG    root            Chosen display Format:    table(
      name,
      selfLink.map().scope(projects).segment(0):label=PROJECT,
      family,
      deprecated.state:label=DEPRECATED,
      status
    )
2024-08-12 21:54:08,052 INFO     root            Display format: "    table(
      name,
      selfLink.map().scope(projects).segment(0):label=PROJECT,
      family,
      deprecated.state:label=DEPRECATED,
      status
    )"
2024-08-12 21:54:08,061 DEBUG    urllib3.connectionpool Starting new HTTPS connection (1): compute.googleapis.com:443
2024-08-12 21:54:09,626 DEBUG    urllib3.connectionpool https://compute.googleapis.com:443 "POST /batch/compute/v1 HTTP/1.1" 200 None
2024-08-12 21:54:09,676 INFO     ___FILE_ONLY___ NAME
2024-08-12 21:54:09,677 INFO     ___FILE_ONLY___                                 
2024-08-12 21:54:09,677 INFO     ___FILE_ONLY___ PROJECT
2024-08-12 21:54:09,677 INFO     ___FILE_ONLY___        
2024-08-12 21:54:09,677 INFO     ___FILE_ONLY___ FAMILY
2024-08-12 21:54:09,677 INFO     ___FILE_ONLY___            
2024-08-12 21:54:09,677 INFO     ___FILE_ONLY___ DEPRECATED
2024-08-12 21:54:09,677 INFO     ___FILE_ONLY___   
2024-08-12 21:54:09,677 INFO     ___FILE_ONLY___ STATUS
2024-08-12 21:54:09,677 INFO     ___FILE_ONLY___ 

2024-08-12 21:54:09,677 INFO     ___FILE_ONLY___ debian-11-bullseye-arm64-v20240709
2024-08-12 21:54:09,677 INFO     ___FILE_ONLY___   
2024-08-12 21:54:09,677 INFO     ___FILE_ONLY___ debian-cloud
2024-08-12 21:54:09,677 INFO     ___FILE_ONLY___   
2024-08-12 21:54:09,677 INFO     ___FILE_ONLY___ debian-11-arm64
2024-08-12 21:54:09,678 INFO     ___FILE_ONLY___               
2024-08-12 21:54:09,678 INFO     ___FILE_ONLY___ READY
2024-08-12 21:54:09,678 INFO     ___FILE_ONLY___ 

2024-08-12 21:54:09,678 INFO     ___FILE_ONLY___ debian-11-bullseye-v20240709
2024-08-12 21:54:09,678 INFO     ___FILE_ONLY___         
2024-08-12 21:54:09,678 INFO     ___FILE_ONLY___ debian-cloud
2024-08-12 21:54:09,678 INFO     ___FILE_ONLY___   
2024-08-12 21:54:09,678 INFO     ___FILE_ONLY___ debian-11
2024-08-12 21:54:09,678 INFO     ___FILE_ONLY___                     
2024-08-12 21:54:09,678 INFO     ___FILE_ONLY___ READY
2024-08-12 21:54:09,678 INFO     ___FILE_ONLY___ 

2024-08-12 21:54:09,678 INFO     ___FILE_ONLY___ debian-12-bookworm-arm64-v20240709
2024-08-12 21:54:09,678 INFO     ___FILE_ONLY___   
2024-08-12 21:54:09,678 INFO     ___FILE_ONLY___ debian-cloud
2024-08-12 21:54:09,678 INFO     ___FILE_ONLY___   
2024-08-12 21:54:09,679 INFO     ___FILE_ONLY___ debian-12-arm64
2024-08-12 21:54:09,679 INFO     ___FILE_ONLY___               
2024-08-12 21:54:09,679 INFO     ___FILE_ONLY___ READY
2024-08-12 21:54:09,679 INFO     ___FILE_ONLY___ 

2024-08-12 21:54:09,679 INFO     ___FILE_ONLY___ debian-12-bookworm-v20240709
2024-08-12 21:54:09,679 INFO     ___FILE_ONLY___         
2024-08-12 21:54:09,679 INFO     ___FILE_ONLY___ debian-cloud
2024-08-12 21:54:09,679 INFO     ___FILE_ONLY___   
2024-08-12 21:54:09,679 INFO     ___FILE_ONLY___ debian-12
2024-08-12 21:54:09,679 INFO     ___FILE_ONLY___                     
2024-08-12 21:54:09,679 INFO     ___FILE_ONLY___ READY
2024-08-12 21:54:09,679 INFO     ___FILE_ONLY___ 

2024-08-12 21:54:09,680 DEBUG    root            SDK update checks are disabled.
