2024-08-12 22:39:06,342 DEBUG    root            Loaded Command Group: ['gcloud', 'compute']
2024-08-12 22:39:06,347 DEBUG    root            Loaded Command Group: ['gcloud', 'compute', 'instances']
2024-08-12 22:39:06,356 DEBUG    root            Loaded Command Group: ['gcloud', 'compute', 'instances', 'describe']
2024-08-12 22:39:06,358 DEBUG    root            Running [gcloud.compute.instances.describe] with arguments: [--project: "still-totality-432312-r8", --zone: "northamerica-northeast2-c", INSTANCE_NAME: "radiant-vm"]
2024-08-12 22:39:06,520 DEBUG    urllib3.connectionpool Starting new HTTPS connection (1): compute.googleapis.com:443
2024-08-12 22:39:06,733 DEBUG    urllib3.connectionpool https://compute.googleapis.com:443 "GET /compute/v1/projects/still-totality-432312-r8/zones/northamerica-northeast2-c/instances/radiant-vm?alt=json HTTP/1.1" 200 None
2024-08-12 22:39:06,738 DEBUG    root            Chosen display Format:default
2024-08-12 22:39:06,739 INFO     root            Display format: "default"
2024-08-12 22:39:06,756 INFO     ___FILE_ONLY___ canIpForward
2024-08-12 22:39:06,756 INFO     ___FILE_ONLY___ :
2024-08-12 22:39:06,756 INFO     ___FILE_ONLY___  
2024-08-12 22:39:06,756 INFO     ___FILE_ONLY___ false
2024-08-12 22:39:06,756 INFO     ___FILE_ONLY___ 

2024-08-12 22:39:06,756 INFO     ___FILE_ONLY___ confidentialInstanceConfig
2024-08-12 22:39:06,756 INFO     ___FILE_ONLY___ :
2024-08-12 22:39:06,756 INFO     ___FILE_ONLY___ 

2024-08-12 22:39:06,756 INFO     ___FILE_ONLY___   
2024-08-12 22:39:06,757 INFO     ___FILE_ONLY___ enableConfidentialCompute
2024-08-12 22:39:06,757 INFO     ___FILE_ONLY___ :
2024-08-12 22:39:06,757 INFO     ___FILE_ONLY___  
2024-08-12 22:39:06,757 INFO     ___FILE_ONLY___ false
2024-08-12 22:39:06,757 INFO     ___FILE_ONLY___ 

2024-08-12 22:39:06,757 INFO     ___FILE_ONLY___ cpuPlatform
2024-08-12 22:39:06,757 INFO     ___FILE_ONLY___ :
2024-08-12 22:39:06,757 INFO     ___FILE_ONLY___  
2024-08-12 22:39:06,757 INFO     ___FILE_ONLY___ AMD
2024-08-12 22:39:06,757 INFO     ___FILE_ONLY___  
2024-08-12 22:39:06,757 INFO     ___FILE_ONLY___ Rome
2024-08-12 22:39:06,757 INFO     ___FILE_ONLY___ 

2024-08-12 22:39:06,757 INFO     ___FILE_ONLY___ creationTimestamp
2024-08-12 22:39:06,759 INFO     ___FILE_ONLY___ :
2024-08-12 22:39:06,759 INFO     ___FILE_ONLY___  '
2024-08-12 22:39:06,759 INFO     ___FILE_ONLY___ 2024-08-12T06:30:39.863-07:00
2024-08-12 22:39:06,759 INFO     ___FILE_ONLY___ '
2024-08-12 22:39:06,759 INFO     ___FILE_ONLY___ 

2024-08-12 22:39:06,759 INFO     ___FILE_ONLY___ deletionProtection
2024-08-12 22:39:06,759 INFO     ___FILE_ONLY___ :
2024-08-12 22:39:06,759 INFO     ___FILE_ONLY___  
2024-08-12 22:39:06,759 INFO     ___FILE_ONLY___ false
2024-08-12 22:39:06,759 INFO     ___FILE_ONLY___ 

2024-08-12 22:39:06,759 INFO     ___FILE_ONLY___ description
2024-08-12 22:39:06,760 INFO     ___FILE_ONLY___ :
2024-08-12 22:39:06,760 INFO     ___FILE_ONLY___  '
2024-08-12 22:39:06,760 INFO     ___FILE_ONLY___ '
2024-08-12 22:39:06,760 INFO     ___FILE_ONLY___ 

2024-08-12 22:39:06,760 INFO     ___FILE_ONLY___ disks
2024-08-12 22:39:06,760 INFO     ___FILE_ONLY___ :
2024-08-12 22:39:06,760 INFO     ___FILE_ONLY___ 

2024-08-12 22:39:06,760 INFO     ___FILE_ONLY___ -
2024-08-12 22:39:06,760 INFO     ___FILE_ONLY___  
2024-08-12 22:39:06,760 INFO     ___FILE_ONLY___ architecture
2024-08-12 22:39:06,760 INFO     ___FILE_ONLY___ :
2024-08-12 22:39:06,760 INFO     ___FILE_ONLY___  
2024-08-12 22:39:06,760 INFO     ___FILE_ONLY___ X86_64
2024-08-12 22:39:06,761 INFO     ___FILE_ONLY___ 

2024-08-12 22:39:06,761 INFO     ___FILE_ONLY___   
2024-08-12 22:39:06,761 INFO     ___FILE_ONLY___ autoDelete
2024-08-12 22:39:06,761 INFO     ___FILE_ONLY___ :
2024-08-12 22:39:06,761 INFO     ___FILE_ONLY___  
2024-08-12 22:39:06,761 INFO     ___FILE_ONLY___ true
2024-08-12 22:39:06,761 INFO     ___FILE_ONLY___ 

2024-08-12 22:39:06,761 INFO     ___FILE_ONLY___   
2024-08-12 22:39:06,761 INFO     ___FILE_ONLY___ boot
2024-08-12 22:39:06,761 INFO     ___FILE_ONLY___ :
2024-08-12 22:39:06,761 INFO     ___FILE_ONLY___  
2024-08-12 22:39:06,761 INFO     ___FILE_ONLY___ true
2024-08-12 22:39:06,761 INFO     ___FILE_ONLY___ 

2024-08-12 22:39:06,761 INFO     ___FILE_ONLY___   
2024-08-12 22:39:06,762 INFO     ___FILE_ONLY___ deviceName
2024-08-12 22:39:06,762 INFO     ___FILE_ONLY___ :
2024-08-12 22:39:06,762 INFO     ___FILE_ONLY___  
2024-08-12 22:39:06,762 INFO     ___FILE_ONLY___ radiant-vm
2024-08-12 22:39:06,762 INFO     ___FILE_ONLY___ 

2024-08-12 22:39:06,762 INFO     ___FILE_ONLY___   
2024-08-12 22:39:06,762 INFO     ___FILE_ONLY___ diskSizeGb
2024-08-12 22:39:06,762 INFO     ___FILE_ONLY___ :
2024-08-12 22:39:06,762 INFO     ___FILE_ONLY___  '
2024-08-12 22:39:06,762 INFO     ___FILE_ONLY___ 10
2024-08-12 22:39:06,762 INFO     ___FILE_ONLY___ '
2024-08-12 22:39:06,762 INFO     ___FILE_ONLY___ 

2024-08-12 22:39:06,762 INFO     ___FILE_ONLY___   
2024-08-12 22:39:06,762 INFO     ___FILE_ONLY___ guestOsFeatures
2024-08-12 22:39:06,762 INFO     ___FILE_ONLY___ :
2024-08-12 22:39:06,763 INFO     ___FILE_ONLY___ 

2024-08-12 22:39:06,763 INFO     ___FILE_ONLY___   
2024-08-12 22:39:06,763 INFO     ___FILE_ONLY___ -
2024-08-12 22:39:06,763 INFO     ___FILE_ONLY___  
2024-08-12 22:39:06,763 INFO     ___FILE_ONLY___ type
2024-08-12 22:39:06,763 INFO     ___FILE_ONLY___ :
2024-08-12 22:39:06,763 INFO     ___FILE_ONLY___  
2024-08-12 22:39:06,763 INFO     ___FILE_ONLY___ VIRTIO_SCSI_MULTIQUEUE
2024-08-12 22:39:06,763 INFO     ___FILE_ONLY___ 

2024-08-12 22:39:06,763 INFO     ___FILE_ONLY___   
2024-08-12 22:39:06,763 INFO     ___FILE_ONLY___ -
2024-08-12 22:39:06,763 INFO     ___FILE_ONLY___  
2024-08-12 22:39:06,763 INFO     ___FILE_ONLY___ type
2024-08-12 22:39:06,763 INFO     ___FILE_ONLY___ :
2024-08-12 22:39:06,763 INFO     ___FILE_ONLY___  
2024-08-12 22:39:06,763 INFO     ___FILE_ONLY___ SEV_CAPABLE
2024-08-12 22:39:06,764 INFO     ___FILE_ONLY___ 

2024-08-12 22:39:06,764 INFO     ___FILE_ONLY___   
2024-08-12 22:39:06,764 INFO     ___FILE_ONLY___ -
2024-08-12 22:39:06,764 INFO     ___FILE_ONLY___  
2024-08-12 22:39:06,764 INFO     ___FILE_ONLY___ type
2024-08-12 22:39:06,764 INFO     ___FILE_ONLY___ :
2024-08-12 22:39:06,764 INFO     ___FILE_ONLY___  
2024-08-12 22:39:06,764 INFO     ___FILE_ONLY___ SEV_SNP_CAPABLE
2024-08-12 22:39:06,764 INFO     ___FILE_ONLY___ 

2024-08-12 22:39:06,764 INFO     ___FILE_ONLY___   
2024-08-12 22:39:06,764 INFO     ___FILE_ONLY___ -
2024-08-12 22:39:06,764 INFO     ___FILE_ONLY___  
2024-08-12 22:39:06,764 INFO     ___FILE_ONLY___ type
2024-08-12 22:39:06,764 INFO     ___FILE_ONLY___ :
2024-08-12 22:39:06,764 INFO     ___FILE_ONLY___  
2024-08-12 22:39:06,764 INFO     ___FILE_ONLY___ SEV_LIVE_MIGRATABLE
2024-08-12 22:39:06,765 INFO     ___FILE_ONLY___ 

2024-08-12 22:39:06,765 INFO     ___FILE_ONLY___   
2024-08-12 22:39:06,765 INFO     ___FILE_ONLY___ -
2024-08-12 22:39:06,765 INFO     ___FILE_ONLY___  
2024-08-12 22:39:06,765 INFO     ___FILE_ONLY___ type
2024-08-12 22:39:06,765 INFO     ___FILE_ONLY___ :
2024-08-12 22:39:06,765 INFO     ___FILE_ONLY___  
2024-08-12 22:39:06,765 INFO     ___FILE_ONLY___ SEV_LIVE_MIGRATABLE_V2
2024-08-12 22:39:06,765 INFO     ___FILE_ONLY___ 

2024-08-12 22:39:06,765 INFO     ___FILE_ONLY___   
2024-08-12 22:39:06,765 INFO     ___FILE_ONLY___ -
2024-08-12 22:39:06,765 INFO     ___FILE_ONLY___  
2024-08-12 22:39:06,765 INFO     ___FILE_ONLY___ type
2024-08-12 22:39:06,765 INFO     ___FILE_ONLY___ :
2024-08-12 22:39:06,765 INFO     ___FILE_ONLY___  
2024-08-12 22:39:06,765 INFO     ___FILE_ONLY___ IDPF
2024-08-12 22:39:06,766 INFO     ___FILE_ONLY___ 

2024-08-12 22:39:06,766 INFO     ___FILE_ONLY___   
2024-08-12 22:39:06,766 INFO     ___FILE_ONLY___ -
2024-08-12 22:39:06,766 INFO     ___FILE_ONLY___  
2024-08-12 22:39:06,766 INFO     ___FILE_ONLY___ type
2024-08-12 22:39:06,766 INFO     ___FILE_ONLY___ :
2024-08-12 22:39:06,766 INFO     ___FILE_ONLY___  
2024-08-12 22:39:06,766 INFO     ___FILE_ONLY___ UEFI_COMPATIBLE
2024-08-12 22:39:06,766 INFO     ___FILE_ONLY___ 

2024-08-12 22:39:06,766 INFO     ___FILE_ONLY___   
2024-08-12 22:39:06,766 INFO     ___FILE_ONLY___ -
2024-08-12 22:39:06,766 INFO     ___FILE_ONLY___  
2024-08-12 22:39:06,766 INFO     ___FILE_ONLY___ type
2024-08-12 22:39:06,766 INFO     ___FILE_ONLY___ :
2024-08-12 22:39:06,766 INFO     ___FILE_ONLY___  
2024-08-12 22:39:06,767 INFO     ___FILE_ONLY___ GVNIC
2024-08-12 22:39:06,767 INFO     ___FILE_ONLY___ 

2024-08-12 22:39:06,767 INFO     ___FILE_ONLY___   
2024-08-12 22:39:06,767 INFO     ___FILE_ONLY___ index
2024-08-12 22:39:06,767 INFO     ___FILE_ONLY___ :
2024-08-12 22:39:06,767 INFO     ___FILE_ONLY___  
2024-08-12 22:39:06,767 INFO     ___FILE_ONLY___ 0
2024-08-12 22:39:06,767 INFO     ___FILE_ONLY___ 

2024-08-12 22:39:06,767 INFO     ___FILE_ONLY___   
2024-08-12 22:39:06,767 INFO     ___FILE_ONLY___ interface
2024-08-12 22:39:06,767 INFO     ___FILE_ONLY___ :
2024-08-12 22:39:06,767 INFO     ___FILE_ONLY___  
2024-08-12 22:39:06,767 INFO     ___FILE_ONLY___ SCSI
2024-08-12 22:39:06,767 INFO     ___FILE_ONLY___ 

2024-08-12 22:39:06,767 INFO     ___FILE_ONLY___   
2024-08-12 22:39:06,768 INFO     ___FILE_ONLY___ kind
2024-08-12 22:39:06,768 INFO     ___FILE_ONLY___ :
2024-08-12 22:39:06,768 INFO     ___FILE_ONLY___  
2024-08-12 22:39:06,768 INFO     ___FILE_ONLY___ compute#attachedDisk
2024-08-12 22:39:06,768 INFO     ___FILE_ONLY___ 

2024-08-12 22:39:06,768 INFO     ___FILE_ONLY___   
2024-08-12 22:39:06,768 INFO     ___FILE_ONLY___ licenses
2024-08-12 22:39:06,768 INFO     ___FILE_ONLY___ :
2024-08-12 22:39:06,768 INFO     ___FILE_ONLY___ 

2024-08-12 22:39:06,768 INFO     ___FILE_ONLY___   
2024-08-12 22:39:06,768 INFO     ___FILE_ONLY___ -
2024-08-12 22:39:06,768 INFO     ___FILE_ONLY___  
2024-08-12 22:39:06,768 INFO     ___FILE_ONLY___ https://www.googleapis.com/compute/v1/projects/ubuntu-os-cloud/global/licenses/ubuntu-2004-lts
2024-08-12 22:39:06,768 INFO     ___FILE_ONLY___ 

2024-08-12 22:39:06,768 INFO     ___FILE_ONLY___   
2024-08-12 22:39:06,769 INFO     ___FILE_ONLY___ mode
2024-08-12 22:39:06,769 INFO     ___FILE_ONLY___ :
2024-08-12 22:39:06,769 INFO     ___FILE_ONLY___  
2024-08-12 22:39:06,769 INFO     ___FILE_ONLY___ READ_WRITE
2024-08-12 22:39:06,769 INFO     ___FILE_ONLY___ 

2024-08-12 22:39:06,769 INFO     ___FILE_ONLY___   
2024-08-12 22:39:06,769 INFO     ___FILE_ONLY___ shieldedInstanceInitialState
2024-08-12 22:39:06,769 INFO     ___FILE_ONLY___ :
2024-08-12 22:39:06,769 INFO     ___FILE_ONLY___ 

2024-08-12 22:39:06,769 INFO     ___FILE_ONLY___     
2024-08-12 22:39:06,769 INFO     ___FILE_ONLY___ dbxs
2024-08-12 22:39:06,769 INFO     ___FILE_ONLY___ :
2024-08-12 22:39:06,769 INFO     ___FILE_ONLY___ 

2024-08-12 22:39:06,769 INFO     ___FILE_ONLY___     
2024-08-12 22:39:06,769 INFO     ___FILE_ONLY___ -
2024-08-12 22:39:06,770 INFO     ___FILE_ONLY___  
2024-08-12 22:39:06,770 INFO     ___FILE_ONLY___ content
2024-08-12 22:39:06,770 INFO     ___FILE_ONLY___ :
2024-08-12 22:39:06,773 INFO     ___FILE_ONLY___  
2024-08-12 22:39:06,775 INFO     ___FILE_ONLY___ 2gcDBhMRFQAAAAAAAAAAABENAAAAAvEOndKvSt9o7kmKqTR9N1ZlpzCCDPUCAQExDzANBglghkgBZQMEAgEFADALBgkqhkiG9w0BBwGgggsIMIIFGDCCBACgAwIBAgITMwAAABNryScg3e1ZiAAAAAAAEzANBgkqhkiG9w0BAQsFADCBgDELMAkGA1UEBhMCVVMxEzARBgNVBAgTCldhc2hpbmd0b24xEDAOBgNVBAcTB1JlZG1vbmQxHjAcBgNVBAoTFU1pY3Jvc29mdCBDb3Jwb3JhdGlvbjEqMCgGA1UEAxMhTWljcm9zb2Z0IENvcnBvcmF0aW9uIEtFSyBDQSAyMDExMB4XDTE2MDEwNjE4MzQxNVoXDTE3MDQwNjE4MzQxNVowgZUxCzAJBgNVBAYTAlVTMRMwEQYDVQQIEwpXYXNoaW5ndG9uMRAwDgYDVQQHEwdSZWRtb25kMR4wHAYDVQQKExVNaWNyb3NvZnQgQ29ycG9yYXRpb24xDTALBgNVBAsTBE1PUFIxMDAuBgNVBAMTJ01pY3Jvc29mdCBXaW5kb3dzIFVFRkkgS2V5IEV4Y2hhbmdlIEtleTCCASIwDQYJKoZIhvcNAQEBBQADggEPADCCAQoCggEBAKXiCkZgbboTnVZnS1h_JbnlcVst9wtFK8NQjTpeB9wirml3h-fzi8vzki0hSNBD2Dg49lGEvs4egyowmTsLu1TnBUH1f_Hi8Noa7fKXV6F93qYrTPajx5v9L7NedplWnMEPsRvJrQdrysTZwtoXMLYDhc8bQHI5nlJDfgqrB8JiC4A3vL9i19lkQOTq4PZb5AcVcE0wlG7lR_btoQN0g5B4_7pI2S_9mU1PXr1NBSEl48Kl4cJwO2GyvOVvxQ6wUSFTExmCBKrT3LnPU5lZY68n3MpZ5VY4skhrEt2dyf5bZNzkYTTouxC0n37OrMbGGq3tpv7JDD6E_Rfqua3dXYECAwEAAaOCAXIwggFuMBQGA1UdJQQNMAsGCSsGAQQBgjdPATAdBgNVHQ4EFgQUVsJIppTfox2XYoAJRIlnxAUOy2owUQYDVR0RBEowSKRGMEQxDTALBgNVBAsTBE1PUFIxMzAxBgNVBAUTKjMxNjMxKzJjNDU2Y2JjLTA1NDItNDdkOS05OWU1LWQzOWI4MTVjNTczZTAfBgNVHSMEGDAWgBRi_EPNoD6ky2cS0lvZVax7zLaKXzBTBgNVHR8ETDBKMEigRqBEhkJodHRwOi8vd3d3Lm1pY3Jvc29mdC5jb20vcGtpb3BzL2NybC9NaWNDb3JLRUtDQTIwMTFfMjAxMS0wNi0yNC5jcmwwYAYIKwYBBQUHAQEEVDBSMFAGCCsGAQUFBzAChkRodHRwOi8vd3d3Lm1pY3Jvc29mdC5jb20vcGtpb3BzL2NlcnRzL01pY0NvcktFS0NBMjAxMV8yMDExLTA2LTI0LmNydDAMBgNVHRMBAf8EAjAAMA0GCSqGSIb3DQEBCwUAA4IBAQCGjTFLjxsKmyLESJueg0S2Cp8N7MOq2IALsitZHwfYw2jMhY9b9kmKvIdSqVna1moZ6_zJSOS_JY6HkWZr6dDJe9Lj7xiW_e4qPP-KDrCVb02vBnK4EktVjTdJpyMhxBMdXUcq1eGl6518oCkQ27tu0-WZjaWEVsEY_gpQj0ye2UA4HYUYgJlpT24oJRi7TeQ03Nebb-ZrUkbf9uxl0OVV_mg2R5FDwOc3REoRAgv5jnw6X7ha5hlRCl2cLF27TFrFIRQQT4eSM33eDiitXXpYmD13jqKeHhLVXr07QSwqvKe1o1UYokJngP0pTwoDnt2qRuLnZ71jw732dSPN9B57MIIF6DCCA9CgAwIBAgIKYQrRiAAAAAAAAzANBgkqhkiG9w0BAQsFADCBkTELMAkGA1UEBhMCVVMxEzARBgNVBAgTCldhc2hpbmd0b24xEDAOBgNVBAcTB1JlZG1vbmQxHjAcBgNVBAoTFU1pY3Jvc29mdCBDb3Jwb3JhdGlvbjE7MDkGA1UEAxMyTWljcm9zb2Z0IENvcnBvcmF0aW9uIFRoaXJkIFBhcnR5IE1hcmtldHBsYWNlIFJvb3QwHhcNMTEwNjI0MjA0MTI5WhcNMjYwNjI0MjA1MTI5WjCBgDELMAkGA1UEBhMCVVMxEzARBgNVBAgTCldhc2hpbmd0b24xEDAOBgNVBAcTB1JlZG1vbmQxHjAcBgNVBAoTFU1pY3Jvc29mdCBDb3Jwb3JhdGlvbjEqMCgGA1UEAxMhTWljcm9zb2Z0IENvcnBvcmF0aW9uIEtFSyBDQSAyMDExMIIBIjANBgkqhkiG9w0BAQEFAAOCAQ8AMIIBCgKCAQEAxOi1ir-tVyawJsPq5_tXekQCXQcN2krldCrmsA_sbevsf7njWmMyfBEXTw7jC6c4FZOOxvXghLGamyzn9beR1gnh4sAEqKwwHN9I8wZQmmSnUX_IhU-PIIbO_i_hn_-CwO3pzc70U2piOgtDueIl_f4F-dTEFKsR4iOJjXC3pB1N7K7lnPoWwtfBy9ToxC_lme4kiwPsjfKL6sNK-0MREgt-tUeSbNzmBInr9TME6xABKnHl-YMTPP8lCS9odkb_uk--3K1xKliq-w7SeT3km2U7zCkqn_xyWaLrrpLv9jUTgMYC7ORfzJ12ze9jksGveUCEeYd_41Ko6J17B2mPFQIDAQABo4IBTzCCAUswEAYJKwYBBAGCNxUBBAMCAQAwHQYDVR0OBBYEFGL8Q82gPqTLZxLSW9lVrHvMtopfMBkGCSsGAQQBgjcUAgQMHgoAUwB1AGIAQwBBMAsGA1UdDwQEAwIBhjAPBgNVHRMBAf8EBTADAQH_MB8GA1UdIwQYMBaAFEVmUkPhflgRv9ZOniNVCDs6ImqoMFwGA1UdHwRVMFMwUaBPoE2GS2h0dHA6Ly9jcmwubWljcm9zb2Z0LmNvbS9wa2kvY3JsL3Byb2R1Y3RzL01pY0NvclRoaVBhck1hclJvb18yMDEwLTEwLTA1LmNybDBgBggrBgEFBQcBAQRUMFIwUAYIKwYBBQUHMAKGRGh0dHA6Ly93d3cubWljcm9zb2Z0LmNvbS9wa2kvY2VydHMvTWljQ29yVGhpUGFyTWFyUm9vXzIwMTAtMTAtMDUuY3J0MA0GCSqGSIb3DQEBCwUAA4ICAQDUhIj1FJQYAsoqPPsqkhwM16DR8ehSZqjuorV1epAAqi2kdlrqebe5N2pRexBk9uFk8gJnvveoG3i9us6IWGQM1lfIGaNfBdbbxtBpzkhLMrfrXdIw9cD1uLp4B6Mr_pvbNFaE7ILKrkElcJxr6f6QD9eWH-XnlB-yKgyNS_8oKRB799d8pdF2uQXIee0PkJKcwv7fb35sD3vUwUXdNFGWOQ_lXlbYGAWW9AemQrOgd_0IGfJxVsyfhiOkh8um_Vh-1GlnFZF-gfJ_E-UNi4o8h4Tr4869Q-WtLYSTjmorWnxE-lKqgcgtHLvgUt8AEfiaPcFgsOEztaOI0WUZChrnrHykwYKHTjixLw3FFIdv_Y0uvDm25-bD4OTNJ4TvlELvKYuQRkE7gRtn2PlDWWXLDbz9AJJP9HU7p6kk_FBBQHngLU8Kaid2blLtlml7rw_3hwXQRcKtUxSBH_swBKo3NmHaSmkbNNho7dYCz2yUDNPPbCJ5rbHwvAOiRmCpxAfCIYLx_fLoeTJgv9ispSIUS8rB2EvrfT9XNbLmT3W0sGADIlOukXkd1ptBHxWGVHCy3g01D3ywNHK6l2A78HnrorIcXaIWuIfF6Rv2tZclbzif45H6inmYw2kOt6McIAWX-MoUrgDXxPPAFBB1azSgG7WZYPNcsMVXTjbSMoS_njGCAcQwggHAAgEBMIGYMIGAMQswCQYDVQQGEwJVUzETMBEGA1UECBMKV2FzaGluZ3RvbjEQMA4GA1UEBxMHUmVkbW9uZDEeMBwGA1UEChMVTWljcm9zb2Z0IENvcnBvcmF0aW9uMSowKAYDVQQDEyFNaWNyb3NvZnQgQ29ycG9yYXRpb24gS0VLIENBIDIwMTECEzMAAAATa8knIN3tWYgAAAAAABMwDQYJYIZIAWUDBAIBBQAwDQYJKoZIhvcNAQEBBQAEggEAhabaxRIJ7nUZ-m__mIG0lII6yD-lxoeI8S83ZKTP8Qx5h5asySWl7420eGhna7zyaVRvVVIhkjOMIfcKr29LgzQpYDqPUc8aYAdGCsZKZGmHCMjEulnq5TDK79GKinzZfb2sAWXEJ68N8oNnY7faBKjHjmmJbAEz8ufE4DijgJ_NBov2xmhTZyNHQ7pB1iCdrEUGObzdJc0Qtmh3CNOEcmH0ukd8sTHE9acBBTFHS8dvreR_sP7dXClZJbJiWAFKvQn3EjCTiYizkZ4I_5xiqjHELht_ORQKN-Hnoqnl4kcRINhZRV7JlgAQDlBJLv3OTjShRO_ZWCdcu7PtwhweiSYWxMFMUJJArKlB-TaTQyiMDgAAAAAAADAAAAC9mvp3WQMyTb1gKPTnj3hLgLTZaTG_DQL9kaYeGdFPHaRS5m2yQIyoYE1BH5Jlnwq9mvp3WQMyTb1gKPTnj3hL9S-Do_qc-9aSD3IoJNvkA0U00luFByRrO5V9rG4bznq9mvp3WQMyTb1gKPTnj3hLxdnYoYbiyC0Jr6oqb38uc4cNPmT3LE4I72d5aoQPD729mvp3WQMyTb1gKPTnj3hLNjOE0U0fLgt4FWJkhMRZrVejGO9DliZgSNBYxaGbv3a9mvp3WQMyTb1gKPTnj3hLGuyEuEtsZaUSIKm-cYGWUjAhDWLW0zxImZxrKVorCga9mvp3WQMyTb1gKPTnj3hL5spo6UFGYprwP2nC-G5r72L5MLN8b7zIeLeN-YwDNOW9mvp3WQMyTb1gKPTnj3hLw6maRg2kZKBXw1htg8719K4ItxA5ee2JMnQt8O1TDGa9mvp3WQMyTb1gKPTnj3hLWPuUGu-VollDs_tfJRCg3z_kTFjJXgq4BIcpdWirl3G9mvp3WQMyTb1gKPTnj3hLU5HDovsRIQKmqh7cJa534Z9dbwnNCe6yUJkiv81Zkuq9mvp3WQMyTb1gKPTnj3hL1iYVfh1qcYvBJKuNony7ZQcsoDp7ayV9vcu9YPZe89G9mvp3WQMyTb1gKPTnj3hL0GPsKPZ-ulPxZC2_ff8zxqMq3YafYBP-Fi4sMvHL5W29mvp3WQMyTb1gKPTnj3hLKcbrUrQ8OqGLLNjtbqhgfO88-uG6_hFldVzy5hSESkS9mvp3WQMyTb1gKPTnj3hLkPvnDmnWM0CNPhcMaDLbstIJ4CclJ9-2PUnSlXKm9Ey9mvp3WQMyTb1gKPTnj3hLB17qBgWJVIugYLL-7RDaPCDH_psXzQJrlOimg7gRUji9mvp3WQMyTb1gKPTnj3hLB-bGqFhkb7HvxnkD_iixFgEfI2f-kua-KzaZnv850J69mvp3WQMyTb1gKPTnj3hLCd9fTlESCOx4uW0S0IEl_bYDho3jn29yknhSWZtlnCa9mvp3WQMyTb1gKPTnj3hLC7tDktqseribMKSsZXUxuXv6qwT5Cw2v5fm265CgY3S9mvp3WQMyTb1gKPTnj3hLDBiTOXYt8zarPdAGpGPfcVo5z7D0kkZcYA5sa9e9iYy9mvp3WQMyTb1gKPTnj3hLDQ2-ym8p7KBvMxp9cuSISxIJf7NImDoqFKDXP08QFA-9mvp3WQMyTb1gKPTnj3hLDcnz-5mWIUjDyoM2MnWNPtT8jQsAB7lbMeZSjyrNW_y9mvp3WQMyTb1gKPTnj3hLEG-s6s_s_U4wO3T0gKCAmOLQgCuTb47HdM4h8xaGaJy9mvp3WQMyTb1gKPTnj3hLF046C1tDxqYHu9NATwU0Hj3POWJnzpT4tQ4uI6nakgy9mvp3WQMyTb1gKPTnj3hLGDM0Kf8FYu2flwM-EUjc7uUtvi5JbVQQtc_WyGTS0Q-9mvp3WQMyTb1gKPTnj3hLK5nPJkIukv42X79Lww0nCGye4Ut6b_9E-y9rkAFpmTm9mvp3WQMyTb1gKPTnj3hLK78sp7jx2R8n7lK2-ypd0Em4WiubUpxdZmIGgQSwVfi9mvp3WQMyTb1gKPTnj3hLLHPZMyW6bcvlidSkxjxbk1VZ75L78FDtUMTiCFIG8X29mvp3WQMyTb1gKPTnj3hLLnCRZ4am93NRH6cYH6sPHXC1V8YyLqkjsqjTuStRr329mvp3WQMyTb1gKPTnj3hLMGYo-lR3MFcoukpGfefQOHpU9WnTdp_OXnXsidKNFZO9mvp3WQMyTb1gKPTnj3hLNgjtuvWtD0GkFKF3er8vr15nAzRnXsOZXmk1gp4MqtK9mvp3WQMyTb1gKPTnj3hLOEHSITaNFYPXXAoC5iFgOU1sTgpnYLb2B7kDYryFWwK9mvp3WQMyTb1gKPTnj3hLP86bn98-8J1UUrD5XuSBwrfwbXQ6c3lxVY5wE2rOPnO9mvp3WQMyTb1gKPTnj3hLQ5fayoOef2MHfLUMkt9DvC0vsqj1nyb8eg5L1Nl1FpK9mvp3WQMyTb1gKPTnj3hLR8wIYSfiBpqG4Dpr7yzUEPjFWm1r2zYhaMMbLOMqWt-9mvp3WQMyTb1gKPTnj3hLUYgx_nOCtRTQPhXGISKLirZUeb0Mv6PFwdD0jZwwYTW9mvp3WQMyTb1gKPTnj3hLWulJ6ohV65PkOdvGW9ouQoUsL99nifoUZzbjw0EPK1y9mvp3WQMyTb1gKPTnj3hLax0TgHjkQYqmjet7s14GYJLPR57rjOTNEufQcsy0L2a9mvp3WQMyTb1gKPTnj3hLbIhUR43VWeKTUbgmwGy4v-8rlK01ODWHctGT-C7RyhG9mvp3WQMyTb1gKPTnj3hLbxQo_3HJ2w7Vrx8ue7_Lq2R8wmXd9bKTzbYm9Qo6eF69mvp3WQMyTb1gKPTnj3hLcfKQb9IiSX5Uo0ZiqySX_MgQIHcP9RNo6ePZv8v9Y3W9mvp3WQMyTb1gKPTnj3hLcms-tlQEajDz-D2bls4D9nDpqAbRcIoDceYtxJ0sI8G9mvp3WQMyTb1gKPTnj3hLcuC9GGfPXZ1WqxWK3zvdvIK_MqjYqh2MXi9t8pQo1ti9mvp3WQMyTb1gKPTnj3hLeCevmTYs-vBxfa3ksb_gQ4rRccFa3cJIt1v4yqRLssW9mvp3WQMyTb1gKPTnj3hLgai5ZbuE04drlCmpVIHMlVMYz6oUEtgIyKM7_TP_8OS9mvp3WQMyTb1gKPTnj3hLgts7zrT2CEPOnZfD0YfNm1lBzT3oEA5YbyvaVjdXX2e9mvp3WQMyTb1gKPTnj3hLiVqXhfYXyh1-1E_BoUcLcfPxIjhi2f-dzDri35IWPa-9mvp3WQMyTb1gKPTnj3hLitZIWfGVtfWNr6qUC2phZ6zWeohuj0aTZBdyIcVZRbm9mvp3WQMyTb1gKPTnj3hLi_Q0tJ4AzPcVAqLNkAhlywHsOz2gPDW-UF_fe9Vj9SG9mvp3WQMyTb1gKPTnj3hLjY6iic_nChwHq3NlyyjuUe3TPPJQbeiI-63WDr-ASBy9mvp3WQMyTb1gKPTnj3hLmZjTY8SRvha9dLoQuU2SkQAWEXNv3KZDo2ZkvA8xWkK9mvp3WQMyTb1gKPTnj3hLnkppFzFhaC5V_ej-9WDriOwf_tyvBAAfZsDK9weytzS9mvp3WQMyTb1gKPTnj3hLprUVHzZV06KvDUcnWXlr5KQgDlSVp9hpdUxISIV0CKe9mvp3WQMyTb1gKPTnj3hLp_MvUI1OsP6tmgh--U7RugrsXeb372_wpiuTvt9dRY29mvp3WQMyTb1gKPTnj3hLrWgm4ZRtJtPq82hciNl9hd47Tcs9DuKugccFYNE8VyC9mvp3WQMyTb1gKPTnj3hLruuuMVEnEnPtlaouZxE57TGphWcwOjMimPg3CanVWqG9mvp3WQMyTb1gKPTnj3hLr-IDCvt9LNoT-fozOgLjT2dRr-wRsBDbzUQf30xAArO9mvp3WQMyTb1gKPTnj3hLtU8e5jZjH61oBY07CTcDGsG5DMsXBio5HMpor9vkDVW9mvp3WQMyTb1gKPTnj3hLuPB42YOiSsQzIWOTiDUUzZMsM68Y591wiEyCNfQnVza9mvp3WQMyTb1gKPTnj3hLuXoIiQWcA1_x1UtttTsRuXZmaNn5VSR8AosoN9egTNm9mvp3WQMyTb1gKPTnj3hLvIemaOgZZkictQjugFGDwZ5qzSTPF3mcoGLS44TaDqe9mvp3WQMyTb1gKPTnj3hLxAm9rEd1rdjbkqoitbcY-4yUoUYsH-mkFrldijOIwvy9mvp3WQMyTb1gKPTnj3hLxhfBqLHuKoEcKLWoG0yD18mLWwwnKB1hAgfr5pLCln-9mvp3WQMyTb1gKPTnj3hLyQ8zZhe45_mDl1QTyZfxC3PrJn_YoQy5472_xmer24u9mvp3WQMyTb1gKPTnj3hLy2uFi0DToJh2WBW1ksFRSklgT6_WCBnaiNenbpd4_ve9mvp3WQMyTb1gKPTnj3hLzjv6vlnWfOisjf1KFvfEPvnCJFE_vGVZV9c1-in1QM69mvp3WQMyTb1gKPTnj3hL2MvrlzX1Zys2fk-WzcdJaWFdFwdK6WxyTULOAhb48_q9mvp3WQMyTb1gKPTnj3hL6Swi6ztWQtZcHsLK8kfSWUc47rt_s4QaRJVvWeKw0fq9mvp3WQMyTb1gKPTnj3hL_d1uPSnqhMd0Pa1KG9vHALX-wbOR-TJAkIasxx3W29i9mvp3WQMyTb1gKPTnj3hL_mOoT3gsydP88sz5_BH70Ddgh4dY0mKF7RJmm9xubQG9mvp3WQMyTb1gKPTnj3hL_s-yMtEumUttSF0scWdyiqVSWYStXKYedRYiHweaFDa9mvp3WQMyTb1gKPTnj3hLyhcdYUqNfhIck5SM0P5V05mB-dEaqW4DRQpBUifCxlu9mvp3WQMyTb1gKPTnj3hLVbmbDeU9vP5IWqnHN88_thbvPZH6tZmqfKsZ7adjtbq9mvp3WQMyTb1gKPTnj3hLd90ZD6MNiP9eOwEaCuYeYgl4DBMLU17Lh-bwiIoLay-9mvp3WQMyTb1gKPTnj3hLyDyxOSKtmfVgdEZ13TfMlNytWh_Lpkcv7jQRcdk56IS9mvp3WQMyTb1gKPTnj3hLOwKHUz4Mw9DsGqgjy_CpQarYchV50cSZgC3Rw6Y2uKm9mvp3WQMyTb1gKPTnj3hLk5ru9PX6UeIzQMPy5JBIzohyUmr991LDp_Oj8ryfYEm9mvp3WQMyTb1gKPTnj3hLZFdb2RJ4mi4UrVb2NB9Sr2v4DPlEAHhZdenwTi1k10W9mvp3WQMyTb1gKPTnj3hLRcfIrnUKz7tI_DdSfWQS3WRNrtiRPM2KJMlNhWln344=
2024-08-12 22:39:06,775 INFO     ___FILE_ONLY___ 

2024-08-12 22:39:06,775 INFO     ___FILE_ONLY___       
2024-08-12 22:39:06,775 INFO     ___FILE_ONLY___ fileType
2024-08-12 22:39:06,775 INFO     ___FILE_ONLY___ :
2024-08-12 22:39:06,775 INFO     ___FILE_ONLY___  
2024-08-12 22:39:06,775 INFO     ___FILE_ONLY___ BIN
2024-08-12 22:39:06,776 INFO     ___FILE_ONLY___ 

2024-08-12 22:39:06,776 INFO     ___FILE_ONLY___   
2024-08-12 22:39:06,776 INFO     ___FILE_ONLY___ source
2024-08-12 22:39:06,776 INFO     ___FILE_ONLY___ :
2024-08-12 22:39:06,776 INFO     ___FILE_ONLY___  
2024-08-12 22:39:06,776 INFO     ___FILE_ONLY___ https://www.googleapis.com/compute/v1/projects/still-totality-432312-r8/zones/northamerica-northeast2-c/disks/radiant-vm
2024-08-12 22:39:06,776 INFO     ___FILE_ONLY___ 

2024-08-12 22:39:06,776 INFO     ___FILE_ONLY___   
2024-08-12 22:39:06,776 INFO     ___FILE_ONLY___ type
2024-08-12 22:39:06,776 INFO     ___FILE_ONLY___ :
2024-08-12 22:39:06,776 INFO     ___FILE_ONLY___  
2024-08-12 22:39:06,776 INFO     ___FILE_ONLY___ PERSISTENT
2024-08-12 22:39:06,776 INFO     ___FILE_ONLY___ 

2024-08-12 22:39:06,776 INFO     ___FILE_ONLY___ displayDevice
2024-08-12 22:39:06,777 INFO     ___FILE_ONLY___ :
2024-08-12 22:39:06,777 INFO     ___FILE_ONLY___ 

2024-08-12 22:39:06,777 INFO     ___FILE_ONLY___   
2024-08-12 22:39:06,777 INFO     ___FILE_ONLY___ enableDisplay
2024-08-12 22:39:06,777 INFO     ___FILE_ONLY___ :
2024-08-12 22:39:06,777 INFO     ___FILE_ONLY___  
2024-08-12 22:39:06,777 INFO     ___FILE_ONLY___ false
2024-08-12 22:39:06,777 INFO     ___FILE_ONLY___ 

2024-08-12 22:39:06,777 INFO     ___FILE_ONLY___ fingerprint
2024-08-12 22:39:06,777 INFO     ___FILE_ONLY___ :
2024-08-12 22:39:06,777 INFO     ___FILE_ONLY___  
2024-08-12 22:39:06,777 INFO     ___FILE_ONLY___ L9RwidC0n0k=
2024-08-12 22:39:06,777 INFO     ___FILE_ONLY___ 

2024-08-12 22:39:06,777 INFO     ___FILE_ONLY___ id
2024-08-12 22:39:06,778 INFO     ___FILE_ONLY___ :
2024-08-12 22:39:06,778 INFO     ___FILE_ONLY___  '
2024-08-12 22:39:06,778 INFO     ___FILE_ONLY___ 960420274624770195
2024-08-12 22:39:06,778 INFO     ___FILE_ONLY___ '
2024-08-12 22:39:06,778 INFO     ___FILE_ONLY___ 

2024-08-12 22:39:06,778 INFO     ___FILE_ONLY___ keyRevocationActionType
2024-08-12 22:39:06,778 INFO     ___FILE_ONLY___ :
2024-08-12 22:39:06,778 INFO     ___FILE_ONLY___  
2024-08-12 22:39:06,778 INFO     ___FILE_ONLY___ NONE
2024-08-12 22:39:06,778 INFO     ___FILE_ONLY___ 

2024-08-12 22:39:06,778 INFO     ___FILE_ONLY___ kind
2024-08-12 22:39:06,778 INFO     ___FILE_ONLY___ :
2024-08-12 22:39:06,778 INFO     ___FILE_ONLY___  
2024-08-12 22:39:06,778 INFO     ___FILE_ONLY___ compute#instance
2024-08-12 22:39:06,778 INFO     ___FILE_ONLY___ 

2024-08-12 22:39:06,779 INFO     ___FILE_ONLY___ labelFingerprint
2024-08-12 22:39:06,779 INFO     ___FILE_ONLY___ :
2024-08-12 22:39:06,779 INFO     ___FILE_ONLY___  
2024-08-12 22:39:06,779 INFO     ___FILE_ONLY___ 42WmSpB8rSM=
2024-08-12 22:39:06,779 INFO     ___FILE_ONLY___ 

2024-08-12 22:39:06,779 INFO     ___FILE_ONLY___ lastStartTimestamp
2024-08-12 22:39:06,779 INFO     ___FILE_ONLY___ :
2024-08-12 22:39:06,779 INFO     ___FILE_ONLY___  '
2024-08-12 22:39:06,779 INFO     ___FILE_ONLY___ 2024-08-12T12:57:00.636-07:00
2024-08-12 22:39:06,779 INFO     ___FILE_ONLY___ '
2024-08-12 22:39:06,779 INFO     ___FILE_ONLY___ 

2024-08-12 22:39:06,779 INFO     ___FILE_ONLY___ lastStopTimestamp
2024-08-12 22:39:06,779 INFO     ___FILE_ONLY___ :
2024-08-12 22:39:06,779 INFO     ___FILE_ONLY___  '
2024-08-12 22:39:06,780 INFO     ___FILE_ONLY___ 2024-08-12T12:53:25.528-07:00
2024-08-12 22:39:06,780 INFO     ___FILE_ONLY___ '
2024-08-12 22:39:06,780 INFO     ___FILE_ONLY___ 

2024-08-12 22:39:06,780 INFO     ___FILE_ONLY___ machineType
2024-08-12 22:39:06,780 INFO     ___FILE_ONLY___ :
2024-08-12 22:39:06,780 INFO     ___FILE_ONLY___  
2024-08-12 22:39:06,780 INFO     ___FILE_ONLY___ https://www.googleapis.com/compute/v1/projects/still-totality-432312-r8/zones/northamerica-northeast2-c/machineTypes/e2-small
2024-08-12 22:39:06,780 INFO     ___FILE_ONLY___ 

2024-08-12 22:39:06,780 INFO     ___FILE_ONLY___ metadata
2024-08-12 22:39:06,780 INFO     ___FILE_ONLY___ :
2024-08-12 22:39:06,780 INFO     ___FILE_ONLY___ 

2024-08-12 22:39:06,780 INFO     ___FILE_ONLY___   
2024-08-12 22:39:06,780 INFO     ___FILE_ONLY___ fingerprint
2024-08-12 22:39:06,781 INFO     ___FILE_ONLY___ :
2024-08-12 22:39:06,781 INFO     ___FILE_ONLY___  
2024-08-12 22:39:06,781 INFO     ___FILE_ONLY___ cxtVI7t35dA=
2024-08-12 22:39:06,781 INFO     ___FILE_ONLY___ 

2024-08-12 22:39:06,781 INFO     ___FILE_ONLY___   
2024-08-12 22:39:06,781 INFO     ___FILE_ONLY___ items
2024-08-12 22:39:06,781 INFO     ___FILE_ONLY___ :
2024-08-12 22:39:06,781 INFO     ___FILE_ONLY___ 

2024-08-12 22:39:06,781 INFO     ___FILE_ONLY___   
2024-08-12 22:39:06,781 INFO     ___FILE_ONLY___ -
2024-08-12 22:39:06,781 INFO     ___FILE_ONLY___  
2024-08-12 22:39:06,781 INFO     ___FILE_ONLY___ key
2024-08-12 22:39:06,781 INFO     ___FILE_ONLY___ :
2024-08-12 22:39:06,781 INFO     ___FILE_ONLY___  
2024-08-12 22:39:06,781 INFO     ___FILE_ONLY___ ssh-keys
2024-08-12 22:39:06,781 INFO     ___FILE_ONLY___ 

2024-08-12 22:39:06,782 INFO     ___FILE_ONLY___     
2024-08-12 22:39:06,782 INFO     ___FILE_ONLY___ value
2024-08-12 22:39:06,782 INFO     ___FILE_ONLY___ :
2024-08-12 22:39:06,782 INFO     ___FILE_ONLY___  |-
2024-08-12 22:39:06,782 INFO     ___FILE_ONLY___ 

2024-08-12 22:39:06,782 INFO     ___FILE_ONLY___       
2024-08-12 22:39:06,783 INFO     ___FILE_ONLY___ affiliatework2016:ecdsa-sha2-nistp256 AAAAE2VjZHNhLXNoYTItbmlzdHAyNTYAAAAIbmlzdHAyNTYAAABBBEktlBNo0fqMigIHzCrWqTj9QuG1n1w2K0ykspAPa2MXkEBAZzuNNN8xPLdY2xSpzTqHRGEG2S73RPHl8BIIAVc= google-ssh {"userName":"affiliatework2016@gmail.com","expireOn":"2024-08-12T22:15:39+0000"}
2024-08-12 22:39:06,783 INFO     ___FILE_ONLY___ 

2024-08-12 22:39:06,783 INFO     ___FILE_ONLY___       
2024-08-12 22:39:06,783 INFO     ___FILE_ONLY___ affiliatework2016:ssh-rsa AAAAB3NzaC1yc2EAAAADAQABAAABAErlPsmmu6uS9FZGELR9uSf4XnZY1sVvELrOs1YLPwJFeMWwX93wrVOfly7nputfRaBgjWzJSHLHzZQFZZtnhHJYL0r0oL4iuM95VCHG+1ZdB2sJiQxAX3a03HS/VJ7BehRNXEIcjypHfkp4oDT0ubHi8yrdcRB/txdLBn07GKqxw+95+E6BduhfwG9NeoZ77tBsztS+wvLTHCnt6CJjGxtrQrqgevteEiokGGRuI9I0uKfFD45tO+aqYauC5tnSbGyERn8+HJXyNrbfnwfgvxwCHAdlcmB5de0ZSm0Yu25UaqG+jv5HEVRLawZqt+FknlEFFCgFrYVNnl+Z0Jie4ic= google-ssh {"userName":"affiliatework2016@gmail.com","expireOn":"2024-08-12T22:15:43+0000"}
2024-08-12 22:39:06,783 INFO     ___FILE_ONLY___ 

2024-08-12 22:39:06,783 INFO     ___FILE_ONLY___       
2024-08-12 22:39:06,783 INFO     ___FILE_ONLY___ affiliatework2016:ecdsa-sha2-nistp256 AAAAE2VjZHNhLXNoYTItbmlzdHAyNTYAAAAIbmlzdHAyNTYAAABBBI3cKNX7OiMjDY2VKkUczHV9091oj2X8p7o4avJzVTnoFwDhb1mHAutCRmIUz3VWOjO+P7tNUBQDWznvG2YWh3A= google-ssh {"userName":"affiliatework2016@gmail.com","expireOn":"2024-08-12T22:18:25+0000"}
2024-08-12 22:39:06,783 INFO     ___FILE_ONLY___ 

2024-08-12 22:39:06,783 INFO     ___FILE_ONLY___       
2024-08-12 22:39:06,784 INFO     ___FILE_ONLY___ affiliatework2016:ssh-rsa AAAAB3NzaC1yc2EAAAADAQABAAABAQCI1AZROpFTJey3iul3lBFa9IQkT9TSOUgTQG3NOtwd3SIVuxGbXNzpWzZ8ym6sFYtzUxjRiRa2nxXbOxfjlwtHd728WvuxkvkZYsriV1poVCRS+xjqQGQhVodXsY+l9kRu+BagpvDxkHNMriD26+5rZOO27Q9DqM7sQvjxZc/sNqVU/E+Sd+rpeJBNuPEgPjW32C9OpLaDyTOkXpHecrcss8BSvj5OWAIbUH6JOX9Cm5kplM3ve9ukw/PaTCMIHz+uXmr3x6Fj9hZgwoqGD6Yd8ki94fgLsev64DNpsMgrP/YcW1yn/QtNkyB8d/3nx9DJ6KJCJmu+h6T37ZrwsQLv google-ssh {"userName":"affiliatework2016@gmail.com","expireOn":"2024-08-12T22:18:28+0000"}
2024-08-12 22:39:06,784 INFO     ___FILE_ONLY___ 

2024-08-12 22:39:06,784 INFO     ___FILE_ONLY___   
2024-08-12 22:39:06,784 INFO     ___FILE_ONLY___ kind
2024-08-12 22:39:06,784 INFO     ___FILE_ONLY___ :
2024-08-12 22:39:06,784 INFO     ___FILE_ONLY___  
2024-08-12 22:39:06,784 INFO     ___FILE_ONLY___ compute#metadata
2024-08-12 22:39:06,784 INFO     ___FILE_ONLY___ 

2024-08-12 22:39:06,784 INFO     ___FILE_ONLY___ name
2024-08-12 22:39:06,784 INFO     ___FILE_ONLY___ :
2024-08-12 22:39:06,784 INFO     ___FILE_ONLY___  
2024-08-12 22:39:06,784 INFO     ___FILE_ONLY___ radiant-vm
2024-08-12 22:39:06,784 INFO     ___FILE_ONLY___ 

2024-08-12 22:39:06,784 INFO     ___FILE_ONLY___ networkInterfaces
2024-08-12 22:39:06,785 INFO     ___FILE_ONLY___ :
2024-08-12 22:39:06,785 INFO     ___FILE_ONLY___ 

2024-08-12 22:39:06,785 INFO     ___FILE_ONLY___ -
2024-08-12 22:39:06,785 INFO     ___FILE_ONLY___  
2024-08-12 22:39:06,785 INFO     ___FILE_ONLY___ accessConfigs
2024-08-12 22:39:06,785 INFO     ___FILE_ONLY___ :
2024-08-12 22:39:06,785 INFO     ___FILE_ONLY___ 

2024-08-12 22:39:06,785 INFO     ___FILE_ONLY___   
2024-08-12 22:39:06,785 INFO     ___FILE_ONLY___ -
2024-08-12 22:39:06,785 INFO     ___FILE_ONLY___  
2024-08-12 22:39:06,785 INFO     ___FILE_ONLY___ kind
2024-08-12 22:39:06,785 INFO     ___FILE_ONLY___ :
2024-08-12 22:39:06,785 INFO     ___FILE_ONLY___  
2024-08-12 22:39:06,785 INFO     ___FILE_ONLY___ compute#accessConfig
2024-08-12 22:39:06,785 INFO     ___FILE_ONLY___ 

2024-08-12 22:39:06,786 INFO     ___FILE_ONLY___     
2024-08-12 22:39:06,786 INFO     ___FILE_ONLY___ name
2024-08-12 22:39:06,786 INFO     ___FILE_ONLY___ :
2024-08-12 22:39:06,786 INFO     ___FILE_ONLY___  
2024-08-12 22:39:06,786 INFO     ___FILE_ONLY___ External
2024-08-12 22:39:06,786 INFO     ___FILE_ONLY___  
2024-08-12 22:39:06,786 INFO     ___FILE_ONLY___ NAT
2024-08-12 22:39:06,786 INFO     ___FILE_ONLY___ 

2024-08-12 22:39:06,786 INFO     ___FILE_ONLY___     
2024-08-12 22:39:06,786 INFO     ___FILE_ONLY___ natIP
2024-08-12 22:39:06,786 INFO     ___FILE_ONLY___ :
2024-08-12 22:39:06,786 INFO     ___FILE_ONLY___  
2024-08-12 22:39:06,786 INFO     ___FILE_ONLY___ 34.130.146.27
2024-08-12 22:39:06,786 INFO     ___FILE_ONLY___ 

2024-08-12 22:39:06,786 INFO     ___FILE_ONLY___     
2024-08-12 22:39:06,787 INFO     ___FILE_ONLY___ networkTier
2024-08-12 22:39:06,787 INFO     ___FILE_ONLY___ :
2024-08-12 22:39:06,787 INFO     ___FILE_ONLY___  
2024-08-12 22:39:06,787 INFO     ___FILE_ONLY___ PREMIUM
2024-08-12 22:39:06,787 INFO     ___FILE_ONLY___ 

2024-08-12 22:39:06,787 INFO     ___FILE_ONLY___     
2024-08-12 22:39:06,787 INFO     ___FILE_ONLY___ type
2024-08-12 22:39:06,787 INFO     ___FILE_ONLY___ :
2024-08-12 22:39:06,787 INFO     ___FILE_ONLY___  
2024-08-12 22:39:06,787 INFO     ___FILE_ONLY___ ONE_TO_ONE_NAT
2024-08-12 22:39:06,787 INFO     ___FILE_ONLY___ 

2024-08-12 22:39:06,787 INFO     ___FILE_ONLY___   
2024-08-12 22:39:06,787 INFO     ___FILE_ONLY___ fingerprint
2024-08-12 22:39:06,787 INFO     ___FILE_ONLY___ :
2024-08-12 22:39:06,788 INFO     ___FILE_ONLY___  
2024-08-12 22:39:06,788 INFO     ___FILE_ONLY___ uYpTsElAa1M=
2024-08-12 22:39:06,788 INFO     ___FILE_ONLY___ 

2024-08-12 22:39:06,788 INFO     ___FILE_ONLY___   
2024-08-12 22:39:06,788 INFO     ___FILE_ONLY___ kind
2024-08-12 22:39:06,788 INFO     ___FILE_ONLY___ :
2024-08-12 22:39:06,788 INFO     ___FILE_ONLY___  
2024-08-12 22:39:06,788 INFO     ___FILE_ONLY___ compute#networkInterface
2024-08-12 22:39:06,788 INFO     ___FILE_ONLY___ 

2024-08-12 22:39:06,788 INFO     ___FILE_ONLY___   
2024-08-12 22:39:06,788 INFO     ___FILE_ONLY___ name
2024-08-12 22:39:06,788 INFO     ___FILE_ONLY___ :
2024-08-12 22:39:06,788 INFO     ___FILE_ONLY___  
2024-08-12 22:39:06,788 INFO     ___FILE_ONLY___ nic0
2024-08-12 22:39:06,788 INFO     ___FILE_ONLY___ 

2024-08-12 22:39:06,788 INFO     ___FILE_ONLY___   
2024-08-12 22:39:06,789 INFO     ___FILE_ONLY___ network
2024-08-12 22:39:06,789 INFO     ___FILE_ONLY___ :
2024-08-12 22:39:06,789 INFO     ___FILE_ONLY___  
2024-08-12 22:39:06,789 INFO     ___FILE_ONLY___ https://www.googleapis.com/compute/v1/projects/still-totality-432312-r8/global/networks/default
2024-08-12 22:39:06,789 INFO     ___FILE_ONLY___ 

2024-08-12 22:39:06,789 INFO     ___FILE_ONLY___   
2024-08-12 22:39:06,789 INFO     ___FILE_ONLY___ networkIP
2024-08-12 22:39:06,789 INFO     ___FILE_ONLY___ :
2024-08-12 22:39:06,789 INFO     ___FILE_ONLY___  
2024-08-12 22:39:06,789 INFO     ___FILE_ONLY___ 10.188.0.2
2024-08-12 22:39:06,789 INFO     ___FILE_ONLY___ 

2024-08-12 22:39:06,789 INFO     ___FILE_ONLY___   
2024-08-12 22:39:06,789 INFO     ___FILE_ONLY___ stackType
2024-08-12 22:39:06,789 INFO     ___FILE_ONLY___ :
2024-08-12 22:39:06,789 INFO     ___FILE_ONLY___  
2024-08-12 22:39:06,790 INFO     ___FILE_ONLY___ IPV4_ONLY
2024-08-12 22:39:06,790 INFO     ___FILE_ONLY___ 

2024-08-12 22:39:06,790 INFO     ___FILE_ONLY___   
2024-08-12 22:39:06,790 INFO     ___FILE_ONLY___ subnetwork
2024-08-12 22:39:06,790 INFO     ___FILE_ONLY___ :
2024-08-12 22:39:06,790 INFO     ___FILE_ONLY___  
2024-08-12 22:39:06,790 INFO     ___FILE_ONLY___ https://www.googleapis.com/compute/v1/projects/still-totality-432312-r8/regions/northamerica-northeast2/subnetworks/default
2024-08-12 22:39:06,790 INFO     ___FILE_ONLY___ 

2024-08-12 22:39:06,790 INFO     ___FILE_ONLY___ reservationAffinity
2024-08-12 22:39:06,790 INFO     ___FILE_ONLY___ :
2024-08-12 22:39:06,790 INFO     ___FILE_ONLY___ 

2024-08-12 22:39:06,790 INFO     ___FILE_ONLY___   
2024-08-12 22:39:06,791 INFO     ___FILE_ONLY___ consumeReservationType
2024-08-12 22:39:06,791 INFO     ___FILE_ONLY___ :
2024-08-12 22:39:06,791 INFO     ___FILE_ONLY___  
2024-08-12 22:39:06,791 INFO     ___FILE_ONLY___ ANY_RESERVATION
2024-08-12 22:39:06,791 INFO     ___FILE_ONLY___ 

2024-08-12 22:39:06,791 INFO     ___FILE_ONLY___ satisfiesPzi
2024-08-12 22:39:06,791 INFO     ___FILE_ONLY___ :
2024-08-12 22:39:06,791 INFO     ___FILE_ONLY___  
2024-08-12 22:39:06,791 INFO     ___FILE_ONLY___ true
2024-08-12 22:39:06,791 INFO     ___FILE_ONLY___ 

2024-08-12 22:39:06,791 INFO     ___FILE_ONLY___ scheduling
2024-08-12 22:39:06,791 INFO     ___FILE_ONLY___ :
2024-08-12 22:39:06,791 INFO     ___FILE_ONLY___ 

2024-08-12 22:39:06,791 INFO     ___FILE_ONLY___   
2024-08-12 22:39:06,792 INFO     ___FILE_ONLY___ automaticRestart
2024-08-12 22:39:06,792 INFO     ___FILE_ONLY___ :
2024-08-12 22:39:06,792 INFO     ___FILE_ONLY___  
2024-08-12 22:39:06,792 INFO     ___FILE_ONLY___ true
2024-08-12 22:39:06,792 INFO     ___FILE_ONLY___ 

2024-08-12 22:39:06,792 INFO     ___FILE_ONLY___   
2024-08-12 22:39:06,792 INFO     ___FILE_ONLY___ onHostMaintenance
2024-08-12 22:39:06,792 INFO     ___FILE_ONLY___ :
2024-08-12 22:39:06,792 INFO     ___FILE_ONLY___  
2024-08-12 22:39:06,792 INFO     ___FILE_ONLY___ MIGRATE
2024-08-12 22:39:06,792 INFO     ___FILE_ONLY___ 

2024-08-12 22:39:06,792 INFO     ___FILE_ONLY___   
2024-08-12 22:39:06,792 INFO     ___FILE_ONLY___ preemptible
2024-08-12 22:39:06,792 INFO     ___FILE_ONLY___ :
2024-08-12 22:39:06,792 INFO     ___FILE_ONLY___  
2024-08-12 22:39:06,793 INFO     ___FILE_ONLY___ false
2024-08-12 22:39:06,793 INFO     ___FILE_ONLY___ 

2024-08-12 22:39:06,793 INFO     ___FILE_ONLY___   
2024-08-12 22:39:06,793 INFO     ___FILE_ONLY___ provisioningModel
2024-08-12 22:39:06,793 INFO     ___FILE_ONLY___ :
2024-08-12 22:39:06,793 INFO     ___FILE_ONLY___  
2024-08-12 22:39:06,793 INFO     ___FILE_ONLY___ STANDARD
2024-08-12 22:39:06,793 INFO     ___FILE_ONLY___ 

2024-08-12 22:39:06,793 INFO     ___FILE_ONLY___ selfLink
2024-08-12 22:39:06,793 INFO     ___FILE_ONLY___ :
2024-08-12 22:39:06,793 INFO     ___FILE_ONLY___  
2024-08-12 22:39:06,793 INFO     ___FILE_ONLY___ https://www.googleapis.com/compute/v1/projects/still-totality-432312-r8/zones/northamerica-northeast2-c/instances/radiant-vm
2024-08-12 22:39:06,793 INFO     ___FILE_ONLY___ 

2024-08-12 22:39:06,793 INFO     ___FILE_ONLY___ serviceAccounts
2024-08-12 22:39:06,794 INFO     ___FILE_ONLY___ :
2024-08-12 22:39:06,794 INFO     ___FILE_ONLY___ 

2024-08-12 22:39:06,794 INFO     ___FILE_ONLY___ -
2024-08-12 22:39:06,794 INFO     ___FILE_ONLY___  
2024-08-12 22:39:06,794 INFO     ___FILE_ONLY___ email
2024-08-12 22:39:06,794 INFO     ___FILE_ONLY___ :
2024-08-12 22:39:06,794 INFO     ___FILE_ONLY___  
2024-08-12 22:39:06,794 INFO     ___FILE_ONLY___ 120753539852-compute@developer.gserviceaccount.com
2024-08-12 22:39:06,794 INFO     ___FILE_ONLY___ 

2024-08-12 22:39:06,794 INFO     ___FILE_ONLY___   
2024-08-12 22:39:06,794 INFO     ___FILE_ONLY___ scopes
2024-08-12 22:39:06,794 INFO     ___FILE_ONLY___ :
2024-08-12 22:39:06,794 INFO     ___FILE_ONLY___ 

2024-08-12 22:39:06,794 INFO     ___FILE_ONLY___   
2024-08-12 22:39:06,795 INFO     ___FILE_ONLY___ -
2024-08-12 22:39:06,795 INFO     ___FILE_ONLY___  
2024-08-12 22:39:06,795 INFO     ___FILE_ONLY___ https://www.googleapis.com/auth/cloud-platform
2024-08-12 22:39:06,795 INFO     ___FILE_ONLY___ 

2024-08-12 22:39:06,795 INFO     ___FILE_ONLY___ shieldedInstanceConfig
2024-08-12 22:39:06,795 INFO     ___FILE_ONLY___ :
2024-08-12 22:39:06,795 INFO     ___FILE_ONLY___ 

2024-08-12 22:39:06,795 INFO     ___FILE_ONLY___   
2024-08-12 22:39:06,795 INFO     ___FILE_ONLY___ enableIntegrityMonitoring
2024-08-12 22:39:06,795 INFO     ___FILE_ONLY___ :
2024-08-12 22:39:06,795 INFO     ___FILE_ONLY___  
2024-08-12 22:39:06,795 INFO     ___FILE_ONLY___ true
2024-08-12 22:39:06,795 INFO     ___FILE_ONLY___ 

2024-08-12 22:39:06,795 INFO     ___FILE_ONLY___   
2024-08-12 22:39:06,796 INFO     ___FILE_ONLY___ enableSecureBoot
2024-08-12 22:39:06,796 INFO     ___FILE_ONLY___ :
2024-08-12 22:39:06,796 INFO     ___FILE_ONLY___  
2024-08-12 22:39:06,796 INFO     ___FILE_ONLY___ false
2024-08-12 22:39:06,796 INFO     ___FILE_ONLY___ 

2024-08-12 22:39:06,796 INFO     ___FILE_ONLY___   
2024-08-12 22:39:06,796 INFO     ___FILE_ONLY___ enableVtpm
2024-08-12 22:39:06,796 INFO     ___FILE_ONLY___ :
2024-08-12 22:39:06,796 INFO     ___FILE_ONLY___  
2024-08-12 22:39:06,796 INFO     ___FILE_ONLY___ true
2024-08-12 22:39:06,796 INFO     ___FILE_ONLY___ 

2024-08-12 22:39:06,796 INFO     ___FILE_ONLY___ shieldedInstanceIntegrityPolicy
2024-08-12 22:39:06,796 INFO     ___FILE_ONLY___ :
2024-08-12 22:39:06,796 INFO     ___FILE_ONLY___ 

2024-08-12 22:39:06,796 INFO     ___FILE_ONLY___   
2024-08-12 22:39:06,797 INFO     ___FILE_ONLY___ updateAutoLearnPolicy
2024-08-12 22:39:06,797 INFO     ___FILE_ONLY___ :
2024-08-12 22:39:06,797 INFO     ___FILE_ONLY___  
2024-08-12 22:39:06,797 INFO     ___FILE_ONLY___ true
2024-08-12 22:39:06,797 INFO     ___FILE_ONLY___ 

2024-08-12 22:39:06,797 INFO     ___FILE_ONLY___ startRestricted
2024-08-12 22:39:06,797 INFO     ___FILE_ONLY___ :
2024-08-12 22:39:06,797 INFO     ___FILE_ONLY___  
2024-08-12 22:39:06,797 INFO     ___FILE_ONLY___ false
2024-08-12 22:39:06,797 INFO     ___FILE_ONLY___ 

2024-08-12 22:39:06,797 INFO     ___FILE_ONLY___ status
2024-08-12 22:39:06,797 INFO     ___FILE_ONLY___ :
2024-08-12 22:39:06,797 INFO     ___FILE_ONLY___  
2024-08-12 22:39:06,797 INFO     ___FILE_ONLY___ RUNNING
2024-08-12 22:39:06,797 INFO     ___FILE_ONLY___ 

2024-08-12 22:39:06,797 INFO     ___FILE_ONLY___ tags
2024-08-12 22:39:06,798 INFO     ___FILE_ONLY___ :
2024-08-12 22:39:06,798 INFO     ___FILE_ONLY___ 

2024-08-12 22:39:06,798 INFO     ___FILE_ONLY___   
2024-08-12 22:39:06,798 INFO     ___FILE_ONLY___ fingerprint
2024-08-12 22:39:06,798 INFO     ___FILE_ONLY___ :
2024-08-12 22:39:06,798 INFO     ___FILE_ONLY___  
2024-08-12 22:39:06,798 INFO     ___FILE_ONLY___ 6smc4R4d39I=
2024-08-12 22:39:06,798 INFO     ___FILE_ONLY___ 

2024-08-12 22:39:06,798 INFO     ___FILE_ONLY___   
2024-08-12 22:39:06,798 INFO     ___FILE_ONLY___ items
2024-08-12 22:39:06,798 INFO     ___FILE_ONLY___ :
2024-08-12 22:39:06,798 INFO     ___FILE_ONLY___ 

2024-08-12 22:39:06,798 INFO     ___FILE_ONLY___   
2024-08-12 22:39:06,798 INFO     ___FILE_ONLY___ -
2024-08-12 22:39:06,799 INFO     ___FILE_ONLY___  
2024-08-12 22:39:06,799 INFO     ___FILE_ONLY___ http-server
2024-08-12 22:39:06,799 INFO     ___FILE_ONLY___ 

2024-08-12 22:39:06,799 INFO     ___FILE_ONLY___   
2024-08-12 22:39:06,799 INFO     ___FILE_ONLY___ -
2024-08-12 22:39:06,799 INFO     ___FILE_ONLY___  
2024-08-12 22:39:06,799 INFO     ___FILE_ONLY___ https-server
2024-08-12 22:39:06,799 INFO     ___FILE_ONLY___ 

2024-08-12 22:39:06,799 INFO     ___FILE_ONLY___ zone
2024-08-12 22:39:06,799 INFO     ___FILE_ONLY___ :
2024-08-12 22:39:06,799 INFO     ___FILE_ONLY___  
2024-08-12 22:39:06,799 INFO     ___FILE_ONLY___ https://www.googleapis.com/compute/v1/projects/still-totality-432312-r8/zones/northamerica-northeast2-c
2024-08-12 22:39:06,799 INFO     ___FILE_ONLY___ 

2024-08-12 22:39:06,800 DEBUG    root            SDK update checks are disabled.
