2024-08-12 22:44:34,029 DEBUG    root            Loaded Command Group: ['gcloud', 'compute']
2024-08-12 22:44:34,032 DEBUG    root            Loaded Command Group: ['gcloud', 'compute', 'instances']
2024-08-12 22:44:34,041 DEBUG    root            Loaded Command Group: ['gcloud', 'compute', 'instances', 'list']
2024-08-12 22:44:34,044 DEBUG    root            Running [gcloud.compute.instances.list] with arguments: [--project: "still-totality-432312-r8"]
2024-08-12 22:44:34,206 DEBUG    root            Chosen display Format:    table(
      name,
      zone.basename(),
      machineType.machine_type().basename(),
      scheduling.preemptible.yesno(yes=true, no=''),
      networkInterfaces[].networkIP.notnull().list():label=INTERNAL_IP,
      networkInterfaces[].accessConfigs[0].natIP.notnull().list()      :label=EXTERNAL_IP,
      status
    )
2024-08-12 22:44:34,207 INFO     root            Display format: "    table(
      name,
      zone.basename(),
      machineType.machine_type().basename(),
      scheduling.preemptible.yesno(yes=true, no=''),
      networkInterfaces[].networkIP.notnull().list():label=INTERNAL_IP,
      networkInterfaces[].accessConfigs[0].natIP.notnull().list()      :label=EXTERNAL_IP,
      status
    )"
2024-08-12 22:44:34,210 DEBUG    urllib3.connectionpool Starting new HTTPS connection (1): compute.googleapis.com:443
2024-08-12 22:44:34,512 DEBUG    urllib3.connectionpool https://compute.googleapis.com:443 "GET /compute/v1/projects/still-totality-432312-r8/aggregated/instances?alt=json&includeAllScopes=True&maxResults=500&returnPartialSuccess=True HTTP/1.1" 200 None
2024-08-12 22:44:34,544 INFO     root            cache collection=compute.instances api_version=v1 params=['project', 'zone', 'instance']
2024-08-12 22:44:34,589 INFO     ___FILE_ONLY___ NAME
2024-08-12 22:44:34,589 INFO     ___FILE_ONLY___         
2024-08-12 22:44:34,589 INFO     ___FILE_ONLY___ ZONE
2024-08-12 22:44:34,589 INFO     ___FILE_ONLY___                        
2024-08-12 22:44:34,589 INFO     ___FILE_ONLY___ MACHINE_TYPE
2024-08-12 22:44:34,589 INFO     ___FILE_ONLY___   
2024-08-12 22:44:34,589 INFO     ___FILE_ONLY___ PREEMPTIBLE
2024-08-12 22:44:34,589 INFO     ___FILE_ONLY___   
2024-08-12 22:44:34,589 INFO     ___FILE_ONLY___ INTERNAL_IP
2024-08-12 22:44:34,589 INFO     ___FILE_ONLY___   
2024-08-12 22:44:34,589 INFO     ___FILE_ONLY___ EXTERNAL_IP
2024-08-12 22:44:34,589 INFO     ___FILE_ONLY___     
2024-08-12 22:44:34,590 INFO     ___FILE_ONLY___ STATUS
2024-08-12 22:44:34,590 INFO     ___FILE_ONLY___ 

2024-08-12 22:44:34,590 INFO     ___FILE_ONLY___ radiant-vm
2024-08-12 22:44:34,590 INFO     ___FILE_ONLY___   
2024-08-12 22:44:34,590 INFO     ___FILE_ONLY___ northamerica-northeast2-c
2024-08-12 22:44:34,590 INFO     ___FILE_ONLY___   
2024-08-12 22:44:34,590 INFO     ___FILE_ONLY___ e2-small
2024-08-12 22:44:34,590 INFO     ___FILE_ONLY___                    
2024-08-12 22:44:34,590 INFO     ___FILE_ONLY___ 10.188.0.2
2024-08-12 22:44:34,590 INFO     ___FILE_ONLY___    
2024-08-12 22:44:34,590 INFO     ___FILE_ONLY___ 34.130.146.27
2024-08-12 22:44:34,590 INFO     ___FILE_ONLY___   
2024-08-12 22:44:34,590 INFO     ___FILE_ONLY___ RUNNING
2024-08-12 22:44:34,590 INFO     ___FILE_ONLY___ 

2024-08-12 22:44:34,591 DEBUG    root            SDK update checks are disabled.
